[ 2017-04-12T02:52:33+08:00 ] 116.62.176.205 /
INFO: [ app_init ] --START--
INFO: Run Behavior\BuildLiteBehavior [ RunTime:0.000010s ]
INFO: [ app_init ] --END-- [ RunTime:0.000225s ]
INFO: [ app_begin ] --START--
INFO: Run Behavior\ReadHtmlCacheBehavior [ RunTime:0.000327s ]
SQL: SHOW COLUMNS FROM `wx_config` [ RunTime:0.0005s ]
SQL: SELECT * FROM `wx_config` WHERE `id` = 1 LIMIT 1   [ RunTime:0.0002s ]
INFO: Run Common\Behaviors\AppBeginBehavior [ RunTime:0.359936s ]
INFO: [ app_begin ] --END-- [ RunTime:0.360379s ]
NOTIC: [2] session_start(): open(/var/lib/php/session/sess_ntjo5ggbdp2ejqtecmkugueqs7, O_RDWR) failed: Permission denied (13) /var/www/wechat/ThinkPHP/Common/functions.php 第 1263 行.
NOTIC: [8] Undefined index: mo /var/www/wechat/Application/Module/Controller/EntryController.class.php 第 14 行.
NOTIC: [8] Undefined index: t /var/www/wechat/Application/Module/Controller/EntryController.class.php 第 15 行.
NOTIC: [8] Undefined variable: class /var/www/wechat/Application/Module/Controller/EntryController.class.php 第 24 行.

[ 2017-04-12T05:54:20+08:00 ] 91.106.49.201 /
INFO: [ app_init ] --START--
INFO: Run Behavior\BuildLiteBehavior [ RunTime:0.000010s ]
INFO: [ app_init ] --END-- [ RunTime:0.000230s ]
INFO: [ app_begin ] --START--
INFO: Run Behavior\ReadHtmlCacheBehavior [ RunTime:0.000335s ]
SQL: SHOW COLUMNS FROM `wx_config` [ RunTime:0.0006s ]
SQL: SELECT * FROM `wx_config` WHERE `id` = 1 LIMIT 1   [ RunTime:0.0002s ]
INFO: Run Common\Behaviors\AppBeginBehavior [ RunTime:0.339296s ]
INFO: [ app_begin ] --END-- [ RunTime:0.339709s ]
NOTIC: [2] session_start(): open(/var/lib/php/session/sess_31u524lbhvp1cpjsd5add6sca3, O_RDWR) failed: Permission denied (13) /var/www/wechat/ThinkPHP/Common/functions.php 第 1263 行.
NOTIC: [8] Undefined index: mo /var/www/wechat/Application/Module/Controller/EntryController.class.php 第 14 行.
NOTIC: [8] Undefined index: t /var/www/wechat/Application/Module/Controller/EntryController.class.php 第 15 行.
NOTIC: [8] Undefined variable: class /var/www/wechat/Application/Module/Controller/EntryController.class.php 第 24 行.

[ 2017-04-12T07:42:25+08:00 ] 140.205.205.2 /
INFO: [ app_init ] --START--
INFO: Run Behavior\BuildLiteBehavior [ RunTime:0.000010s ]
INFO: [ app_init ] --END-- [ RunTime:0.000231s ]
INFO: [ app_begin ] --START--
INFO: Run Behavior\ReadHtmlCacheBehavior [ RunTime:0.000288s ]
SQL: SHOW COLUMNS FROM `wx_config` [ RunTime:0.0005s ]
SQL: SELECT * FROM `wx_config` WHERE `id` = 1 LIMIT 1   [ RunTime:0.0002s ]
INFO: Run Common\Behaviors\AppBeginBehavior [ RunTime:0.007419s ]
INFO: [ app_begin ] --END-- [ RunTime:0.007766s ]
NOTIC: [2] session_start(): open(/var/lib/php/session/sess_jfcr9ctp2r9fnmg4e1fcvvt287, O_RDWR) failed: Permission denied (13) /var/www/wechat/ThinkPHP/Common/functions.php 第 1263 行.
NOTIC: [8] Undefined index: mo /var/www/wechat/Application/Module/Controller/EntryController.class.php 第 14 行.
NOTIC: [8] Undefined index: t /var/www/wechat/Application/Module/Controller/EntryController.class.php 第 15 行.
NOTIC: [8] Undefined variable: class /var/www/wechat/Application/Module/Controller/EntryController.class.php 第 24 行.

[ 2017-04-12T08:56:46+08:00 ] 180.167.76.235 /
INFO: [ app_init ] --START--
INFO: Run Behavior\BuildLiteBehavior [ RunTime:0.000011s ]
INFO: [ app_init ] --END-- [ RunTime:0.000234s ]
INFO: [ app_begin ] --START--
INFO: Run Behavior\ReadHtmlCacheBehavior [ RunTime:0.000319s ]
SQL: SHOW COLUMNS FROM `wx_config` [ RunTime:0.0006s ]
SQL: SELECT * FROM `wx_config` WHERE `id` = 1 LIMIT 1   [ RunTime:0.0002s ]
INFO: Run Common\Behaviors\AppBeginBehavior [ RunTime:0.346925s ]
INFO: [ app_begin ] --END-- [ RunTime:0.347340s ]
NOTIC: [2] session_start(): open(/var/lib/php/session/sess_r6cp4771tu4vf4h4b1sc9ui6c1, O_RDWR) failed: Permission denied (13) /var/www/wechat/ThinkPHP/Common/functions.php 第 1263 行.
NOTIC: [8] Undefined index: mo /var/www/wechat/Application/Module/Controller/EntryController.class.php 第 14 行.
NOTIC: [8] Undefined index: t /var/www/wechat/Application/Module/Controller/EntryController.class.php 第 15 行.
NOTIC: [8] Undefined variable: class /var/www/wechat/Application/Module/Controller/EntryController.class.php 第 24 行.

[ 2017-04-12T09:41:34+08:00 ] 123.56.233.103 /
INFO: [ app_init ] --START--
INFO: Run Behavior\BuildLiteBehavior [ RunTime:0.000010s ]
INFO: [ app_init ] --END-- [ RunTime:0.000274s ]
INFO: [ app_begin ] --START--
INFO: Run Behavior\ReadHtmlCacheBehavior [ RunTime:0.000352s ]
SQL: SHOW COLUMNS FROM `wx_config` [ RunTime:0.0005s ]
SQL: SELECT * FROM `wx_config` WHERE `id` = 1 LIMIT 1   [ RunTime:0.0002s ]
INFO: Run Common\Behaviors\AppBeginBehavior [ RunTime:0.007807s ]
INFO: [ app_begin ] --END-- [ RunTime:0.008219s ]
NOTIC: [2] session_start(): open(/var/lib/php/session/sess_r0infg3lgp9rdh54ni3n82o333, O_RDWR) failed: Permission denied (13) /var/www/wechat/ThinkPHP/Common/functions.php 第 1263 行.
NOTIC: [8] Undefined index: mo /var/www/wechat/Application/Module/Controller/EntryController.class.php 第 14 行.
NOTIC: [8] Undefined index: t /var/www/wechat/Application/Module/Controller/EntryController.class.php 第 15 行.
NOTIC: [8] Undefined variable: class /var/www/wechat/Application/Module/Controller/EntryController.class.php 第 24 行.

[ 2017-04-12T10:42:13+08:00 ] 118.178.228.154 /
INFO: [ app_init ] --START--
INFO: Run Behavior\BuildLiteBehavior [ RunTime:0.000010s ]
INFO: [ app_init ] --END-- [ RunTime:0.000251s ]
INFO: [ app_begin ] --START--
INFO: Run Behavior\ReadHtmlCacheBehavior [ RunTime:0.000284s ]
SQL: SHOW COLUMNS FROM `wx_config` [ RunTime:0.0005s ]
SQL: SELECT * FROM `wx_config` WHERE `id` = 1 LIMIT 1   [ RunTime:0.0002s ]
INFO: Run Common\Behaviors\AppBeginBehavior [ RunTime:0.007679s ]
INFO: [ app_begin ] --END-- [ RunTime:0.008024s ]
NOTIC: [2] session_start(): open(/var/lib/php/session/sess_bctufuk8p7ff7id9mkt0vqu2d3, O_RDWR) failed: Permission denied (13) /var/www/wechat/ThinkPHP/Common/functions.php 第 1263 行.
NOTIC: [8] Undefined index: mo /var/www/wechat/Application/Module/Controller/EntryController.class.php 第 14 行.
NOTIC: [8] Undefined index: t /var/www/wechat/Application/Module/Controller/EntryController.class.php 第 15 行.
NOTIC: [8] Undefined variable: class /var/www/wechat/Application/Module/Controller/EntryController.class.php 第 24 行.

[ 2017-04-12T12:02:14+08:00 ] 120.55.188.36 /
INFO: [ app_init ] --START--
INFO: Run Behavior\BuildLiteBehavior [ RunTime:0.000010s ]
INFO: [ app_init ] --END-- [ RunTime:0.000225s ]
INFO: [ app_begin ] --START--
INFO: Run Behavior\ReadHtmlCacheBehavior [ RunTime:0.000286s ]
SQL: SHOW COLUMNS FROM `wx_config` [ RunTime:0.0005s ]
SQL: SELECT * FROM `wx_config` WHERE `id` = 1 LIMIT 1   [ RunTime:0.0002s ]
INFO: Run Common\Behaviors\AppBeginBehavior [ RunTime:1.411415s ]
INFO: [ app_begin ] --END-- [ RunTime:1.411792s ]
NOTIC: [2] session_start(): open(/var/lib/php/session/sess_bgvv0ub8rhrqhisgocl7fbuod3, O_RDWR) failed: Permission denied (13) /var/www/wechat/ThinkPHP/Common/functions.php 第 1263 行.
NOTIC: [8] Undefined index: mo /var/www/wechat/Application/Module/Controller/EntryController.class.php 第 14 行.
NOTIC: [8] Undefined index: t /var/www/wechat/Application/Module/Controller/EntryController.class.php 第 15 行.
NOTIC: [8] Undefined variable: class /var/www/wechat/Application/Module/Controller/EntryController.class.php 第 24 行.

[ 2017-04-12T13:08:36+08:00 ] 140.205.205.2 /
INFO: [ app_init ] --START--
INFO: Run Behavior\BuildLiteBehavior [ RunTime:0.000011s ]
INFO: [ app_init ] --END-- [ RunTime:0.000234s ]
INFO: [ app_begin ] --START--
INFO: Run Behavior\ReadHtmlCacheBehavior [ RunTime:0.000314s ]
SQL: SHOW COLUMNS FROM `wx_config` [ RunTime:0.0005s ]
SQL: SELECT * FROM `wx_config` WHERE `id` = 1 LIMIT 1   [ RunTime:0.0002s ]
INFO: Run Common\Behaviors\AppBeginBehavior [ RunTime:0.007426s ]
INFO: [ app_begin ] --END-- [ RunTime:0.007807s ]
NOTIC: [2] session_start(): open(/var/lib/php/session/sess_0be8ubjh2bmekf2alsmc2j1040, O_RDWR) failed: Permission denied (13) /var/www/wechat/ThinkPHP/Common/functions.php 第 1263 行.
NOTIC: [8] Undefined index: mo /var/www/wechat/Application/Module/Controller/EntryController.class.php 第 14 行.
NOTIC: [8] Undefined index: t /var/www/wechat/Application/Module/Controller/EntryController.class.php 第 15 行.
NOTIC: [8] Undefined variable: class /var/www/wechat/Application/Module/Controller/EntryController.class.php 第 24 行.

[ 2017-04-12T16:43:37+08:00 ] 119.23.127.40 /
INFO: [ app_init ] --START--
INFO: Run Behavior\BuildLiteBehavior [ RunTime:0.000010s ]
INFO: [ app_init ] --END-- [ RunTime:0.000258s ]
INFO: [ app_begin ] --START--
INFO: Run Behavior\ReadHtmlCacheBehavior [ RunTime:0.000296s ]
SQL: SHOW COLUMNS FROM `wx_config` [ RunTime:0.0005s ]
SQL: SELECT * FROM `wx_config` WHERE `id` = 1 LIMIT 1   [ RunTime:0.0002s ]
INFO: Run Common\Behaviors\AppBeginBehavior [ RunTime:0.351134s ]
INFO: [ app_begin ] --END-- [ RunTime:0.351515s ]
NOTIC: [2] session_start(): open(/var/lib/php/session/sess_t6fcrchd64t441hu23brurimr0, O_RDWR) failed: Permission denied (13) /var/www/wechat/ThinkPHP/Common/functions.php 第 1263 行.
NOTIC: [8] Undefined index: mo /var/www/wechat/Application/Module/Controller/EntryController.class.php 第 14 行.
NOTIC: [8] Undefined index: t /var/www/wechat/Application/Module/Controller/EntryController.class.php 第 15 行.
NOTIC: [8] Undefined variable: class /var/www/wechat/Application/Module/Controller/EntryController.class.php 第 24 行.

[ 2017-04-12T17:33:22+08:00 ] 61.135.169.43 /
INFO: [ app_init ] --START--
INFO: Run Behavior\BuildLiteBehavior [ RunTime:0.000011s ]
INFO: [ app_init ] --END-- [ RunTime:0.000256s ]
INFO: [ app_begin ] --START--
INFO: Run Behavior\ReadHtmlCacheBehavior [ RunTime:0.000282s ]
SQL: SHOW COLUMNS FROM `wx_config` [ RunTime:0.0006s ]
SQL: SELECT * FROM `wx_config` WHERE `id` = 1 LIMIT 1   [ RunTime:0.0002s ]
INFO: Run Common\Behaviors\AppBeginBehavior [ RunTime:0.007900s ]
INFO: [ app_begin ] --END-- [ RunTime:0.008247s ]
NOTIC: [2] session_start(): open(/var/lib/php/session/sess_m2jmno52ppo8guqoofvbslrda4, O_RDWR) failed: Permission denied (13) /var/www/wechat/ThinkPHP/Common/functions.php 第 1263 行.
NOTIC: [8] Undefined index: mo /var/www/wechat/Application/Module/Controller/EntryController.class.php 第 14 行.
NOTIC: [8] Undefined index: t /var/www/wechat/Application/Module/Controller/EntryController.class.php 第 15 行.
NOTIC: [8] Undefined variable: class /var/www/wechat/Application/Module/Controller/EntryController.class.php 第 24 行.

[ 2017-04-12T18:40:57+08:00 ] 118.178.228.154 /
INFO: [ app_init ] --START--
INFO: Run Behavior\BuildLiteBehavior [ RunTime:0.000010s ]
INFO: [ app_init ] --END-- [ RunTime:0.000273s ]
INFO: [ app_begin ] --START--
INFO: Run Behavior\ReadHtmlCacheBehavior [ RunTime:0.000312s ]
SQL: SHOW COLUMNS FROM `wx_config` [ RunTime:0.0005s ]
SQL: SELECT * FROM `wx_config` WHERE `id` = 1 LIMIT 1   [ RunTime:0.0002s ]
INFO: Run Common\Behaviors\AppBeginBehavior [ RunTime:0.333728s ]
INFO: [ app_begin ] --END-- [ RunTime:0.334127s ]
NOTIC: [2] session_start(): open(/var/lib/php/session/sess_e6ufk9tb2e279tb8r4u3lbhb30, O_RDWR) failed: Permission denied (13) /var/www/wechat/ThinkPHP/Common/functions.php 第 1263 行.
NOTIC: [8] Undefined index: mo /var/www/wechat/Application/Module/Controller/EntryController.class.php 第 14 行.
NOTIC: [8] Undefined index: t /var/www/wechat/Application/Module/Controller/EntryController.class.php 第 15 行.
NOTIC: [8] Undefined variable: class /var/www/wechat/Application/Module/Controller/EntryController.class.php 第 24 行.

[ 2017-04-12T18:59:08+08:00 ] 140.205.201.41 /
INFO: [ app_init ] --START--
INFO: Run Behavior\BuildLiteBehavior [ RunTime:0.000010s ]
INFO: [ app_init ] --END-- [ RunTime:0.000235s ]
INFO: [ app_begin ] --START--
INFO: Run Behavior\ReadHtmlCacheBehavior [ RunTime:0.000325s ]
SQL: SHOW COLUMNS FROM `wx_config` [ RunTime:0.0006s ]
SQL: SELECT * FROM `wx_config` WHERE `id` = 1 LIMIT 1   [ RunTime:0.0002s ]
INFO: Run Common\Behaviors\AppBeginBehavior [ RunTime:0.008146s ]
INFO: [ app_begin ] --END-- [ RunTime:0.008548s ]
NOTIC: [2] session_start(): open(/var/lib/php/session/sess_m407qlt4r3rpgj8b3q0bugsbv6, O_RDWR) failed: Permission denied (13) /var/www/wechat/ThinkPHP/Common/functions.php 第 1263 行.
NOTIC: [8] Undefined index: mo /var/www/wechat/Application/Module/Controller/EntryController.class.php 第 14 行.
NOTIC: [8] Undefined index: t /var/www/wechat/Application/Module/Controller/EntryController.class.php 第 15 行.
NOTIC: [8] Undefined variable: class /var/www/wechat/Application/Module/Controller/EntryController.class.php 第 24 行.

[ 2017-04-12T19:06:03+08:00 ] 140.205.201.41 /
INFO: [ app_init ] --START--
INFO: Run Behavior\BuildLiteBehavior [ RunTime:0.000010s ]
INFO: [ app_init ] --END-- [ RunTime:0.000227s ]
INFO: [ app_begin ] --START--
INFO: Run Behavior\ReadHtmlCacheBehavior [ RunTime:0.000307s ]
SQL: SHOW COLUMNS FROM `wx_config` [ RunTime:0.0005s ]
SQL: SELECT * FROM `wx_config` WHERE `id` = 1 LIMIT 1   [ RunTime:0.0002s ]
INFO: Run Common\Behaviors\AppBeginBehavior [ RunTime:0.007985s ]
INFO: [ app_begin ] --END-- [ RunTime:0.008353s ]
NOTIC: [2] session_start(): open(/var/lib/php/session/sess_edmg7drtr1abq6gkj0dk7aari7, O_RDWR) failed: Permission denied (13) /var/www/wechat/ThinkPHP/Common/functions.php 第 1263 行.
NOTIC: [8] Undefined index: mo /var/www/wechat/Application/Module/Controller/EntryController.class.php 第 14 行.
NOTIC: [8] Undefined index: t /var/www/wechat/Application/Module/Controller/EntryController.class.php 第 15 行.
NOTIC: [8] Undefined variable: class /var/www/wechat/Application/Module/Controller/EntryController.class.php 第 24 行.

[ 2017-04-12T19:09:56+08:00 ] 140.205.201.41 /
INFO: [ app_init ] --START--
INFO: Run Behavior\BuildLiteBehavior [ RunTime:0.000010s ]
INFO: [ app_init ] --END-- [ RunTime:0.000281s ]
INFO: [ app_begin ] --START--
INFO: Run Behavior\ReadHtmlCacheBehavior [ RunTime:0.000405s ]
SQL: SHOW COLUMNS FROM `wx_config` [ RunTime:0.0006s ]
SQL: SELECT * FROM `wx_config` WHERE `id` = 1 LIMIT 1   [ RunTime:0.0002s ]
INFO: Run Common\Behaviors\AppBeginBehavior [ RunTime:0.011212s ]
INFO: [ app_begin ] --END-- [ RunTime:0.011686s ]
NOTIC: [2] session_start(): open(/var/lib/php/session/sess_ce4mbia0qkon4cpjrahtn39nr3, O_RDWR) failed: Permission denied (13) /var/www/wechat/ThinkPHP/Common/functions.php 第 1263 行.
NOTIC: [8] Undefined index: mo /var/www/wechat/Application/Module/Controller/EntryController.class.php 第 14 行.
NOTIC: [8] Undefined index: t /var/www/wechat/Application/Module/Controller/EntryController.class.php 第 15 行.
NOTIC: [8] Undefined variable: class /var/www/wechat/Application/Module/Controller/EntryController.class.php 第 24 行.

[ 2017-04-12T19:15:14+08:00 ] 140.205.201.41 /
INFO: [ app_init ] --START--
INFO: Run Behavior\BuildLiteBehavior [ RunTime:0.000011s ]
INFO: [ app_init ] --END-- [ RunTime:0.000232s ]
INFO: [ app_begin ] --START--
INFO: Run Behavior\ReadHtmlCacheBehavior [ RunTime:0.000301s ]
SQL: SHOW COLUMNS FROM `wx_config` [ RunTime:0.0006s ]
SQL: SELECT * FROM `wx_config` WHERE `id` = 1 LIMIT 1   [ RunTime:0.0002s ]
INFO: Run Common\Behaviors\AppBeginBehavior [ RunTime:0.008345s ]
INFO: [ app_begin ] --END-- [ RunTime:0.008724s ]
NOTIC: [2] session_start(): open(/var/lib/php/session/sess_5navgobhrvvbu261s4iits3g77, O_RDWR) failed: Permission denied (13) /var/www/wechat/ThinkPHP/Common/functions.php 第 1263 行.
NOTIC: [8] Undefined index: mo /var/www/wechat/Application/Module/Controller/EntryController.class.php 第 14 行.
NOTIC: [8] Undefined index: t /var/www/wechat/Application/Module/Controller/EntryController.class.php 第 15 行.
NOTIC: [8] Undefined variable: class /var/www/wechat/Application/Module/Controller/EntryController.class.php 第 24 行.

[ 2017-04-12T19:15:18+08:00 ] 140.205.201.41 /
INFO: [ app_init ] --START--
INFO: Run Behavior\BuildLiteBehavior [ RunTime:0.000010s ]
INFO: [ app_init ] --END-- [ RunTime:0.000261s ]
INFO: [ app_begin ] --START--
INFO: Run Behavior\ReadHtmlCacheBehavior [ RunTime:0.000286s ]
SQL: SHOW COLUMNS FROM `wx_config` [ RunTime:0.0006s ]
SQL: SELECT * FROM `wx_config` WHERE `id` = 1 LIMIT 1   [ RunTime:0.0002s ]
INFO: Run Common\Behaviors\AppBeginBehavior [ RunTime:0.007623s ]
INFO: [ app_begin ] --END-- [ RunTime:0.007977s ]
NOTIC: [2] session_start(): open(/var/lib/php/session/sess_em1s146sqqfcem9972hmli2sq2, O_RDWR) failed: Permission denied (13) /var/www/wechat/ThinkPHP/Common/functions.php 第 1263 行.
NOTIC: [8] Undefined index: mo /var/www/wechat/Application/Module/Controller/EntryController.class.php 第 14 行.
NOTIC: [8] Undefined index: t /var/www/wechat/Application/Module/Controller/EntryController.class.php 第 15 行.
NOTIC: [8] Undefined variable: class /var/www/wechat/Application/Module/Controller/EntryController.class.php 第 24 行.

[ 2017-04-12T19:15:22+08:00 ] 140.205.201.41 /index.php
INFO: [ app_init ] --START--
INFO: Run Behavior\BuildLiteBehavior [ RunTime:0.000011s ]
INFO: [ app_init ] --END-- [ RunTime:0.000246s ]
INFO: [ app_begin ] --START--
INFO: Run Behavior\ReadHtmlCacheBehavior [ RunTime:0.000312s ]
SQL: SHOW COLUMNS FROM `wx_config` [ RunTime:0.0006s ]
SQL: SELECT * FROM `wx_config` WHERE `id` = 1 LIMIT 1   [ RunTime:0.0002s ]
INFO: Run Common\Behaviors\AppBeginBehavior [ RunTime:0.008017s ]
INFO: [ app_begin ] --END-- [ RunTime:0.008395s ]
NOTIC: [2] session_start(): open(/var/lib/php/session/sess_djk4sknmdmbuprkq7g2qv439m6, O_RDWR) failed: Permission denied (13) /var/www/wechat/ThinkPHP/Common/functions.php 第 1263 行.
NOTIC: [8] Undefined index: mo /var/www/wechat/Application/Module/Controller/EntryController.class.php 第 14 行.
NOTIC: [8] Undefined index: t /var/www/wechat/Application/Module/Controller/EntryController.class.php 第 15 行.
NOTIC: [8] Undefined variable: class /var/www/wechat/Application/Module/Controller/EntryController.class.php 第 24 行.

[ 2017-04-12T19:15:31+08:00 ] 140.205.201.41 /
INFO: [ app_init ] --START--
INFO: Run Behavior\BuildLiteBehavior [ RunTime:0.000010s ]
INFO: [ app_init ] --END-- [ RunTime:0.000266s ]
INFO: [ app_begin ] --START--
INFO: Run Behavior\ReadHtmlCacheBehavior [ RunTime:0.000281s ]
SQL: SHOW COLUMNS FROM `wx_config` [ RunTime:0.0005s ]
SQL: SELECT * FROM `wx_config` WHERE `id` = 1 LIMIT 1   [ RunTime:0.0002s ]
INFO: Run Common\Behaviors\AppBeginBehavior [ RunTime:0.007349s ]
INFO: [ app_begin ] --END-- [ RunTime:0.007687s ]
NOTIC: [2] session_start(): open(/var/lib/php/session/sess_bvna3epci16amea9o6hj1ss680, O_RDWR) failed: Permission denied (13) /var/www/wechat/ThinkPHP/Common/functions.php 第 1263 行.
NOTIC: [8] Undefined index: mo /var/www/wechat/Application/Module/Controller/EntryController.class.php 第 14 行.
NOTIC: [8] Undefined index: t /var/www/wechat/Application/Module/Controller/EntryController.class.php 第 15 行.
NOTIC: [8] Undefined variable: class /var/www/wechat/Application/Module/Controller/EntryController.class.php 第 24 行.

[ 2017-04-12T19:15:33+08:00 ] 140.205.201.41 /
INFO: [ app_init ] --START--
INFO: Run Behavior\BuildLiteBehavior [ RunTime:0.000010s ]
INFO: [ app_init ] --END-- [ RunTime:0.000250s ]
INFO: [ app_begin ] --START--
INFO: Run Behavior\ReadHtmlCacheBehavior [ RunTime:0.000291s ]
SQL: SHOW COLUMNS FROM `wx_config` [ RunTime:0.0006s ]
SQL: SELECT * FROM `wx_config` WHERE `id` = 1 LIMIT 1   [ RunTime:0.0002s ]
NOTIC: [2] simplexml_load_string(): Entity: line 1: parser error : Start tag expected, '&lt;' not found /var/www/wechat/vendor/houdunwang/wechat/src/WeChat.php 第 50 行.
NOTIC: [2] simplexml_load_string(): 1 /var/www/wechat/vendor/houdunwang/wechat/src/WeChat.php 第 50 行.
NOTIC: [2] simplexml_load_string(): ^ /var/www/wechat/vendor/houdunwang/wechat/src/WeChat.php 第 50 行.
INFO: Run Common\Behaviors\AppBeginBehavior [ RunTime:0.007724s ]
INFO: [ app_begin ] --END-- [ RunTime:0.008113s ]
NOTIC: [2] session_start(): open(/var/lib/php/session/sess_snvg0oqirt3ht9h5cgfckr9on6, O_RDWR) failed: Permission denied (13) /var/www/wechat/ThinkPHP/Common/functions.php 第 1263 行.
NOTIC: [8] Undefined index: mo /var/www/wechat/Application/Module/Controller/EntryController.class.php 第 14 行.
NOTIC: [8] Undefined index: t /var/www/wechat/Application/Module/Controller/EntryController.class.php 第 15 行.
NOTIC: [8] Undefined variable: class /var/www/wechat/Application/Module/Controller/EntryController.class.php 第 24 行.

[ 2017-04-12T19:17:50+08:00 ] 140.205.201.41 /
INFO: [ app_init ] --START--
INFO: Run Behavior\BuildLiteBehavior [ RunTime:0.000010s ]
INFO: [ app_init ] --END-- [ RunTime:0.000237s ]
INFO: [ app_begin ] --START--
INFO: Run Behavior\ReadHtmlCacheBehavior [ RunTime:0.000348s ]
SQL: SHOW COLUMNS FROM `wx_config` [ RunTime:0.0005s ]
SQL: SELECT * FROM `wx_config` WHERE `id` = 1 LIMIT 1   [ RunTime:0.0002s ]
INFO: Run Common\Behaviors\AppBeginBehavior [ RunTime:0.007513s ]
INFO: [ app_begin ] --END-- [ RunTime:0.007921s ]
NOTIC: [2] session_start(): open(/var/lib/php/session/sess_steerfcajgk0d6kctqi7j938r6, O_RDWR) failed: Permission denied (13) /var/www/wechat/ThinkPHP/Common/functions.php 第 1263 行.
NOTIC: [8] Undefined index: mo /var/www/wechat/Application/Module/Controller/EntryController.class.php 第 14 行.
NOTIC: [8] Undefined index: t /var/www/wechat/Application/Module/Controller/EntryController.class.php 第 15 行.
NOTIC: [8] Undefined variable: class /var/www/wechat/Application/Module/Controller/EntryController.class.php 第 24 行.

[ 2017-04-12T22:07:37+08:00 ] 89.248.172.90 /
INFO: [ app_init ] --START--
INFO: Run Behavior\BuildLiteBehavior [ RunTime:0.000012s ]
INFO: [ app_init ] --END-- [ RunTime:0.000238s ]
INFO: [ app_begin ] --START--
INFO: Run Behavior\ReadHtmlCacheBehavior [ RunTime:0.000293s ]
SQL: SHOW COLUMNS FROM `wx_config` [ RunTime:0.0005s ]
SQL: SELECT * FROM `wx_config` WHERE `id` = 1 LIMIT 1   [ RunTime:0.0002s ]
INFO: Run Common\Behaviors\AppBeginBehavior [ RunTime:0.374083s ]
INFO: [ app_begin ] --END-- [ RunTime:0.374469s ]
NOTIC: [2] session_start(): open(/var/lib/php/session/sess_31f2rmi0uuednv8762lkh7bqr2, O_RDWR) failed: Permission denied (13) /var/www/wechat/ThinkPHP/Common/functions.php 第 1263 行.
NOTIC: [8] Undefined index: mo /var/www/wechat/Application/Module/Controller/EntryController.class.php 第 14 行.
NOTIC: [8] Undefined index: t /var/www/wechat/Application/Module/Controller/EntryController.class.php 第 15 行.
NOTIC: [8] Undefined variable: class /var/www/wechat/Application/Module/Controller/EntryController.class.php 第 24 行.

