[ 2017-03-28T01:40:41+08:00 ] 179.223.236.183 /
INFO: [ app_init ] --START--
INFO: Run Behavior\BuildLiteBehavior [ RunTime:0.000010s ]
INFO: [ app_init ] --END-- [ RunTime:0.000224s ]
INFO: [ app_begin ] --START--
INFO: Run Behavior\ReadHtmlCacheBehavior [ RunTime:0.000326s ]
SQL: SHOW COLUMNS FROM `wx_config` [ RunTime:0.0005s ]
SQL: SELECT * FROM `wx_config` WHERE `id` = 1 LIMIT 1   [ RunTime:0.0002s ]
INFO: Run Common\Behaviors\AppBeginBehavior [ RunTime:0.339835s ]
INFO: [ app_begin ] --END-- [ RunTime:0.340246s ]
NOTIC: [2] session_start(): open(/var/lib/php/session/sess_jrq8br5j4046a0fsr9aq9d88j2, O_RDWR) failed: Permission denied (13) /var/www/wechat/ThinkPHP/Common/functions.php 第 1263 行.
NOTIC: [8] Undefined index: mo /var/www/wechat/Application/Module/Controller/EntryController.class.php 第 14 行.
NOTIC: [8] Undefined index: t /var/www/wechat/Application/Module/Controller/EntryController.class.php 第 15 行.
NOTIC: [8] Undefined variable: class /var/www/wechat/Application/Module/Controller/EntryController.class.php 第 24 行.

[ 2017-03-28T02:40:16+08:00 ] 116.62.176.205 /
INFO: [ app_init ] --START--
INFO: Run Behavior\BuildLiteBehavior [ RunTime:0.000010s ]
INFO: [ app_init ] --END-- [ RunTime:0.000224s ]
INFO: [ app_begin ] --START--
INFO: Run Behavior\ReadHtmlCacheBehavior [ RunTime:0.000315s ]
SQL: SHOW COLUMNS FROM `wx_config` [ RunTime:0.0005s ]
SQL: SELECT * FROM `wx_config` WHERE `id` = 1 LIMIT 1   [ RunTime:0.0002s ]
INFO: Run Common\Behaviors\AppBeginBehavior [ RunTime:0.007953s ]
INFO: [ app_begin ] --END-- [ RunTime:0.008331s ]
NOTIC: [2] session_start(): open(/var/lib/php/session/sess_li44b3u1g7snl16qfmk0e8itg0, O_RDWR) failed: Permission denied (13) /var/www/wechat/ThinkPHP/Common/functions.php 第 1263 行.
NOTIC: [8] Undefined index: mo /var/www/wechat/Application/Module/Controller/EntryController.class.php 第 14 行.
NOTIC: [8] Undefined index: t /var/www/wechat/Application/Module/Controller/EntryController.class.php 第 15 行.
NOTIC: [8] Undefined variable: class /var/www/wechat/Application/Module/Controller/EntryController.class.php 第 24 行.

[ 2017-03-28T02:42:56+08:00 ] 45.33.89.133 /
INFO: [ app_init ] --START--
INFO: Run Behavior\BuildLiteBehavior [ RunTime:0.000010s ]
INFO: [ app_init ] --END-- [ RunTime:0.000234s ]
INFO: [ app_begin ] --START--
INFO: Run Behavior\ReadHtmlCacheBehavior [ RunTime:0.000312s ]
SQL: SHOW COLUMNS FROM `wx_config` [ RunTime:0.0005s ]
SQL: SELECT * FROM `wx_config` WHERE `id` = 1 LIMIT 1   [ RunTime:0.0002s ]
INFO: Run Common\Behaviors\AppBeginBehavior [ RunTime:0.007499s ]
INFO: [ app_begin ] --END-- [ RunTime:0.007870s ]
NOTIC: [2] session_start(): open(/var/lib/php/session/sess_gs104sv7uur0a0piikie1a72e6, O_RDWR) failed: Permission denied (13) /var/www/wechat/ThinkPHP/Common/functions.php 第 1263 行.
NOTIC: [8] Undefined index: mo /var/www/wechat/Application/Module/Controller/EntryController.class.php 第 14 行.
NOTIC: [8] Undefined index: t /var/www/wechat/Application/Module/Controller/EntryController.class.php 第 15 行.
NOTIC: [8] Undefined variable: class /var/www/wechat/Application/Module/Controller/EntryController.class.php 第 24 行.

[ 2017-03-28T02:42:56+08:00 ] 45.33.89.133 /
INFO: [ app_init ] --START--
INFO: Run Behavior\BuildLiteBehavior [ RunTime:0.000010s ]
INFO: [ app_init ] --END-- [ RunTime:0.000253s ]
INFO: [ app_begin ] --START--
INFO: Run Behavior\ReadHtmlCacheBehavior [ RunTime:0.000290s ]
SQL: SHOW COLUMNS FROM `wx_config` [ RunTime:0.0005s ]
SQL: SELECT * FROM `wx_config` WHERE `id` = 1 LIMIT 1   [ RunTime:0.0002s ]
INFO: Run Common\Behaviors\AppBeginBehavior [ RunTime:0.007459s ]
INFO: [ app_begin ] --END-- [ RunTime:0.007806s ]
NOTIC: [2] session_start(): open(/var/lib/php/session/sess_suf09iei96ilq6lonn29262rk5, O_RDWR) failed: Permission denied (13) /var/www/wechat/ThinkPHP/Common/functions.php 第 1263 行.
NOTIC: [8] Undefined index: mo /var/www/wechat/Application/Module/Controller/EntryController.class.php 第 14 行.
NOTIC: [8] Undefined index: t /var/www/wechat/Application/Module/Controller/EntryController.class.php 第 15 行.
NOTIC: [8] Undefined variable: class /var/www/wechat/Application/Module/Controller/EntryController.class.php 第 24 行.

[ 2017-03-28T10:09:36+08:00 ] 61.135.165.41 /
INFO: [ app_init ] --START--
INFO: Run Behavior\BuildLiteBehavior [ RunTime:0.000010s ]
INFO: [ app_init ] --END-- [ RunTime:0.000269s ]
INFO: [ app_begin ] --START--
INFO: Run Behavior\ReadHtmlCacheBehavior [ RunTime:0.000318s ]
SQL: SHOW COLUMNS FROM `wx_config` [ RunTime:0.0005s ]
SQL: SELECT * FROM `wx_config` WHERE `id` = 1 LIMIT 1   [ RunTime:0.0002s ]
INFO: Run Common\Behaviors\AppBeginBehavior [ RunTime:0.007959s ]
INFO: [ app_begin ] --END-- [ RunTime:0.008340s ]
NOTIC: [2] session_start(): open(/var/lib/php/session/sess_8ejd2jtagt2vhler1i29or6c46, O_RDWR) failed: Permission denied (13) /var/www/wechat/ThinkPHP/Common/functions.php 第 1263 行.
NOTIC: [8] Undefined index: mo /var/www/wechat/Application/Module/Controller/EntryController.class.php 第 14 行.
NOTIC: [8] Undefined index: t /var/www/wechat/Application/Module/Controller/EntryController.class.php 第 15 行.
NOTIC: [8] Undefined variable: class /var/www/wechat/Application/Module/Controller/EntryController.class.php 第 24 行.

[ 2017-03-28T10:45:28+08:00 ] 116.62.176.205 /
INFO: [ app_init ] --START--
INFO: Run Behavior\BuildLiteBehavior [ RunTime:0.000011s ]
INFO: [ app_init ] --END-- [ RunTime:0.000229s ]
INFO: [ app_begin ] --START--
INFO: Run Behavior\ReadHtmlCacheBehavior [ RunTime:0.000324s ]
SQL: SHOW COLUMNS FROM `wx_config` [ RunTime:0.0005s ]
SQL: SELECT * FROM `wx_config` WHERE `id` = 1 LIMIT 1   [ RunTime:0.0002s ]
INFO: Run Common\Behaviors\AppBeginBehavior [ RunTime:0.007558s ]
INFO: [ app_begin ] --END-- [ RunTime:0.007941s ]
NOTIC: [2] session_start(): open(/var/lib/php/session/sess_pk9mltiq4qfu93t4oodke3v2g2, O_RDWR) failed: Permission denied (13) /var/www/wechat/ThinkPHP/Common/functions.php 第 1263 行.
NOTIC: [8] Undefined index: mo /var/www/wechat/Application/Module/Controller/EntryController.class.php 第 14 行.
NOTIC: [8] Undefined index: t /var/www/wechat/Application/Module/Controller/EntryController.class.php 第 15 行.
NOTIC: [8] Undefined variable: class /var/www/wechat/Application/Module/Controller/EntryController.class.php 第 24 行.

[ 2017-03-28T11:42:56+08:00 ] 122.114.166.14 /
INFO: [ app_init ] --START--
INFO: Run Behavior\BuildLiteBehavior [ RunTime:0.000010s ]
INFO: [ app_init ] --END-- [ RunTime:0.000225s ]
INFO: [ app_begin ] --START--
INFO: Run Behavior\ReadHtmlCacheBehavior [ RunTime:0.000307s ]
SQL: SHOW COLUMNS FROM `wx_config` [ RunTime:0.0005s ]
SQL: SELECT * FROM `wx_config` WHERE `id` = 1 LIMIT 1   [ RunTime:0.0002s ]
INFO: Run Common\Behaviors\AppBeginBehavior [ RunTime:0.331213s ]
INFO: [ app_begin ] --END-- [ RunTime:0.331611s ]
NOTIC: [2] session_start(): open(/var/lib/php/session/sess_tosbs5f1jlj9ilqgpjds9e7lq2, O_RDWR) failed: Permission denied (13) /var/www/wechat/ThinkPHP/Common/functions.php 第 1263 行.
NOTIC: [8] Undefined index: mo /var/www/wechat/Application/Module/Controller/EntryController.class.php 第 14 行.
NOTIC: [8] Undefined index: t /var/www/wechat/Application/Module/Controller/EntryController.class.php 第 15 行.
NOTIC: [8] Undefined variable: class /var/www/wechat/Application/Module/Controller/EntryController.class.php 第 24 行.

[ 2017-03-28T14:54:18+08:00 ] 140.205.225.187 /
INFO: [ app_init ] --START--
INFO: Run Behavior\BuildLiteBehavior [ RunTime:0.000011s ]
INFO: [ app_init ] --END-- [ RunTime:0.000235s ]
INFO: [ app_begin ] --START--
INFO: Run Behavior\ReadHtmlCacheBehavior [ RunTime:0.000380s ]
SQL: SHOW COLUMNS FROM `wx_config` [ RunTime:0.0005s ]
SQL: SELECT * FROM `wx_config` WHERE `id` = 1 LIMIT 1   [ RunTime:0.0002s ]
INFO: Run Common\Behaviors\AppBeginBehavior [ RunTime:0.343912s ]
INFO: [ app_begin ] --END-- [ RunTime:0.344378s ]
NOTIC: [2] session_start(): open(/var/lib/php/session/sess_qi9d7da7tn5mfuptmpme94hpp0, O_RDWR) failed: Permission denied (13) /var/www/wechat/ThinkPHP/Common/functions.php 第 1263 行.
NOTIC: [8] Undefined index: mo /var/www/wechat/Application/Module/Controller/EntryController.class.php 第 14 行.
NOTIC: [8] Undefined index: t /var/www/wechat/Application/Module/Controller/EntryController.class.php 第 15 行.
NOTIC: [8] Undefined variable: class /var/www/wechat/Application/Module/Controller/EntryController.class.php 第 24 行.

[ 2017-03-28T14:56:36+08:00 ] 140.205.225.187 /
INFO: [ app_init ] --START--
INFO: Run Behavior\BuildLiteBehavior [ RunTime:0.000010s ]
INFO: [ app_init ] --END-- [ RunTime:0.000225s ]
INFO: [ app_begin ] --START--
INFO: Run Behavior\ReadHtmlCacheBehavior [ RunTime:0.000295s ]
SQL: SHOW COLUMNS FROM `wx_config` [ RunTime:0.0005s ]
SQL: SELECT * FROM `wx_config` WHERE `id` = 1 LIMIT 1   [ RunTime:0.0002s ]
INFO: Run Common\Behaviors\AppBeginBehavior [ RunTime:0.007816s ]
INFO: [ app_begin ] --END-- [ RunTime:0.008201s ]
NOTIC: [2] session_start(): open(/var/lib/php/session/sess_u0ubevsscihq0lvk7od7g534q5, O_RDWR) failed: Permission denied (13) /var/www/wechat/ThinkPHP/Common/functions.php 第 1263 行.
NOTIC: [8] Undefined index: mo /var/www/wechat/Application/Module/Controller/EntryController.class.php 第 14 行.
NOTIC: [8] Undefined index: t /var/www/wechat/Application/Module/Controller/EntryController.class.php 第 15 行.
NOTIC: [8] Undefined variable: class /var/www/wechat/Application/Module/Controller/EntryController.class.php 第 24 行.

[ 2017-03-28T14:57:08+08:00 ] 140.205.225.187 /
INFO: [ app_init ] --START--
INFO: Run Behavior\BuildLiteBehavior [ RunTime:0.000011s ]
INFO: [ app_init ] --END-- [ RunTime:0.000244s ]
INFO: [ app_begin ] --START--
INFO: Run Behavior\ReadHtmlCacheBehavior [ RunTime:0.000311s ]
SQL: SHOW COLUMNS FROM `wx_config` [ RunTime:0.0005s ]
SQL: SELECT * FROM `wx_config` WHERE `id` = 1 LIMIT 1   [ RunTime:0.0002s ]
INFO: Run Common\Behaviors\AppBeginBehavior [ RunTime:0.007530s ]
INFO: [ app_begin ] --END-- [ RunTime:0.007902s ]
NOTIC: [2] session_start(): open(/var/lib/php/session/sess_nv27rnhalipuuj3g726hnccbh5, O_RDWR) failed: Permission denied (13) /var/www/wechat/ThinkPHP/Common/functions.php 第 1263 行.
NOTIC: [8] Undefined index: mo /var/www/wechat/Application/Module/Controller/EntryController.class.php 第 14 行.
NOTIC: [8] Undefined index: t /var/www/wechat/Application/Module/Controller/EntryController.class.php 第 15 行.
NOTIC: [8] Undefined variable: class /var/www/wechat/Application/Module/Controller/EntryController.class.php 第 24 行.

[ 2017-03-28T14:57:26+08:00 ] 140.205.225.187 /
INFO: [ app_init ] --START--
INFO: Run Behavior\BuildLiteBehavior [ RunTime:0.000010s ]
INFO: [ app_init ] --END-- [ RunTime:0.000232s ]
INFO: [ app_begin ] --START--
INFO: Run Behavior\ReadHtmlCacheBehavior [ RunTime:0.000281s ]
SQL: SHOW COLUMNS FROM `wx_config` [ RunTime:0.0006s ]
SQL: SELECT * FROM `wx_config` WHERE `id` = 1 LIMIT 1   [ RunTime:0.0002s ]
INFO: Run Common\Behaviors\AppBeginBehavior [ RunTime:0.007671s ]
INFO: [ app_begin ] --END-- [ RunTime:0.008010s ]
NOTIC: [2] session_start(): open(/var/lib/php/session/sess_5dvv3avl3ao196gga6mbjhv5o3, O_RDWR) failed: Permission denied (13) /var/www/wechat/ThinkPHP/Common/functions.php 第 1263 行.
NOTIC: [8] Undefined index: mo /var/www/wechat/Application/Module/Controller/EntryController.class.php 第 14 行.
NOTIC: [8] Undefined index: t /var/www/wechat/Application/Module/Controller/EntryController.class.php 第 15 行.
NOTIC: [8] Undefined variable: class /var/www/wechat/Application/Module/Controller/EntryController.class.php 第 24 行.

[ 2017-03-28T14:57:31+08:00 ] 140.205.225.187 /
INFO: [ app_init ] --START--
INFO: Run Behavior\BuildLiteBehavior [ RunTime:0.000010s ]
INFO: [ app_init ] --END-- [ RunTime:0.000259s ]
INFO: [ app_begin ] --START--
INFO: Run Behavior\ReadHtmlCacheBehavior [ RunTime:0.000316s ]
SQL: SHOW COLUMNS FROM `wx_config` [ RunTime:0.0005s ]
SQL: SELECT * FROM `wx_config` WHERE `id` = 1 LIMIT 1   [ RunTime:0.0002s ]
INFO: Run Common\Behaviors\AppBeginBehavior [ RunTime:0.008030s ]
INFO: [ app_begin ] --END-- [ RunTime:0.008414s ]
NOTIC: [2] session_start(): open(/var/lib/php/session/sess_sp27mfbil4hoeeat6n2595l556, O_RDWR) failed: Permission denied (13) /var/www/wechat/ThinkPHP/Common/functions.php 第 1263 行.
NOTIC: [8] Undefined index: mo /var/www/wechat/Application/Module/Controller/EntryController.class.php 第 14 行.
NOTIC: [8] Undefined index: t /var/www/wechat/Application/Module/Controller/EntryController.class.php 第 15 行.
NOTIC: [8] Undefined variable: class /var/www/wechat/Application/Module/Controller/EntryController.class.php 第 24 行.

[ 2017-03-28T14:57:38+08:00 ] 140.205.225.187 /index.php
INFO: [ app_init ] --START--
INFO: Run Behavior\BuildLiteBehavior [ RunTime:0.000010s ]
INFO: [ app_init ] --END-- [ RunTime:0.000264s ]
INFO: [ app_begin ] --START--
INFO: Run Behavior\ReadHtmlCacheBehavior [ RunTime:0.000333s ]
SQL: SHOW COLUMNS FROM `wx_config` [ RunTime:0.0006s ]
SQL: SELECT * FROM `wx_config` WHERE `id` = 1 LIMIT 1   [ RunTime:0.0002s ]
INFO: Run Common\Behaviors\AppBeginBehavior [ RunTime:0.008885s ]
INFO: [ app_begin ] --END-- [ RunTime:0.009299s ]
NOTIC: [2] session_start(): open(/var/lib/php/session/sess_n33or3tgcbqrt50tr24304qf74, O_RDWR) failed: Permission denied (13) /var/www/wechat/ThinkPHP/Common/functions.php 第 1263 行.
NOTIC: [8] Undefined index: mo /var/www/wechat/Application/Module/Controller/EntryController.class.php 第 14 行.
NOTIC: [8] Undefined index: t /var/www/wechat/Application/Module/Controller/EntryController.class.php 第 15 行.
NOTIC: [8] Undefined variable: class /var/www/wechat/Application/Module/Controller/EntryController.class.php 第 24 行.

[ 2017-03-28T14:57:51+08:00 ] 140.205.225.187 /
INFO: [ app_init ] --START--
INFO: Run Behavior\BuildLiteBehavior [ RunTime:0.000013s ]
INFO: [ app_init ] --END-- [ RunTime:0.000274s ]
INFO: [ app_begin ] --START--
INFO: Run Behavior\ReadHtmlCacheBehavior [ RunTime:0.000289s ]
SQL: SHOW COLUMNS FROM `wx_config` [ RunTime:0.0005s ]
SQL: SELECT * FROM `wx_config` WHERE `id` = 1 LIMIT 1   [ RunTime:0.0002s ]
INFO: Run Common\Behaviors\AppBeginBehavior [ RunTime:0.007972s ]
INFO: [ app_begin ] --END-- [ RunTime:0.008319s ]
NOTIC: [2] session_start(): open(/var/lib/php/session/sess_581hc1fvi5nhvmgc6bdu28sed1, O_RDWR) failed: Permission denied (13) /var/www/wechat/ThinkPHP/Common/functions.php 第 1263 行.
NOTIC: [8] Undefined index: mo /var/www/wechat/Application/Module/Controller/EntryController.class.php 第 14 行.
NOTIC: [8] Undefined index: t /var/www/wechat/Application/Module/Controller/EntryController.class.php 第 15 行.
NOTIC: [8] Undefined variable: class /var/www/wechat/Application/Module/Controller/EntryController.class.php 第 24 行.

[ 2017-03-28T14:57:52+08:00 ] 140.205.225.187 /
INFO: [ app_init ] --START--
INFO: Run Behavior\BuildLiteBehavior [ RunTime:0.000010s ]
INFO: [ app_init ] --END-- [ RunTime:0.000276s ]
INFO: [ app_begin ] --START--
INFO: Run Behavior\ReadHtmlCacheBehavior [ RunTime:0.000291s ]
SQL: SHOW COLUMNS FROM `wx_config` [ RunTime:0.0005s ]
SQL: SELECT * FROM `wx_config` WHERE `id` = 1 LIMIT 1   [ RunTime:0.0002s ]
NOTIC: [2] simplexml_load_string(): Entity: line 1: parser error : Start tag expected, '&lt;' not found /var/www/wechat/vendor/houdunwang/wechat/src/WeChat.php 第 50 行.
NOTIC: [2] simplexml_load_string(): 1 /var/www/wechat/vendor/houdunwang/wechat/src/WeChat.php 第 50 行.
NOTIC: [2] simplexml_load_string(): ^ /var/www/wechat/vendor/houdunwang/wechat/src/WeChat.php 第 50 行.
INFO: Run Common\Behaviors\AppBeginBehavior [ RunTime:0.008035s ]
INFO: [ app_begin ] --END-- [ RunTime:0.008404s ]
NOTIC: [2] session_start(): open(/var/lib/php/session/sess_kc8tankdtbtih57ebf6kb6vjg5, O_RDWR) failed: Permission denied (13) /var/www/wechat/ThinkPHP/Common/functions.php 第 1263 行.
NOTIC: [8] Undefined index: mo /var/www/wechat/Application/Module/Controller/EntryController.class.php 第 14 行.
NOTIC: [8] Undefined index: t /var/www/wechat/Application/Module/Controller/EntryController.class.php 第 15 行.
NOTIC: [8] Undefined variable: class /var/www/wechat/Application/Module/Controller/EntryController.class.php 第 24 行.

[ 2017-03-28T14:58:23+08:00 ] 140.205.225.187 /
INFO: [ app_init ] --START--
INFO: Run Behavior\BuildLiteBehavior [ RunTime:0.000011s ]
INFO: [ app_init ] --END-- [ RunTime:0.000252s ]
INFO: [ app_begin ] --START--
INFO: Run Behavior\ReadHtmlCacheBehavior [ RunTime:0.000296s ]
SQL: SHOW COLUMNS FROM `wx_config` [ RunTime:0.0005s ]
SQL: SELECT * FROM `wx_config` WHERE `id` = 1 LIMIT 1   [ RunTime:0.0002s ]
INFO: Run Common\Behaviors\AppBeginBehavior [ RunTime:0.007670s ]
INFO: [ app_begin ] --END-- [ RunTime:0.008025s ]
NOTIC: [2] session_start(): open(/var/lib/php/session/sess_5susgn0n811b782qehb388lf32, O_RDWR) failed: Permission denied (13) /var/www/wechat/ThinkPHP/Common/functions.php 第 1263 行.
NOTIC: [8] Undefined index: mo /var/www/wechat/Application/Module/Controller/EntryController.class.php 第 14 行.
NOTIC: [8] Undefined index: t /var/www/wechat/Application/Module/Controller/EntryController.class.php 第 15 行.
NOTIC: [8] Undefined variable: class /var/www/wechat/Application/Module/Controller/EntryController.class.php 第 24 行.

[ 2017-03-28T14:58:49+08:00 ] 140.205.225.187 /
INFO: [ app_init ] --START--
INFO: Run Behavior\BuildLiteBehavior [ RunTime:0.000010s ]
INFO: [ app_init ] --END-- [ RunTime:0.000231s ]
INFO: [ app_begin ] --START--
INFO: Run Behavior\ReadHtmlCacheBehavior [ RunTime:0.000281s ]
SQL: SHOW COLUMNS FROM `wx_config` [ RunTime:0.0005s ]
SQL: SELECT * FROM `wx_config` WHERE `id` = 1 LIMIT 1   [ RunTime:0.0002s ]
INFO: Run Common\Behaviors\AppBeginBehavior [ RunTime:0.007471s ]
INFO: [ app_begin ] --END-- [ RunTime:0.007811s ]
NOTIC: [2] session_start(): open(/var/lib/php/session/sess_ucqlcvqqj1bq300mo2tus6ji70, O_RDWR) failed: Permission denied (13) /var/www/wechat/ThinkPHP/Common/functions.php 第 1263 行.
NOTIC: [8] Undefined index: mo /var/www/wechat/Application/Module/Controller/EntryController.class.php 第 14 行.
NOTIC: [8] Undefined index: t /var/www/wechat/Application/Module/Controller/EntryController.class.php 第 15 行.
NOTIC: [8] Undefined variable: class /var/www/wechat/Application/Module/Controller/EntryController.class.php 第 24 行.

[ 2017-03-28T16:21:03+08:00 ] 85.240.90.103 /
INFO: [ app_init ] --START--
INFO: Run Behavior\BuildLiteBehavior [ RunTime:0.000010s ]
INFO: [ app_init ] --END-- [ RunTime:0.000232s ]
INFO: [ app_begin ] --START--
INFO: Run Behavior\ReadHtmlCacheBehavior [ RunTime:0.000323s ]
SQL: SHOW COLUMNS FROM `wx_config` [ RunTime:0.0006s ]
SQL: SELECT * FROM `wx_config` WHERE `id` = 1 LIMIT 1   [ RunTime:0.0002s ]
INFO: Run Common\Behaviors\AppBeginBehavior [ RunTime:0.008450s ]
INFO: [ app_begin ] --END-- [ RunTime:0.008839s ]
NOTIC: [2] session_start(): open(/var/lib/php/session/sess_pv3aufkf1ev9tk6n8vcg7gc644, O_RDWR) failed: Permission denied (13) /var/www/wechat/ThinkPHP/Common/functions.php 第 1263 行.
NOTIC: [8] Undefined index: mo /var/www/wechat/Application/Module/Controller/EntryController.class.php 第 14 行.
NOTIC: [8] Undefined index: t /var/www/wechat/Application/Module/Controller/EntryController.class.php 第 15 行.
NOTIC: [8] Undefined variable: class /var/www/wechat/Application/Module/Controller/EntryController.class.php 第 24 行.

[ 2017-03-28T17:15:37+08:00 ] 202.188.203.169 /
INFO: [ app_init ] --START--
INFO: Run Behavior\BuildLiteBehavior [ RunTime:0.000011s ]
INFO: [ app_init ] --END-- [ RunTime:0.000270s ]
INFO: [ app_begin ] --START--
INFO: Run Behavior\ReadHtmlCacheBehavior [ RunTime:0.000280s ]
SQL: SHOW COLUMNS FROM `wx_config` [ RunTime:0.0006s ]
SQL: SELECT * FROM `wx_config` WHERE `id` = 1 LIMIT 1   [ RunTime:0.0002s ]
INFO: Run Common\Behaviors\AppBeginBehavior [ RunTime:0.362539s ]
INFO: [ app_begin ] --END-- [ RunTime:0.362908s ]
NOTIC: [2] session_start(): open(/var/lib/php/session/sess_e6sus089o4gjj9kel1nqv7t710, O_RDWR) failed: Permission denied (13) /var/www/wechat/ThinkPHP/Common/functions.php 第 1263 行.
NOTIC: [8] Undefined index: mo /var/www/wechat/Application/Module/Controller/EntryController.class.php 第 14 行.
NOTIC: [8] Undefined index: t /var/www/wechat/Application/Module/Controller/EntryController.class.php 第 15 行.
NOTIC: [8] Undefined variable: class /var/www/wechat/Application/Module/Controller/EntryController.class.php 第 24 行.

[ 2017-03-28T18:44:40+08:00 ] 59.110.6.177 /
INFO: [ app_init ] --START--
INFO: Run Behavior\BuildLiteBehavior [ RunTime:0.000011s ]
INFO: [ app_init ] --END-- [ RunTime:0.000235s ]
INFO: [ app_begin ] --START--
INFO: Run Behavior\ReadHtmlCacheBehavior [ RunTime:0.000311s ]
SQL: SHOW COLUMNS FROM `wx_config` [ RunTime:0.0005s ]
SQL: SELECT * FROM `wx_config` WHERE `id` = 1 LIMIT 1   [ RunTime:0.0002s ]
INFO: Run Common\Behaviors\AppBeginBehavior [ RunTime:0.007580s ]
INFO: [ app_begin ] --END-- [ RunTime:0.007951s ]
NOTIC: [2] session_start(): open(/var/lib/php/session/sess_d0de7s48t96s8105n11ipdg1v0, O_RDWR) failed: Permission denied (13) /var/www/wechat/ThinkPHP/Common/functions.php 第 1263 行.
NOTIC: [8] Undefined index: mo /var/www/wechat/Application/Module/Controller/EntryController.class.php 第 14 行.
NOTIC: [8] Undefined index: t /var/www/wechat/Application/Module/Controller/EntryController.class.php 第 15 行.
NOTIC: [8] Undefined variable: class /var/www/wechat/Application/Module/Controller/EntryController.class.php 第 24 行.

[ 2017-03-28T19:13:41+08:00 ] 121.196.225.253 /
INFO: [ app_init ] --START--
INFO: Run Behavior\BuildLiteBehavior [ RunTime:0.000011s ]
INFO: [ app_init ] --END-- [ RunTime:0.000236s ]
INFO: [ app_begin ] --START--
INFO: Run Behavior\ReadHtmlCacheBehavior [ RunTime:0.000315s ]
SQL: SHOW COLUMNS FROM `wx_config` [ RunTime:0.0005s ]
SQL: SELECT * FROM `wx_config` WHERE `id` = 1 LIMIT 1   [ RunTime:0.0002s ]
INFO: Run Common\Behaviors\AppBeginBehavior [ RunTime:0.377354s ]
INFO: [ app_begin ] --END-- [ RunTime:0.377780s ]
NOTIC: [2] session_start(): open(/var/lib/php/session/sess_op8gn7notee78hmghjh7l8rk64, O_RDWR) failed: Permission denied (13) /var/www/wechat/ThinkPHP/Common/functions.php 第 1263 行.
NOTIC: [8] Undefined index: mo /var/www/wechat/Application/Module/Controller/EntryController.class.php 第 14 行.
NOTIC: [8] Undefined index: t /var/www/wechat/Application/Module/Controller/EntryController.class.php 第 15 行.
NOTIC: [8] Undefined variable: class /var/www/wechat/Application/Module/Controller/EntryController.class.php 第 24 行.

[ 2017-03-28T19:53:10+08:00 ] 185.69.5.65 /
INFO: [ app_init ] --START--
INFO: Run Behavior\BuildLiteBehavior [ RunTime:0.000010s ]
INFO: [ app_init ] --END-- [ RunTime:0.000260s ]
INFO: [ app_begin ] --START--
INFO: Run Behavior\ReadHtmlCacheBehavior [ RunTime:0.000289s ]
SQL: SHOW COLUMNS FROM `wx_config` [ RunTime:0.0005s ]
SQL: SELECT * FROM `wx_config` WHERE `id` = 1 LIMIT 1   [ RunTime:0.0002s ]
INFO: Run Common\Behaviors\AppBeginBehavior [ RunTime:0.007812s ]
INFO: [ app_begin ] --END-- [ RunTime:0.008162s ]
NOTIC: [2] session_start(): open(/var/lib/php/session/sess_nme81a71l4jp9ab37t7g043n00, O_RDWR) failed: Permission denied (13) /var/www/wechat/ThinkPHP/Common/functions.php 第 1263 行.
NOTIC: [8] Undefined index: mo /var/www/wechat/Application/Module/Controller/EntryController.class.php 第 14 行.
NOTIC: [8] Undefined index: t /var/www/wechat/Application/Module/Controller/EntryController.class.php 第 15 行.
NOTIC: [8] Undefined variable: class /var/www/wechat/Application/Module/Controller/EntryController.class.php 第 24 行.

