[ 2017-05-01T02:16:31+08:00 ] 89.248.172.90 /
INFO: [ app_init ] --START--
INFO: Run Behavior\BuildLiteBehavior [ RunTime:0.000011s ]
INFO: [ app_init ] --END-- [ RunTime:0.000235s ]
INFO: [ app_begin ] --START--
INFO: Run Behavior\ReadHtmlCacheBehavior [ RunTime:0.000290s ]
SQL: SHOW COLUMNS FROM `wx_config` [ RunTime:0.0005s ]
SQL: SELECT * FROM `wx_config` WHERE `id` = 1 LIMIT 1   [ RunTime:0.0002s ]
INFO: Run Common\Behaviors\AppBeginBehavior [ RunTime:0.342527s ]
INFO: [ app_begin ] --END-- [ RunTime:0.342905s ]
NOTIC: [2] session_start(): open(/var/lib/php/session/sess_4pnfi9injc8m56dijo49jhtd46, O_RDWR) failed: Permission denied (13) /var/www/wechat/ThinkPHP/Common/functions.php 第 1263 行.
NOTIC: [8] Undefined index: mo /var/www/wechat/Application/Module/Controller/EntryController.class.php 第 14 行.
NOTIC: [8] Undefined index: t /var/www/wechat/Application/Module/Controller/EntryController.class.php 第 15 行.
NOTIC: [8] Undefined variable: class /var/www/wechat/Application/Module/Controller/EntryController.class.php 第 24 行.

[ 2017-05-01T02:16:31+08:00 ] 60.1.131.52 /
INFO: [ app_init ] --START--
INFO: Run Behavior\BuildLiteBehavior [ RunTime:0.000010s ]
INFO: [ app_init ] --END-- [ RunTime:0.000235s ]
INFO: [ app_begin ] --START--
INFO: Run Behavior\ReadHtmlCacheBehavior [ RunTime:0.000284s ]
SQL: SHOW COLUMNS FROM `wx_config` [ RunTime:0.0005s ]
SQL: SELECT * FROM `wx_config` WHERE `id` = 1 LIMIT 1   [ RunTime:0.0002s ]
INFO: Run Common\Behaviors\AppBeginBehavior [ RunTime:0.007481s ]
INFO: [ app_begin ] --END-- [ RunTime:0.007824s ]
NOTIC: [2] session_start(): open(/var/lib/php/session/sess_3o68447uqspcmlv9rkujki2cn4, O_RDWR) failed: Permission denied (13) /var/www/wechat/ThinkPHP/Common/functions.php 第 1263 行.
NOTIC: [8] Undefined index: mo /var/www/wechat/Application/Module/Controller/EntryController.class.php 第 14 行.
NOTIC: [8] Undefined index: t /var/www/wechat/Application/Module/Controller/EntryController.class.php 第 15 行.
NOTIC: [8] Undefined variable: class /var/www/wechat/Application/Module/Controller/EntryController.class.php 第 24 行.

[ 2017-05-01T02:45:49+08:00 ] 123.56.233.103 /
INFO: [ app_init ] --START--
INFO: Run Behavior\BuildLiteBehavior [ RunTime:0.000010s ]
INFO: [ app_init ] --END-- [ RunTime:0.000239s ]
INFO: [ app_begin ] --START--
INFO: Run Behavior\ReadHtmlCacheBehavior [ RunTime:0.000287s ]
SQL: SHOW COLUMNS FROM `wx_config` [ RunTime:0.0005s ]
SQL: SELECT * FROM `wx_config` WHERE `id` = 1 LIMIT 1   [ RunTime:0.0002s ]
INFO: Run Common\Behaviors\AppBeginBehavior [ RunTime:0.008124s ]
INFO: [ app_begin ] --END-- [ RunTime:0.008474s ]
NOTIC: [2] session_start(): open(/var/lib/php/session/sess_mebfopkbd1tphjm6t2oefp44n7, O_RDWR) failed: Permission denied (13) /var/www/wechat/ThinkPHP/Common/functions.php 第 1263 行.
NOTIC: [8] Undefined index: mo /var/www/wechat/Application/Module/Controller/EntryController.class.php 第 14 行.
NOTIC: [8] Undefined index: t /var/www/wechat/Application/Module/Controller/EntryController.class.php 第 15 行.
NOTIC: [8] Undefined variable: class /var/www/wechat/Application/Module/Controller/EntryController.class.php 第 24 行.

[ 2017-05-01T03:31:53+08:00 ] 47.90.92.26 /
INFO: [ app_init ] --START--
INFO: Run Behavior\BuildLiteBehavior [ RunTime:0.000010s ]
INFO: [ app_init ] --END-- [ RunTime:0.000228s ]
INFO: [ app_begin ] --START--
INFO: Run Behavior\ReadHtmlCacheBehavior [ RunTime:0.000338s ]
SQL: SHOW COLUMNS FROM `wx_config` [ RunTime:0.0005s ]
SQL: SELECT * FROM `wx_config` WHERE `id` = 1 LIMIT 1   [ RunTime:0.0002s ]
INFO: Run Common\Behaviors\AppBeginBehavior [ RunTime:0.007484s ]
INFO: [ app_begin ] --END-- [ RunTime:0.007889s ]
NOTIC: [2] session_start(): open(/var/lib/php/session/sess_q99sa241b77dfqt17fqqmsg655, O_RDWR) failed: Permission denied (13) /var/www/wechat/ThinkPHP/Common/functions.php 第 1263 行.
NOTIC: [8] Undefined index: mo /var/www/wechat/Application/Module/Controller/EntryController.class.php 第 14 行.
NOTIC: [8] Undefined index: t /var/www/wechat/Application/Module/Controller/EntryController.class.php 第 15 行.
NOTIC: [8] Undefined variable: class /var/www/wechat/Application/Module/Controller/EntryController.class.php 第 24 行.

[ 2017-05-01T05:26:05+08:00 ] 101.4.110.154 /
INFO: [ app_init ] --START--
INFO: Run Behavior\BuildLiteBehavior [ RunTime:0.000011s ]
INFO: [ app_init ] --END-- [ RunTime:0.000278s ]
INFO: [ app_begin ] --START--
INFO: Run Behavior\ReadHtmlCacheBehavior [ RunTime:0.000320s ]
SQL: SHOW COLUMNS FROM `wx_config` [ RunTime:0.0005s ]
SQL: SELECT * FROM `wx_config` WHERE `id` = 1 LIMIT 1   [ RunTime:0.0002s ]
INFO: Run Common\Behaviors\AppBeginBehavior [ RunTime:0.470860s ]
INFO: [ app_begin ] --END-- [ RunTime:0.471296s ]
NOTIC: [2] session_start(): open(/var/lib/php/session/sess_sjs2p5t16m5g0hv2mse20u1rc4, O_RDWR) failed: Permission denied (13) /var/www/wechat/ThinkPHP/Common/functions.php 第 1263 行.
NOTIC: [8] Undefined index: mo /var/www/wechat/Application/Module/Controller/EntryController.class.php 第 14 行.
NOTIC: [8] Undefined index: t /var/www/wechat/Application/Module/Controller/EntryController.class.php 第 15 行.
NOTIC: [8] Undefined variable: class /var/www/wechat/Application/Module/Controller/EntryController.class.php 第 24 行.

[ 2017-05-01T07:37:24+08:00 ] 89.248.172.90 /
INFO: [ app_init ] --START--
INFO: Run Behavior\BuildLiteBehavior [ RunTime:0.000011s ]
INFO: [ app_init ] --END-- [ RunTime:0.000225s ]
INFO: [ app_begin ] --START--
INFO: Run Behavior\ReadHtmlCacheBehavior [ RunTime:0.000311s ]
SQL: SHOW COLUMNS FROM `wx_config` [ RunTime:0.0005s ]
SQL: SELECT * FROM `wx_config` WHERE `id` = 1 LIMIT 1   [ RunTime:0.0002s ]
INFO: Run Common\Behaviors\AppBeginBehavior [ RunTime:0.333528s ]
INFO: [ app_begin ] --END-- [ RunTime:0.333933s ]
NOTIC: [2] session_start(): open(/var/lib/php/session/sess_beb9ijjhviakp2h55b9ehh7ij3, O_RDWR) failed: Permission denied (13) /var/www/wechat/ThinkPHP/Common/functions.php 第 1263 行.
NOTIC: [8] Undefined index: mo /var/www/wechat/Application/Module/Controller/EntryController.class.php 第 14 行.
NOTIC: [8] Undefined index: t /var/www/wechat/Application/Module/Controller/EntryController.class.php 第 15 行.
NOTIC: [8] Undefined variable: class /var/www/wechat/Application/Module/Controller/EntryController.class.php 第 24 行.

[ 2017-05-01T08:22:54+08:00 ] 120.76.28.5 /
INFO: [ app_init ] --START--
INFO: Run Behavior\BuildLiteBehavior [ RunTime:0.000010s ]
INFO: [ app_init ] --END-- [ RunTime:0.000263s ]
INFO: [ app_begin ] --START--
INFO: Run Behavior\ReadHtmlCacheBehavior [ RunTime:0.000288s ]
SQL: SHOW COLUMNS FROM `wx_config` [ RunTime:0.0005s ]
SQL: SELECT * FROM `wx_config` WHERE `id` = 1 LIMIT 1   [ RunTime:0.0002s ]
INFO: Run Common\Behaviors\AppBeginBehavior [ RunTime:0.007859s ]
INFO: [ app_begin ] --END-- [ RunTime:0.008207s ]
NOTIC: [2] session_start(): open(/var/lib/php/session/sess_vbccvqb7rofej9dghbpvjrqkn7, O_RDWR) failed: Permission denied (13) /var/www/wechat/ThinkPHP/Common/functions.php 第 1263 行.
NOTIC: [8] Undefined index: mo /var/www/wechat/Application/Module/Controller/EntryController.class.php 第 14 行.
NOTIC: [8] Undefined index: t /var/www/wechat/Application/Module/Controller/EntryController.class.php 第 15 行.
NOTIC: [8] Undefined variable: class /var/www/wechat/Application/Module/Controller/EntryController.class.php 第 24 行.

[ 2017-05-01T08:22:56+08:00 ] 120.76.28.5 /
INFO: [ app_init ] --START--
INFO: Run Behavior\BuildLiteBehavior [ RunTime:0.000010s ]
INFO: [ app_init ] --END-- [ RunTime:0.000252s ]
INFO: [ app_begin ] --START--
INFO: Run Behavior\ReadHtmlCacheBehavior [ RunTime:0.000319s ]
SQL: SHOW COLUMNS FROM `wx_config` [ RunTime:0.0006s ]
SQL: SELECT * FROM `wx_config` WHERE `id` = 1 LIMIT 1   [ RunTime:0.0002s ]
INFO: Run Common\Behaviors\AppBeginBehavior [ RunTime:0.007724s ]
INFO: [ app_begin ] --END-- [ RunTime:0.008103s ]
NOTIC: [2] session_start(): open(/var/lib/php/session/sess_bosa2jhnlcldb82l63ogqg0m54, O_RDWR) failed: Permission denied (13) /var/www/wechat/ThinkPHP/Common/functions.php 第 1263 行.
NOTIC: [8] Undefined index: mo /var/www/wechat/Application/Module/Controller/EntryController.class.php 第 14 行.
NOTIC: [8] Undefined index: t /var/www/wechat/Application/Module/Controller/EntryController.class.php 第 15 行.
NOTIC: [8] Undefined variable: class /var/www/wechat/Application/Module/Controller/EntryController.class.php 第 24 行.

[ 2017-05-01T09:47:58+08:00 ] 140.205.201.46 /
INFO: [ app_init ] --START--
INFO: Run Behavior\BuildLiteBehavior [ RunTime:0.000010s ]
INFO: [ app_init ] --END-- [ RunTime:0.000232s ]
INFO: [ app_begin ] --START--
INFO: Run Behavior\ReadHtmlCacheBehavior [ RunTime:0.000424s ]
SQL: SHOW COLUMNS FROM `wx_config` [ RunTime:0.0006s ]
SQL: SELECT * FROM `wx_config` WHERE `id` = 1 LIMIT 1   [ RunTime:0.0002s ]
INFO: Run Common\Behaviors\AppBeginBehavior [ RunTime:0.347464s ]
INFO: [ app_begin ] --END-- [ RunTime:0.348015s ]
NOTIC: [2] session_start(): open(/var/lib/php/session/sess_f2urh8l2vk3v35cod6v4t6hu75, O_RDWR) failed: Permission denied (13) /var/www/wechat/ThinkPHP/Common/functions.php 第 1263 行.
NOTIC: [8] Undefined index: mo /var/www/wechat/Application/Module/Controller/EntryController.class.php 第 14 行.
NOTIC: [8] Undefined index: t /var/www/wechat/Application/Module/Controller/EntryController.class.php 第 15 行.
NOTIC: [8] Undefined variable: class /var/www/wechat/Application/Module/Controller/EntryController.class.php 第 24 行.

[ 2017-05-01T10:20:48+08:00 ] 140.205.201.46 /
INFO: [ app_init ] --START--
INFO: Run Behavior\BuildLiteBehavior [ RunTime:0.000011s ]
INFO: [ app_init ] --END-- [ RunTime:0.000249s ]
INFO: [ app_begin ] --START--
INFO: Run Behavior\ReadHtmlCacheBehavior [ RunTime:0.000329s ]
SQL: SHOW COLUMNS FROM `wx_config` [ RunTime:0.0005s ]
SQL: SELECT * FROM `wx_config` WHERE `id` = 1 LIMIT 1   [ RunTime:0.0002s ]
INFO: Run Common\Behaviors\AppBeginBehavior [ RunTime:0.007971s ]
INFO: [ app_begin ] --END-- [ RunTime:0.008373s ]
NOTIC: [2] session_start(): open(/var/lib/php/session/sess_d91b94n3mt7gtvblmh275v2v90, O_RDWR) failed: Permission denied (13) /var/www/wechat/ThinkPHP/Common/functions.php 第 1263 行.
NOTIC: [8] Undefined index: mo /var/www/wechat/Application/Module/Controller/EntryController.class.php 第 14 行.
NOTIC: [8] Undefined index: t /var/www/wechat/Application/Module/Controller/EntryController.class.php 第 15 行.
NOTIC: [8] Undefined variable: class /var/www/wechat/Application/Module/Controller/EntryController.class.php 第 24 行.

[ 2017-05-01T10:34:13+08:00 ] 140.205.201.46 /
INFO: [ app_init ] --START--
INFO: Run Behavior\BuildLiteBehavior [ RunTime:0.000010s ]
INFO: [ app_init ] --END-- [ RunTime:0.000225s ]
INFO: [ app_begin ] --START--
INFO: Run Behavior\ReadHtmlCacheBehavior [ RunTime:0.000321s ]
SQL: SHOW COLUMNS FROM `wx_config` [ RunTime:0.0005s ]
SQL: SELECT * FROM `wx_config` WHERE `id` = 1 LIMIT 1   [ RunTime:0.0002s ]
INFO: Run Common\Behaviors\AppBeginBehavior [ RunTime:0.007396s ]
INFO: [ app_begin ] --END-- [ RunTime:0.007776s ]
NOTIC: [2] session_start(): open(/var/lib/php/session/sess_l48u6pcavflmuo3mvng5djj8a2, O_RDWR) failed: Permission denied (13) /var/www/wechat/ThinkPHP/Common/functions.php 第 1263 行.
NOTIC: [8] Undefined index: mo /var/www/wechat/Application/Module/Controller/EntryController.class.php 第 14 行.
NOTIC: [8] Undefined index: t /var/www/wechat/Application/Module/Controller/EntryController.class.php 第 15 行.
NOTIC: [8] Undefined variable: class /var/www/wechat/Application/Module/Controller/EntryController.class.php 第 24 行.

[ 2017-05-01T10:46:17+08:00 ] 140.205.201.46 /
INFO: [ app_init ] --START--
INFO: Run Behavior\BuildLiteBehavior [ RunTime:0.000011s ]
INFO: [ app_init ] --END-- [ RunTime:0.000232s ]
INFO: [ app_begin ] --START--
INFO: Run Behavior\ReadHtmlCacheBehavior [ RunTime:0.000329s ]
SQL: SHOW COLUMNS FROM `wx_config` [ RunTime:0.0005s ]
SQL: SELECT * FROM `wx_config` WHERE `id` = 1 LIMIT 1   [ RunTime:0.0002s ]
INFO: Run Common\Behaviors\AppBeginBehavior [ RunTime:0.007837s ]
INFO: [ app_begin ] --END-- [ RunTime:0.008226s ]
NOTIC: [2] session_start(): open(/var/lib/php/session/sess_qsi5lm9606dspcrquh6og9dfh1, O_RDWR) failed: Permission denied (13) /var/www/wechat/ThinkPHP/Common/functions.php 第 1263 行.
NOTIC: [8] Undefined index: mo /var/www/wechat/Application/Module/Controller/EntryController.class.php 第 14 行.
NOTIC: [8] Undefined index: t /var/www/wechat/Application/Module/Controller/EntryController.class.php 第 15 行.
NOTIC: [8] Undefined variable: class /var/www/wechat/Application/Module/Controller/EntryController.class.php 第 24 行.

[ 2017-05-01T10:59:29+08:00 ] 140.205.201.46 /
INFO: [ app_init ] --START--
INFO: Run Behavior\BuildLiteBehavior [ RunTime:0.000011s ]
INFO: [ app_init ] --END-- [ RunTime:0.000264s ]
INFO: [ app_begin ] --START--
INFO: Run Behavior\ReadHtmlCacheBehavior [ RunTime:0.000285s ]
SQL: SHOW COLUMNS FROM `wx_config` [ RunTime:0.0005s ]
SQL: SELECT * FROM `wx_config` WHERE `id` = 1 LIMIT 1   [ RunTime:0.0002s ]
INFO: Run Common\Behaviors\AppBeginBehavior [ RunTime:0.007601s ]
INFO: [ app_begin ] --END-- [ RunTime:0.007945s ]
NOTIC: [2] session_start(): open(/var/lib/php/session/sess_rkpglk1outls26rh8lq1ua6r97, O_RDWR) failed: Permission denied (13) /var/www/wechat/ThinkPHP/Common/functions.php 第 1263 行.
NOTIC: [8] Undefined index: mo /var/www/wechat/Application/Module/Controller/EntryController.class.php 第 14 行.
NOTIC: [8] Undefined index: t /var/www/wechat/Application/Module/Controller/EntryController.class.php 第 15 行.
NOTIC: [8] Undefined variable: class /var/www/wechat/Application/Module/Controller/EntryController.class.php 第 24 行.

[ 2017-05-01T11:10:12+08:00 ] 140.205.201.46 /index.php
INFO: [ app_init ] --START--
INFO: Run Behavior\BuildLiteBehavior [ RunTime:0.000011s ]
INFO: [ app_init ] --END-- [ RunTime:0.000235s ]
INFO: [ app_begin ] --START--
INFO: Run Behavior\ReadHtmlCacheBehavior [ RunTime:0.000283s ]
SQL: SHOW COLUMNS FROM `wx_config` [ RunTime:0.0005s ]
SQL: SELECT * FROM `wx_config` WHERE `id` = 1 LIMIT 1   [ RunTime:0.0002s ]
INFO: Run Common\Behaviors\AppBeginBehavior [ RunTime:0.007573s ]
INFO: [ app_begin ] --END-- [ RunTime:0.007916s ]
NOTIC: [2] session_start(): open(/var/lib/php/session/sess_73rh01675l7602bkhugvh6qc54, O_RDWR) failed: Permission denied (13) /var/www/wechat/ThinkPHP/Common/functions.php 第 1263 行.
NOTIC: [8] Undefined index: mo /var/www/wechat/Application/Module/Controller/EntryController.class.php 第 14 行.
NOTIC: [8] Undefined index: t /var/www/wechat/Application/Module/Controller/EntryController.class.php 第 15 行.
NOTIC: [8] Undefined variable: class /var/www/wechat/Application/Module/Controller/EntryController.class.php 第 24 行.

[ 2017-05-01T11:14:19+08:00 ] 140.205.201.46 /
INFO: [ app_init ] --START--
INFO: Run Behavior\BuildLiteBehavior [ RunTime:0.000010s ]
INFO: [ app_init ] --END-- [ RunTime:0.000239s ]
INFO: [ app_begin ] --START--
INFO: Run Behavior\ReadHtmlCacheBehavior [ RunTime:0.000320s ]
SQL: SHOW COLUMNS FROM `wx_config` [ RunTime:0.0005s ]
SQL: SELECT * FROM `wx_config` WHERE `id` = 1 LIMIT 1   [ RunTime:0.0002s ]
INFO: Run Common\Behaviors\AppBeginBehavior [ RunTime:0.007779s ]
INFO: [ app_begin ] --END-- [ RunTime:0.008159s ]
NOTIC: [2] session_start(): open(/var/lib/php/session/sess_90li70de8io5h7ktlphgd4ke75, O_RDWR) failed: Permission denied (13) /var/www/wechat/ThinkPHP/Common/functions.php 第 1263 行.
NOTIC: [8] Undefined index: mo /var/www/wechat/Application/Module/Controller/EntryController.class.php 第 14 行.
NOTIC: [8] Undefined index: t /var/www/wechat/Application/Module/Controller/EntryController.class.php 第 15 行.
NOTIC: [8] Undefined variable: class /var/www/wechat/Application/Module/Controller/EntryController.class.php 第 24 行.

[ 2017-05-01T11:14:24+08:00 ] 140.205.201.46 /
INFO: [ app_init ] --START--
INFO: Run Behavior\BuildLiteBehavior [ RunTime:0.000010s ]
INFO: [ app_init ] --END-- [ RunTime:0.000266s ]
INFO: [ app_begin ] --START--
INFO: Run Behavior\ReadHtmlCacheBehavior [ RunTime:0.000285s ]
SQL: SHOW COLUMNS FROM `wx_config` [ RunTime:0.0005s ]
SQL: SELECT * FROM `wx_config` WHERE `id` = 1 LIMIT 1   [ RunTime:0.0002s ]
NOTIC: [2] simplexml_load_string(): Entity: line 1: parser error : Start tag expected, '&lt;' not found /var/www/wechat/vendor/houdunwang/wechat/src/WeChat.php 第 50 行.
NOTIC: [2] simplexml_load_string(): 1 /var/www/wechat/vendor/houdunwang/wechat/src/WeChat.php 第 50 行.
NOTIC: [2] simplexml_load_string(): ^ /var/www/wechat/vendor/houdunwang/wechat/src/WeChat.php 第 50 行.
INFO: Run Common\Behaviors\AppBeginBehavior [ RunTime:0.007885s ]
INFO: [ app_begin ] --END-- [ RunTime:0.008223s ]
NOTIC: [2] session_start(): open(/var/lib/php/session/sess_l16732r0stsk2e0bloc7e0vcs3, O_RDWR) failed: Permission denied (13) /var/www/wechat/ThinkPHP/Common/functions.php 第 1263 行.
NOTIC: [8] Undefined index: mo /var/www/wechat/Application/Module/Controller/EntryController.class.php 第 14 行.
NOTIC: [8] Undefined index: t /var/www/wechat/Application/Module/Controller/EntryController.class.php 第 15 行.
NOTIC: [8] Undefined variable: class /var/www/wechat/Application/Module/Controller/EntryController.class.php 第 24 行.

[ 2017-05-01T11:14:46+08:00 ] 140.205.201.46 /
INFO: [ app_init ] --START--
INFO: Run Behavior\BuildLiteBehavior [ RunTime:0.000011s ]
INFO: [ app_init ] --END-- [ RunTime:0.000257s ]
INFO: [ app_begin ] --START--
INFO: Run Behavior\ReadHtmlCacheBehavior [ RunTime:0.000288s ]
SQL: SHOW COLUMNS FROM `wx_config` [ RunTime:0.0005s ]
SQL: SELECT * FROM `wx_config` WHERE `id` = 1 LIMIT 1   [ RunTime:0.0002s ]
INFO: Run Common\Behaviors\AppBeginBehavior [ RunTime:0.007543s ]
INFO: [ app_begin ] --END-- [ RunTime:0.007906s ]
NOTIC: [2] session_start(): open(/var/lib/php/session/sess_qd48f26tlolvf5mvg64o4ta451, O_RDWR) failed: Permission denied (13) /var/www/wechat/ThinkPHP/Common/functions.php 第 1263 行.
NOTIC: [8] Undefined index: mo /var/www/wechat/Application/Module/Controller/EntryController.class.php 第 14 行.
NOTIC: [8] Undefined index: t /var/www/wechat/Application/Module/Controller/EntryController.class.php 第 15 行.
NOTIC: [8] Undefined variable: class /var/www/wechat/Application/Module/Controller/EntryController.class.php 第 24 行.

[ 2017-05-01T11:15:22+08:00 ] 140.205.201.46 /
INFO: [ app_init ] --START--
INFO: Run Behavior\BuildLiteBehavior [ RunTime:0.000010s ]
INFO: [ app_init ] --END-- [ RunTime:0.000271s ]
INFO: [ app_begin ] --START--
INFO: Run Behavior\ReadHtmlCacheBehavior [ RunTime:0.000293s ]
SQL: SHOW COLUMNS FROM `wx_config` [ RunTime:0.0005s ]
SQL: SELECT * FROM `wx_config` WHERE `id` = 1 LIMIT 1   [ RunTime:0.0002s ]
INFO: Run Common\Behaviors\AppBeginBehavior [ RunTime:0.007820s ]
INFO: [ app_begin ] --END-- [ RunTime:0.008175s ]
NOTIC: [2] session_start(): open(/var/lib/php/session/sess_sdl004evh46nol63kanhkl3rf6, O_RDWR) failed: Permission denied (13) /var/www/wechat/ThinkPHP/Common/functions.php 第 1263 行.
NOTIC: [8] Undefined index: mo /var/www/wechat/Application/Module/Controller/EntryController.class.php 第 14 行.
NOTIC: [8] Undefined index: t /var/www/wechat/Application/Module/Controller/EntryController.class.php 第 15 行.
NOTIC: [8] Undefined variable: class /var/www/wechat/Application/Module/Controller/EntryController.class.php 第 24 行.

[ 2017-05-01T11:15:45+08:00 ] 140.205.201.46 /
INFO: [ app_init ] --START--
INFO: Run Behavior\BuildLiteBehavior [ RunTime:0.000010s ]
INFO: [ app_init ] --END-- [ RunTime:0.000266s ]
INFO: [ app_begin ] --START--
INFO: Run Behavior\ReadHtmlCacheBehavior [ RunTime:0.000312s ]
SQL: SHOW COLUMNS FROM `wx_config` [ RunTime:0.0006s ]
SQL: SELECT * FROM `wx_config` WHERE `id` = 1 LIMIT 1   [ RunTime:0.0002s ]
INFO: Run Common\Behaviors\AppBeginBehavior [ RunTime:0.008189s ]
INFO: [ app_begin ] --END-- [ RunTime:0.008570s ]
NOTIC: [2] session_start(): open(/var/lib/php/session/sess_p576qu16mdiuj22mm8ua77e503, O_RDWR) failed: Permission denied (13) /var/www/wechat/ThinkPHP/Common/functions.php 第 1263 行.
NOTIC: [8] Undefined index: mo /var/www/wechat/Application/Module/Controller/EntryController.class.php 第 14 行.
NOTIC: [8] Undefined index: t /var/www/wechat/Application/Module/Controller/EntryController.class.php 第 15 行.
NOTIC: [8] Undefined variable: class /var/www/wechat/Application/Module/Controller/EntryController.class.php 第 24 行.

[ 2017-05-01T14:46:31+08:00 ] 49.48.222.191 /
INFO: [ app_init ] --START--
INFO: Run Behavior\BuildLiteBehavior [ RunTime:0.000011s ]
INFO: [ app_init ] --END-- [ RunTime:0.000232s ]
INFO: [ app_begin ] --START--
INFO: Run Behavior\ReadHtmlCacheBehavior [ RunTime:0.000329s ]
SQL: SHOW COLUMNS FROM `wx_config` [ RunTime:0.0005s ]
SQL: SELECT * FROM `wx_config` WHERE `id` = 1 LIMIT 1   [ RunTime:0.0002s ]
INFO: Run Common\Behaviors\AppBeginBehavior [ RunTime:0.347127s ]
INFO: [ app_begin ] --END-- [ RunTime:0.347543s ]
NOTIC: [2] session_start(): open(/var/lib/php/session/sess_p9q7lbvi4d6s3ff20hk4ml2e10, O_RDWR) failed: Permission denied (13) /var/www/wechat/ThinkPHP/Common/functions.php 第 1263 行.
NOTIC: [8] Undefined index: mo /var/www/wechat/Application/Module/Controller/EntryController.class.php 第 14 行.
NOTIC: [8] Undefined index: t /var/www/wechat/Application/Module/Controller/EntryController.class.php 第 15 行.
NOTIC: [8] Undefined variable: class /var/www/wechat/Application/Module/Controller/EntryController.class.php 第 24 行.

[ 2017-05-01T17:33:28+08:00 ] 111.206.36.138 /
INFO: [ app_init ] --START--
INFO: Run Behavior\BuildLiteBehavior [ RunTime:0.000010s ]
INFO: [ app_init ] --END-- [ RunTime:0.000230s ]
INFO: [ app_begin ] --START--
INFO: Run Behavior\ReadHtmlCacheBehavior [ RunTime:0.000339s ]
SQL: SHOW COLUMNS FROM `wx_config` [ RunTime:0.0005s ]
SQL: SELECT * FROM `wx_config` WHERE `id` = 1 LIMIT 1   [ RunTime:0.0002s ]
INFO: Run Common\Behaviors\AppBeginBehavior [ RunTime:0.353626s ]
INFO: [ app_begin ] --END-- [ RunTime:0.354067s ]
NOTIC: [2] session_start(): open(/var/lib/php/session/sess_porbc30n0sujafebhqfjq52m35, O_RDWR) failed: Permission denied (13) /var/www/wechat/ThinkPHP/Common/functions.php 第 1263 行.
NOTIC: [8] Undefined index: mo /var/www/wechat/Application/Module/Controller/EntryController.class.php 第 14 行.
NOTIC: [8] Undefined index: t /var/www/wechat/Application/Module/Controller/EntryController.class.php 第 15 行.
NOTIC: [8] Undefined variable: class /var/www/wechat/Application/Module/Controller/EntryController.class.php 第 24 行.

[ 2017-05-01T18:05:35+08:00 ] 140.205.201.42 /
INFO: [ app_init ] --START--
INFO: Run Behavior\BuildLiteBehavior [ RunTime:0.000012s ]
INFO: [ app_init ] --END-- [ RunTime:0.000277s ]
INFO: [ app_begin ] --START--
INFO: Run Behavior\ReadHtmlCacheBehavior [ RunTime:0.000281s ]
SQL: SHOW COLUMNS FROM `wx_config` [ RunTime:0.0005s ]
SQL: SELECT * FROM `wx_config` WHERE `id` = 1 LIMIT 1   [ RunTime:0.0002s ]
INFO: Run Common\Behaviors\AppBeginBehavior [ RunTime:0.007793s ]
INFO: [ app_begin ] --END-- [ RunTime:0.008135s ]
NOTIC: [2] session_start(): open(/var/lib/php/session/sess_ot4ed6h5891g4kcmc2psvgjld0, O_RDWR) failed: Permission denied (13) /var/www/wechat/ThinkPHP/Common/functions.php 第 1263 行.
NOTIC: [8] Undefined index: mo /var/www/wechat/Application/Module/Controller/EntryController.class.php 第 14 行.
NOTIC: [8] Undefined index: t /var/www/wechat/Application/Module/Controller/EntryController.class.php 第 15 行.
NOTIC: [8] Undefined variable: class /var/www/wechat/Application/Module/Controller/EntryController.class.php 第 24 行.

[ 2017-05-01T18:09:28+08:00 ] 140.205.201.42 /
INFO: [ app_init ] --START--
INFO: Run Behavior\BuildLiteBehavior [ RunTime:0.000013s ]
INFO: [ app_init ] --END-- [ RunTime:0.000245s ]
INFO: [ app_begin ] --START--
INFO: Run Behavior\ReadHtmlCacheBehavior [ RunTime:0.000285s ]
SQL: SHOW COLUMNS FROM `wx_config` [ RunTime:0.0005s ]
SQL: SELECT * FROM `wx_config` WHERE `id` = 1 LIMIT 1   [ RunTime:0.0002s ]
INFO: Run Common\Behaviors\AppBeginBehavior [ RunTime:0.007888s ]
INFO: [ app_begin ] --END-- [ RunTime:0.008232s ]
NOTIC: [2] session_start(): open(/var/lib/php/session/sess_kt27oskpflbu9urposcg1g6qn6, O_RDWR) failed: Permission denied (13) /var/www/wechat/ThinkPHP/Common/functions.php 第 1263 行.
NOTIC: [8] Undefined index: mo /var/www/wechat/Application/Module/Controller/EntryController.class.php 第 14 行.
NOTIC: [8] Undefined index: t /var/www/wechat/Application/Module/Controller/EntryController.class.php 第 15 行.
NOTIC: [8] Undefined variable: class /var/www/wechat/Application/Module/Controller/EntryController.class.php 第 24 行.

[ 2017-05-01T18:09:57+08:00 ] 140.205.201.42 /
INFO: [ app_init ] --START--
INFO: Run Behavior\BuildLiteBehavior [ RunTime:0.000010s ]
INFO: [ app_init ] --END-- [ RunTime:0.000257s ]
INFO: [ app_begin ] --START--
INFO: Run Behavior\ReadHtmlCacheBehavior [ RunTime:0.000280s ]
SQL: SHOW COLUMNS FROM `wx_config` [ RunTime:0.0005s ]
SQL: SELECT * FROM `wx_config` WHERE `id` = 1 LIMIT 1   [ RunTime:0.0002s ]
INFO: Run Common\Behaviors\AppBeginBehavior [ RunTime:0.007456s ]
INFO: [ app_begin ] --END-- [ RunTime:0.007795s ]
NOTIC: [2] session_start(): open(/var/lib/php/session/sess_r5qaq2t0p3bmctohiekg0h1fr2, O_RDWR) failed: Permission denied (13) /var/www/wechat/ThinkPHP/Common/functions.php 第 1263 行.
NOTIC: [8] Undefined index: mo /var/www/wechat/Application/Module/Controller/EntryController.class.php 第 14 行.
NOTIC: [8] Undefined index: t /var/www/wechat/Application/Module/Controller/EntryController.class.php 第 15 行.
NOTIC: [8] Undefined variable: class /var/www/wechat/Application/Module/Controller/EntryController.class.php 第 24 行.

[ 2017-05-01T18:10:20+08:00 ] 140.205.201.42 /
INFO: [ app_init ] --START--
INFO: Run Behavior\BuildLiteBehavior [ RunTime:0.000010s ]
INFO: [ app_init ] --END-- [ RunTime:0.000226s ]
INFO: [ app_begin ] --START--
INFO: Run Behavior\ReadHtmlCacheBehavior [ RunTime:0.000318s ]
SQL: SHOW COLUMNS FROM `wx_config` [ RunTime:0.0005s ]
SQL: SELECT * FROM `wx_config` WHERE `id` = 1 LIMIT 1   [ RunTime:0.0002s ]
INFO: Run Common\Behaviors\AppBeginBehavior [ RunTime:0.007422s ]
INFO: [ app_begin ] --END-- [ RunTime:0.007799s ]
NOTIC: [2] session_start(): open(/var/lib/php/session/sess_gs17qf18uvsafp4cfcj64sfb24, O_RDWR) failed: Permission denied (13) /var/www/wechat/ThinkPHP/Common/functions.php 第 1263 行.
NOTIC: [8] Undefined index: mo /var/www/wechat/Application/Module/Controller/EntryController.class.php 第 14 行.
NOTIC: [8] Undefined index: t /var/www/wechat/Application/Module/Controller/EntryController.class.php 第 15 行.
NOTIC: [8] Undefined variable: class /var/www/wechat/Application/Module/Controller/EntryController.class.php 第 24 行.

[ 2017-05-01T18:10:36+08:00 ] 140.205.201.42 /
INFO: [ app_init ] --START--
INFO: Run Behavior\BuildLiteBehavior [ RunTime:0.000010s ]
INFO: [ app_init ] --END-- [ RunTime:0.000224s ]
INFO: [ app_begin ] --START--
INFO: Run Behavior\ReadHtmlCacheBehavior [ RunTime:0.000313s ]
SQL: SHOW COLUMNS FROM `wx_config` [ RunTime:0.0005s ]
SQL: SELECT * FROM `wx_config` WHERE `id` = 1 LIMIT 1   [ RunTime:0.0002s ]
INFO: Run Common\Behaviors\AppBeginBehavior [ RunTime:0.007453s ]
INFO: [ app_begin ] --END-- [ RunTime:0.007825s ]
NOTIC: [2] session_start(): open(/var/lib/php/session/sess_0nigpmdqm43o8lq0rgcs18vfh7, O_RDWR) failed: Permission denied (13) /var/www/wechat/ThinkPHP/Common/functions.php 第 1263 行.
NOTIC: [8] Undefined index: mo /var/www/wechat/Application/Module/Controller/EntryController.class.php 第 14 行.
NOTIC: [8] Undefined index: t /var/www/wechat/Application/Module/Controller/EntryController.class.php 第 15 行.
NOTIC: [8] Undefined variable: class /var/www/wechat/Application/Module/Controller/EntryController.class.php 第 24 行.

[ 2017-05-01T18:10:53+08:00 ] 140.205.201.42 /index.php
INFO: [ app_init ] --START--
INFO: Run Behavior\BuildLiteBehavior [ RunTime:0.000010s ]
INFO: [ app_init ] --END-- [ RunTime:0.000250s ]
INFO: [ app_begin ] --START--
INFO: Run Behavior\ReadHtmlCacheBehavior [ RunTime:0.000283s ]
SQL: SHOW COLUMNS FROM `wx_config` [ RunTime:0.0006s ]
SQL: SELECT * FROM `wx_config` WHERE `id` = 1 LIMIT 1   [ RunTime:0.0002s ]
INFO: Run Common\Behaviors\AppBeginBehavior [ RunTime:0.007614s ]
INFO: [ app_begin ] --END-- [ RunTime:0.007955s ]
NOTIC: [2] session_start(): open(/var/lib/php/session/sess_uoenfutg1angofh8er822vfhl6, O_RDWR) failed: Permission denied (13) /var/www/wechat/ThinkPHP/Common/functions.php 第 1263 行.
NOTIC: [8] Undefined index: mo /var/www/wechat/Application/Module/Controller/EntryController.class.php 第 14 行.
NOTIC: [8] Undefined index: t /var/www/wechat/Application/Module/Controller/EntryController.class.php 第 15 行.
NOTIC: [8] Undefined variable: class /var/www/wechat/Application/Module/Controller/EntryController.class.php 第 24 行.

[ 2017-05-01T18:10:58+08:00 ] 140.205.201.42 /
INFO: [ app_init ] --START--
INFO: Run Behavior\BuildLiteBehavior [ RunTime:0.000014s ]
INFO: [ app_init ] --END-- [ RunTime:0.000372s ]
INFO: [ app_begin ] --START--
INFO: Run Behavior\ReadHtmlCacheBehavior [ RunTime:0.000426s ]
SQL: SHOW COLUMNS FROM `wx_config` [ RunTime:0.0005s ]
SQL: SELECT * FROM `wx_config` WHERE `id` = 1 LIMIT 1   [ RunTime:0.0002s ]
INFO: Run Common\Behaviors\AppBeginBehavior [ RunTime:0.010010s ]
INFO: [ app_begin ] --END-- [ RunTime:0.010509s ]
NOTIC: [2] session_start(): open(/var/lib/php/session/sess_5ghu45ig1h3e4dbmj04t93sro2, O_RDWR) failed: Permission denied (13) /var/www/wechat/ThinkPHP/Common/functions.php 第 1263 行.
NOTIC: [8] Undefined index: mo /var/www/wechat/Application/Module/Controller/EntryController.class.php 第 14 行.
NOTIC: [8] Undefined index: t /var/www/wechat/Application/Module/Controller/EntryController.class.php 第 15 行.
NOTIC: [8] Undefined variable: class /var/www/wechat/Application/Module/Controller/EntryController.class.php 第 24 行.

[ 2017-05-01T18:10:58+08:00 ] 140.205.201.42 /
INFO: [ app_init ] --START--
INFO: Run Behavior\BuildLiteBehavior [ RunTime:0.000010s ]
INFO: [ app_init ] --END-- [ RunTime:0.000270s ]
INFO: [ app_begin ] --START--
INFO: Run Behavior\ReadHtmlCacheBehavior [ RunTime:0.000284s ]
SQL: SHOW COLUMNS FROM `wx_config` [ RunTime:0.0006s ]
SQL: SELECT * FROM `wx_config` WHERE `id` = 1 LIMIT 1   [ RunTime:0.0002s ]
NOTIC: [2] simplexml_load_string(): Entity: line 1: parser error : Start tag expected, '&lt;' not found /var/www/wechat/vendor/houdunwang/wechat/src/WeChat.php 第 50 行.
NOTIC: [2] simplexml_load_string(): 1 /var/www/wechat/vendor/houdunwang/wechat/src/WeChat.php 第 50 行.
NOTIC: [2] simplexml_load_string(): ^ /var/www/wechat/vendor/houdunwang/wechat/src/WeChat.php 第 50 行.
INFO: Run Common\Behaviors\AppBeginBehavior [ RunTime:0.007886s ]
INFO: [ app_begin ] --END-- [ RunTime:0.008222s ]
NOTIC: [2] session_start(): open(/var/lib/php/session/sess_nilvl8tmeikgogr8rf1emvn8s4, O_RDWR) failed: Permission denied (13) /var/www/wechat/ThinkPHP/Common/functions.php 第 1263 行.
NOTIC: [8] Undefined index: mo /var/www/wechat/Application/Module/Controller/EntryController.class.php 第 14 行.
NOTIC: [8] Undefined index: t /var/www/wechat/Application/Module/Controller/EntryController.class.php 第 15 行.
NOTIC: [8] Undefined variable: class /var/www/wechat/Application/Module/Controller/EntryController.class.php 第 24 行.

[ 2017-05-01T18:11:02+08:00 ] 140.205.201.42 /
INFO: [ app_init ] --START--
INFO: Run Behavior\BuildLiteBehavior [ RunTime:0.000010s ]
INFO: [ app_init ] --END-- [ RunTime:0.000229s ]
INFO: [ app_begin ] --START--
INFO: Run Behavior\ReadHtmlCacheBehavior [ RunTime:0.000334s ]
SQL: SHOW COLUMNS FROM `wx_config` [ RunTime:0.0005s ]
SQL: SELECT * FROM `wx_config` WHERE `id` = 1 LIMIT 1   [ RunTime:0.0002s ]
INFO: Run Common\Behaviors\AppBeginBehavior [ RunTime:0.008121s ]
INFO: [ app_begin ] --END-- [ RunTime:0.008520s ]
NOTIC: [2] session_start(): open(/var/lib/php/session/sess_0o8vd350knhqkl652rseueifl2, O_RDWR) failed: Permission denied (13) /var/www/wechat/ThinkPHP/Common/functions.php 第 1263 行.
NOTIC: [8] Undefined index: mo /var/www/wechat/Application/Module/Controller/EntryController.class.php 第 14 行.
NOTIC: [8] Undefined index: t /var/www/wechat/Application/Module/Controller/EntryController.class.php 第 15 行.
NOTIC: [8] Undefined variable: class /var/www/wechat/Application/Module/Controller/EntryController.class.php 第 24 行.

[ 2017-05-01T18:11:04+08:00 ] 140.205.201.42 /
INFO: [ app_init ] --START--
INFO: Run Behavior\BuildLiteBehavior [ RunTime:0.000010s ]
INFO: [ app_init ] --END-- [ RunTime:0.000225s ]
INFO: [ app_begin ] --START--
INFO: Run Behavior\ReadHtmlCacheBehavior [ RunTime:0.000294s ]
SQL: SHOW COLUMNS FROM `wx_config` [ RunTime:0.0005s ]
SQL: SELECT * FROM `wx_config` WHERE `id` = 1 LIMIT 1   [ RunTime:0.0002s ]
INFO: Run Common\Behaviors\AppBeginBehavior [ RunTime:0.007824s ]
INFO: [ app_begin ] --END-- [ RunTime:0.008188s ]
NOTIC: [2] session_start(): open(/var/lib/php/session/sess_si4eruvuiha6mal9k9e577t5e4, O_RDWR) failed: Permission denied (13) /var/www/wechat/ThinkPHP/Common/functions.php 第 1263 行.
NOTIC: [8] Undefined index: mo /var/www/wechat/Application/Module/Controller/EntryController.class.php 第 14 行.
NOTIC: [8] Undefined index: t /var/www/wechat/Application/Module/Controller/EntryController.class.php 第 15 行.
NOTIC: [8] Undefined variable: class /var/www/wechat/Application/Module/Controller/EntryController.class.php 第 24 行.

[ 2017-05-01T18:11:11+08:00 ] 140.205.201.42 /
INFO: [ app_init ] --START--
INFO: Run Behavior\BuildLiteBehavior [ RunTime:0.000011s ]
INFO: [ app_init ] --END-- [ RunTime:0.000265s ]
INFO: [ app_begin ] --START--
INFO: Run Behavior\ReadHtmlCacheBehavior [ RunTime:0.000316s ]
SQL: SHOW COLUMNS FROM `wx_config` [ RunTime:0.0005s ]
SQL: SELECT * FROM `wx_config` WHERE `id` = 1 LIMIT 1   [ RunTime:0.0002s ]
INFO: Run Common\Behaviors\AppBeginBehavior [ RunTime:0.008753s ]
INFO: [ app_begin ] --END-- [ RunTime:0.009140s ]
NOTIC: [2] session_start(): open(/var/lib/php/session/sess_hb82a7ch17kl979ecna0gm8r06, O_RDWR) failed: Permission denied (13) /var/www/wechat/ThinkPHP/Common/functions.php 第 1263 行.
NOTIC: [8] Undefined index: mo /var/www/wechat/Application/Module/Controller/EntryController.class.php 第 14 行.
NOTIC: [8] Undefined index: t /var/www/wechat/Application/Module/Controller/EntryController.class.php 第 15 行.
NOTIC: [8] Undefined variable: class /var/www/wechat/Application/Module/Controller/EntryController.class.php 第 24 行.

[ 2017-05-01T19:19:21+08:00 ] 59.110.6.177 /
INFO: [ app_init ] --START--
INFO: Run Behavior\BuildLiteBehavior [ RunTime:0.000010s ]
INFO: [ app_init ] --END-- [ RunTime:0.000227s ]
INFO: [ app_begin ] --START--
INFO: Run Behavior\ReadHtmlCacheBehavior [ RunTime:0.000291s ]
SQL: SHOW COLUMNS FROM `wx_config` [ RunTime:0.0006s ]
SQL: SELECT * FROM `wx_config` WHERE `id` = 1 LIMIT 1   [ RunTime:0.0002s ]
INFO: Run Common\Behaviors\AppBeginBehavior [ RunTime:0.007836s ]
INFO: [ app_begin ] --END-- [ RunTime:0.008184s ]
NOTIC: [2] session_start(): open(/var/lib/php/session/sess_9kqh8niqq5kp0rboh5c7jcjbl2, O_RDWR) failed: Permission denied (13) /var/www/wechat/ThinkPHP/Common/functions.php 第 1263 行.
NOTIC: [8] Undefined index: mo /var/www/wechat/Application/Module/Controller/EntryController.class.php 第 14 行.
NOTIC: [8] Undefined index: t /var/www/wechat/Application/Module/Controller/EntryController.class.php 第 15 行.
NOTIC: [8] Undefined variable: class /var/www/wechat/Application/Module/Controller/EntryController.class.php 第 24 行.

[ 2017-05-01T19:59:58+08:00 ] 103.248.220.57 /
INFO: [ app_init ] --START--
INFO: Run Behavior\BuildLiteBehavior [ RunTime:0.000010s ]
INFO: [ app_init ] --END-- [ RunTime:0.000232s ]
INFO: [ app_begin ] --START--
INFO: Run Behavior\ReadHtmlCacheBehavior [ RunTime:0.000282s ]
SQL: SHOW COLUMNS FROM `wx_config` [ RunTime:0.0005s ]
SQL: SELECT * FROM `wx_config` WHERE `id` = 1 LIMIT 1   [ RunTime:0.0002s ]
INFO: Run Common\Behaviors\AppBeginBehavior [ RunTime:0.354995s ]
INFO: [ app_begin ] --END-- [ RunTime:0.355368s ]
NOTIC: [2] session_start(): open(/var/lib/php/session/sess_dpfi4v71kd201c2slv0cqpb5e6, O_RDWR) failed: Permission denied (13) /var/www/wechat/ThinkPHP/Common/functions.php 第 1263 行.
NOTIC: [8] Undefined index: mo /var/www/wechat/Application/Module/Controller/EntryController.class.php 第 14 行.
NOTIC: [8] Undefined index: t /var/www/wechat/Application/Module/Controller/EntryController.class.php 第 15 行.
NOTIC: [8] Undefined variable: class /var/www/wechat/Application/Module/Controller/EntryController.class.php 第 24 行.

