[ 2017-10-08T00:00:53+08:00 ] 47.93.127.198 /
INFO: [ app_init ] --START--
INFO: Run Behavior\BuildLiteBehavior [ RunTime:0.000010s ]
INFO: [ app_init ] --END-- [ RunTime:0.000243s ]
INFO: [ app_begin ] --START--
INFO: Run Behavior\ReadHtmlCacheBehavior [ RunTime:0.000287s ]
SQL: SHOW COLUMNS FROM `wx_config` [ RunTime:0.0006s ]
SQL: SELECT * FROM `wx_config` WHERE `id` = 1 LIMIT 1   [ RunTime:0.0002s ]
INFO: Run Common\Behaviors\AppBeginBehavior [ RunTime:0.359740s ]
INFO: [ app_begin ] --END-- [ RunTime:0.360134s ]
NOTIC: [2] session_start(): open(/var/lib/php/session/sess_bqh114v2od7brjaeqf8fvnrfm6, O_RDWR) failed: Permission denied (13) /var/www/wechat/ThinkPHP/Common/functions.php 第 1263 行.
NOTIC: [8] Undefined index: mo /var/www/wechat/Application/Module/Controller/EntryController.class.php 第 14 行.
NOTIC: [8] Undefined index: t /var/www/wechat/Application/Module/Controller/EntryController.class.php 第 15 行.
NOTIC: [8] Undefined variable: class /var/www/wechat/Application/Module/Controller/EntryController.class.php 第 24 行.

[ 2017-10-08T01:48:52+08:00 ] 140.205.201.42 /
INFO: [ app_init ] --START--
INFO: Run Behavior\BuildLiteBehavior [ RunTime:0.000017s ]
INFO: [ app_init ] --END-- [ RunTime:0.000410s ]
INFO: [ app_begin ] --START--
INFO: Run Behavior\ReadHtmlCacheBehavior [ RunTime:0.000508s ]
SQL: SHOW COLUMNS FROM `wx_config` [ RunTime:0.0009s ]
SQL: SELECT * FROM `wx_config` WHERE `id` = 1 LIMIT 1   [ RunTime:0.0003s ]
INFO: Run Common\Behaviors\AppBeginBehavior [ RunTime:0.013583s ]
INFO: [ app_begin ] --END-- [ RunTime:0.014182s ]
NOTIC: [2] session_start(): open(/var/lib/php/session/sess_lijppeibn655i66tfms4trc983, O_RDWR) failed: Permission denied (13) /var/www/wechat/ThinkPHP/Common/functions.php 第 1263 行.
NOTIC: [8] Undefined index: mo /var/www/wechat/Application/Module/Controller/EntryController.class.php 第 14 行.
NOTIC: [8] Undefined index: t /var/www/wechat/Application/Module/Controller/EntryController.class.php 第 15 行.
NOTIC: [8] Undefined variable: class /var/www/wechat/Application/Module/Controller/EntryController.class.php 第 24 行.

[ 2017-10-08T02:00:19+08:00 ] 140.205.201.42 /
INFO: [ app_init ] --START--
INFO: Run Behavior\BuildLiteBehavior [ RunTime:0.000011s ]
INFO: [ app_init ] --END-- [ RunTime:0.000230s ]
INFO: [ app_begin ] --START--
INFO: Run Behavior\ReadHtmlCacheBehavior [ RunTime:0.000317s ]
SQL: SHOW COLUMNS FROM `wx_config` [ RunTime:0.0005s ]
SQL: SELECT * FROM `wx_config` WHERE `id` = 1 LIMIT 1   [ RunTime:0.0002s ]
INFO: Run Common\Behaviors\AppBeginBehavior [ RunTime:0.467869s ]
INFO: [ app_begin ] --END-- [ RunTime:0.468280s ]
NOTIC: [2] session_start(): open(/var/lib/php/session/sess_gg9uqj7lcmpgnu5vji6m83rpo0, O_RDWR) failed: Permission denied (13) /var/www/wechat/ThinkPHP/Common/functions.php 第 1263 行.
NOTIC: [8] Undefined index: mo /var/www/wechat/Application/Module/Controller/EntryController.class.php 第 14 行.
NOTIC: [8] Undefined index: t /var/www/wechat/Application/Module/Controller/EntryController.class.php 第 15 行.
NOTIC: [8] Undefined variable: class /var/www/wechat/Application/Module/Controller/EntryController.class.php 第 24 行.

[ 2017-10-08T02:09:59+08:00 ] 140.205.201.42 /index.php
INFO: [ app_init ] --START--
INFO: Run Behavior\BuildLiteBehavior [ RunTime:0.000011s ]
INFO: [ app_init ] --END-- [ RunTime:0.000279s ]
INFO: [ app_begin ] --START--
INFO: Run Behavior\ReadHtmlCacheBehavior [ RunTime:0.000328s ]
SQL: SHOW COLUMNS FROM `wx_config` [ RunTime:0.0006s ]
SQL: SELECT * FROM `wx_config` WHERE `id` = 1 LIMIT 1   [ RunTime:0.0002s ]
INFO: Run Common\Behaviors\AppBeginBehavior [ RunTime:0.008817s ]
INFO: [ app_begin ] --END-- [ RunTime:0.009217s ]
NOTIC: [2] session_start(): open(/var/lib/php/session/sess_svfkps5i8sklq3421j9kjne2h6, O_RDWR) failed: Permission denied (13) /var/www/wechat/ThinkPHP/Common/functions.php 第 1263 行.
NOTIC: [8] Undefined index: mo /var/www/wechat/Application/Module/Controller/EntryController.class.php 第 14 行.
NOTIC: [8] Undefined index: t /var/www/wechat/Application/Module/Controller/EntryController.class.php 第 15 行.
NOTIC: [8] Undefined variable: class /var/www/wechat/Application/Module/Controller/EntryController.class.php 第 24 行.

[ 2017-10-08T02:22:06+08:00 ] 123.160.172.121 /
INFO: [ app_init ] --START--
INFO: Run Behavior\BuildLiteBehavior [ RunTime:0.000011s ]
INFO: [ app_init ] --END-- [ RunTime:0.000252s ]
INFO: [ app_begin ] --START--
INFO: Run Behavior\ReadHtmlCacheBehavior [ RunTime:0.000294s ]
SQL: SHOW COLUMNS FROM `wx_config` [ RunTime:0.0006s ]
SQL: SELECT * FROM `wx_config` WHERE `id` = 1 LIMIT 1   [ RunTime:0.0002s ]
INFO: Run Common\Behaviors\AppBeginBehavior [ RunTime:0.008388s ]
INFO: [ app_begin ] --END-- [ RunTime:0.008750s ]
NOTIC: [2] session_start(): open(/var/lib/php/session/sess_237qtc3rql9mpm0gqafe425st5, O_RDWR) failed: Permission denied (13) /var/www/wechat/ThinkPHP/Common/functions.php 第 1263 行.
NOTIC: [8] Undefined index: mo /var/www/wechat/Application/Module/Controller/EntryController.class.php 第 14 行.
NOTIC: [8] Undefined index: t /var/www/wechat/Application/Module/Controller/EntryController.class.php 第 15 行.
NOTIC: [8] Undefined variable: class /var/www/wechat/Application/Module/Controller/EntryController.class.php 第 24 行.

[ 2017-10-08T02:22:28+08:00 ] 221.238.131.253 /
INFO: [ app_init ] --START--
INFO: Run Behavior\BuildLiteBehavior [ RunTime:0.000009s ]
INFO: [ app_init ] --END-- [ RunTime:0.000224s ]
INFO: [ app_begin ] --START--
INFO: Run Behavior\ReadHtmlCacheBehavior [ RunTime:0.000329s ]
SQL: SHOW COLUMNS FROM `wx_config` [ RunTime:0.0005s ]
SQL: SELECT * FROM `wx_config` WHERE `id` = 1 LIMIT 1   [ RunTime:0.0002s ]
INFO: Run Common\Behaviors\AppBeginBehavior [ RunTime:0.007629s ]
INFO: [ app_begin ] --END-- [ RunTime:0.008045s ]
NOTIC: [2] session_start(): open(/var/lib/php/session/sess_93l28bu186a2k5kr7u2gmm7sp1, O_RDWR) failed: Permission denied (13) /var/www/wechat/ThinkPHP/Common/functions.php 第 1263 行.
NOTIC: [8] Undefined index: mo /var/www/wechat/Application/Module/Controller/EntryController.class.php 第 14 行.
NOTIC: [8] Undefined index: t /var/www/wechat/Application/Module/Controller/EntryController.class.php 第 15 行.
NOTIC: [8] Undefined variable: class /var/www/wechat/Application/Module/Controller/EntryController.class.php 第 24 行.

[ 2017-10-08T02:44:31+08:00 ] 140.205.201.42 /
INFO: [ app_init ] --START--
INFO: Run Behavior\BuildLiteBehavior [ RunTime:0.000016s ]
INFO: [ app_init ] --END-- [ RunTime:0.000360s ]
INFO: [ app_begin ] --START--
INFO: Run Behavior\ReadHtmlCacheBehavior [ RunTime:0.000457s ]
SQL: SHOW COLUMNS FROM `wx_config` [ RunTime:0.0006s ]
SQL: SELECT * FROM `wx_config` WHERE `id` = 1 LIMIT 1   [ RunTime:0.0002s ]
INFO: Run Common\Behaviors\AppBeginBehavior [ RunTime:0.008471s ]
INFO: [ app_begin ] --END-- [ RunTime:0.009002s ]
NOTIC: [2] session_start(): open(/var/lib/php/session/sess_6oosdobk48hfmbmrois725scn5, O_RDWR) failed: Permission denied (13) /var/www/wechat/ThinkPHP/Common/functions.php 第 1263 行.
NOTIC: [8] Undefined index: mo /var/www/wechat/Application/Module/Controller/EntryController.class.php 第 14 行.
NOTIC: [8] Undefined index: t /var/www/wechat/Application/Module/Controller/EntryController.class.php 第 15 行.
NOTIC: [8] Undefined variable: class /var/www/wechat/Application/Module/Controller/EntryController.class.php 第 24 行.

[ 2017-10-08T03:01:13+08:00 ] 140.205.201.42 /
INFO: [ app_init ] --START--
INFO: Run Behavior\BuildLiteBehavior [ RunTime:0.000010s ]
INFO: [ app_init ] --END-- [ RunTime:0.000226s ]
INFO: [ app_begin ] --START--
INFO: Run Behavior\ReadHtmlCacheBehavior [ RunTime:0.000290s ]
SQL: SHOW COLUMNS FROM `wx_config` [ RunTime:0.0005s ]
SQL: SELECT * FROM `wx_config` WHERE `id` = 1 LIMIT 1   [ RunTime:0.0003s ]
INFO: Run Common\Behaviors\AppBeginBehavior [ RunTime:0.008029s ]
INFO: [ app_begin ] --END-- [ RunTime:0.008385s ]
NOTIC: [2] session_start(): open(/var/lib/php/session/sess_a163qroncjtnev5pjd2fb8jul1, O_RDWR) failed: Permission denied (13) /var/www/wechat/ThinkPHP/Common/functions.php 第 1263 行.
NOTIC: [8] Undefined index: mo /var/www/wechat/Application/Module/Controller/EntryController.class.php 第 14 行.
NOTIC: [8] Undefined index: t /var/www/wechat/Application/Module/Controller/EntryController.class.php 第 15 行.
NOTIC: [8] Undefined variable: class /var/www/wechat/Application/Module/Controller/EntryController.class.php 第 24 行.

[ 2017-10-08T03:02:18+08:00 ] 140.205.201.42 /
INFO: [ app_init ] --START--
INFO: Run Behavior\BuildLiteBehavior [ RunTime:0.000012s ]
INFO: [ app_init ] --END-- [ RunTime:0.000320s ]
INFO: [ app_begin ] --START--
INFO: Run Behavior\ReadHtmlCacheBehavior [ RunTime:0.000312s ]
SQL: SHOW COLUMNS FROM `wx_config` [ RunTime:0.0006s ]
SQL: SELECT * FROM `wx_config` WHERE `id` = 1 LIMIT 1   [ RunTime:0.0002s ]
INFO: Run Common\Behaviors\AppBeginBehavior [ RunTime:0.008805s ]
INFO: [ app_begin ] --END-- [ RunTime:0.009192s ]
NOTIC: [2] session_start(): open(/var/lib/php/session/sess_sigcegh3690r2s7hbamqjss3r4, O_RDWR) failed: Permission denied (13) /var/www/wechat/ThinkPHP/Common/functions.php 第 1263 行.
NOTIC: [8] Undefined index: mo /var/www/wechat/Application/Module/Controller/EntryController.class.php 第 14 行.
NOTIC: [8] Undefined index: t /var/www/wechat/Application/Module/Controller/EntryController.class.php 第 15 行.
NOTIC: [8] Undefined variable: class /var/www/wechat/Application/Module/Controller/EntryController.class.php 第 24 行.

[ 2017-10-08T03:26:05+08:00 ] 140.205.201.42 /
INFO: [ app_init ] --START--
INFO: Run Behavior\BuildLiteBehavior [ RunTime:0.000019s ]
INFO: [ app_init ] --END-- [ RunTime:0.000262s ]
INFO: [ app_begin ] --START--
INFO: Run Behavior\ReadHtmlCacheBehavior [ RunTime:0.000317s ]
SQL: SHOW COLUMNS FROM `wx_config` [ RunTime:0.0005s ]
SQL: SELECT * FROM `wx_config` WHERE `id` = 1 LIMIT 1   [ RunTime:0.0002s ]
INFO: Run Common\Behaviors\AppBeginBehavior [ RunTime:0.008237s ]
INFO: [ app_begin ] --END-- [ RunTime:0.008629s ]
NOTIC: [2] session_start(): open(/var/lib/php/session/sess_ac1ps3371kb7o19bnsfrpr8v62, O_RDWR) failed: Permission denied (13) /var/www/wechat/ThinkPHP/Common/functions.php 第 1263 行.
NOTIC: [8] Undefined index: mo /var/www/wechat/Application/Module/Controller/EntryController.class.php 第 14 行.
NOTIC: [8] Undefined index: t /var/www/wechat/Application/Module/Controller/EntryController.class.php 第 15 行.
NOTIC: [8] Undefined variable: class /var/www/wechat/Application/Module/Controller/EntryController.class.php 第 24 行.

[ 2017-10-08T03:33:22+08:00 ] 140.205.201.42 /
INFO: [ app_init ] --START--
INFO: Run Behavior\BuildLiteBehavior [ RunTime:0.000011s ]
INFO: [ app_init ] --END-- [ RunTime:0.000247s ]
INFO: [ app_begin ] --START--
INFO: Run Behavior\ReadHtmlCacheBehavior [ RunTime:0.000291s ]
SQL: SHOW COLUMNS FROM `wx_config` [ RunTime:0.0006s ]
SQL: SELECT * FROM `wx_config` WHERE `id` = 1 LIMIT 1   [ RunTime:0.0002s ]
INFO: Run Common\Behaviors\AppBeginBehavior [ RunTime:0.007925s ]
INFO: [ app_begin ] --END-- [ RunTime:0.008274s ]
NOTIC: [2] session_start(): open(/var/lib/php/session/sess_tlaela9u61l25luo98lb26klo4, O_RDWR) failed: Permission denied (13) /var/www/wechat/ThinkPHP/Common/functions.php 第 1263 行.
NOTIC: [8] Undefined index: mo /var/www/wechat/Application/Module/Controller/EntryController.class.php 第 14 行.
NOTIC: [8] Undefined index: t /var/www/wechat/Application/Module/Controller/EntryController.class.php 第 15 行.
NOTIC: [8] Undefined variable: class /var/www/wechat/Application/Module/Controller/EntryController.class.php 第 24 行.

[ 2017-10-08T03:33:38+08:00 ] 140.205.201.42 /
INFO: [ app_init ] --START--
INFO: Run Behavior\BuildLiteBehavior [ RunTime:0.000011s ]
INFO: [ app_init ] --END-- [ RunTime:0.000275s ]
INFO: [ app_begin ] --START--
INFO: Run Behavior\ReadHtmlCacheBehavior [ RunTime:0.000311s ]
SQL: SHOW COLUMNS FROM `wx_config` [ RunTime:0.0005s ]
SQL: SELECT * FROM `wx_config` WHERE `id` = 1 LIMIT 1   [ RunTime:0.0003s ]
NOTIC: [2] simplexml_load_string(): Entity: line 1: parser error : Start tag expected, '&lt;' not found /var/www/wechat/vendor/houdunwang/wechat/src/WeChat.php 第 50 行.
NOTIC: [2] simplexml_load_string(): 1 /var/www/wechat/vendor/houdunwang/wechat/src/WeChat.php 第 50 行.
NOTIC: [2] simplexml_load_string(): ^ /var/www/wechat/vendor/houdunwang/wechat/src/WeChat.php 第 50 行.
INFO: Run Common\Behaviors\AppBeginBehavior [ RunTime:0.008731s ]
INFO: [ app_begin ] --END-- [ RunTime:0.009098s ]
NOTIC: [2] session_start(): open(/var/lib/php/session/sess_qi3ust9lp6cojqo5pmad3nrh21, O_RDWR) failed: Permission denied (13) /var/www/wechat/ThinkPHP/Common/functions.php 第 1263 行.
NOTIC: [8] Undefined index: mo /var/www/wechat/Application/Module/Controller/EntryController.class.php 第 14 行.
NOTIC: [8] Undefined index: t /var/www/wechat/Application/Module/Controller/EntryController.class.php 第 15 行.
NOTIC: [8] Undefined variable: class /var/www/wechat/Application/Module/Controller/EntryController.class.php 第 24 行.

[ 2017-10-08T03:51:03+08:00 ] 140.205.201.42 /
INFO: [ app_init ] --START--
INFO: Run Behavior\BuildLiteBehavior [ RunTime:0.000012s ]
INFO: [ app_init ] --END-- [ RunTime:0.000297s ]
INFO: [ app_begin ] --START--
INFO: Run Behavior\ReadHtmlCacheBehavior [ RunTime:0.000377s ]
SQL: SHOW COLUMNS FROM `wx_config` [ RunTime:0.0005s ]
SQL: SELECT * FROM `wx_config` WHERE `id` = 1 LIMIT 1   [ RunTime:0.0002s ]
INFO: Run Common\Behaviors\AppBeginBehavior [ RunTime:0.008703s ]
INFO: [ app_begin ] --END-- [ RunTime:0.009150s ]
NOTIC: [2] session_start(): open(/var/lib/php/session/sess_rqls5mlrq5mq1hojuplt6hu7l5, O_RDWR) failed: Permission denied (13) /var/www/wechat/ThinkPHP/Common/functions.php 第 1263 行.
NOTIC: [8] Undefined index: mo /var/www/wechat/Application/Module/Controller/EntryController.class.php 第 14 行.
NOTIC: [8] Undefined index: t /var/www/wechat/Application/Module/Controller/EntryController.class.php 第 15 行.
NOTIC: [8] Undefined variable: class /var/www/wechat/Application/Module/Controller/EntryController.class.php 第 24 行.

[ 2017-10-08T03:51:18+08:00 ] 140.205.201.42 /
INFO: [ app_init ] --START--
INFO: Run Behavior\BuildLiteBehavior [ RunTime:0.000010s ]
INFO: [ app_init ] --END-- [ RunTime:0.000243s ]
INFO: [ app_begin ] --START--
INFO: Run Behavior\ReadHtmlCacheBehavior [ RunTime:0.000282s ]
SQL: SHOW COLUMNS FROM `wx_config` [ RunTime:0.0005s ]
SQL: SELECT * FROM `wx_config` WHERE `id` = 1 LIMIT 1   [ RunTime:0.0002s ]
INFO: Run Common\Behaviors\AppBeginBehavior [ RunTime:0.008056s ]
INFO: [ app_begin ] --END-- [ RunTime:0.008398s ]
NOTIC: [2] session_start(): open(/var/lib/php/session/sess_7t86dm2k7j411brh0phkto8700, O_RDWR) failed: Permission denied (13) /var/www/wechat/ThinkPHP/Common/functions.php 第 1263 行.
NOTIC: [8] Undefined index: mo /var/www/wechat/Application/Module/Controller/EntryController.class.php 第 14 行.
NOTIC: [8] Undefined index: t /var/www/wechat/Application/Module/Controller/EntryController.class.php 第 15 行.
NOTIC: [8] Undefined variable: class /var/www/wechat/Application/Module/Controller/EntryController.class.php 第 24 行.

[ 2017-10-08T03:51:24+08:00 ] 140.205.201.42 /
INFO: [ app_init ] --START--
INFO: Run Behavior\BuildLiteBehavior [ RunTime:0.000011s ]
INFO: [ app_init ] --END-- [ RunTime:0.000265s ]
INFO: [ app_begin ] --START--
INFO: Run Behavior\ReadHtmlCacheBehavior [ RunTime:0.000283s ]
SQL: SHOW COLUMNS FROM `wx_config` [ RunTime:0.0005s ]
SQL: SELECT * FROM `wx_config` WHERE `id` = 1 LIMIT 1   [ RunTime:0.0002s ]
INFO: Run Common\Behaviors\AppBeginBehavior [ RunTime:0.007670s ]
INFO: [ app_begin ] --END-- [ RunTime:0.008014s ]
NOTIC: [2] session_start(): open(/var/lib/php/session/sess_aif72te5lodqmjegdasioqigh5, O_RDWR) failed: Permission denied (13) /var/www/wechat/ThinkPHP/Common/functions.php 第 1263 行.
NOTIC: [8] Undefined index: mo /var/www/wechat/Application/Module/Controller/EntryController.class.php 第 14 行.
NOTIC: [8] Undefined index: t /var/www/wechat/Application/Module/Controller/EntryController.class.php 第 15 行.
NOTIC: [8] Undefined variable: class /var/www/wechat/Application/Module/Controller/EntryController.class.php 第 24 行.

[ 2017-10-08T03:53:23+08:00 ] 140.205.225.187 /
INFO: [ app_init ] --START--
INFO: Run Behavior\BuildLiteBehavior [ RunTime:0.000010s ]
INFO: [ app_init ] --END-- [ RunTime:0.000253s ]
INFO: [ app_begin ] --START--
INFO: Run Behavior\ReadHtmlCacheBehavior [ RunTime:0.000343s ]
SQL: SHOW COLUMNS FROM `wx_config` [ RunTime:0.0005s ]
SQL: SELECT * FROM `wx_config` WHERE `id` = 1 LIMIT 1   [ RunTime:0.0002s ]
INFO: Run Common\Behaviors\AppBeginBehavior [ RunTime:0.008771s ]
INFO: [ app_begin ] --END-- [ RunTime:0.009178s ]
NOTIC: [2] session_start(): open(/var/lib/php/session/sess_aiqoimq40cs4111sn6das0osa7, O_RDWR) failed: Permission denied (13) /var/www/wechat/ThinkPHP/Common/functions.php 第 1263 行.
NOTIC: [8] Undefined index: mo /var/www/wechat/Application/Module/Controller/EntryController.class.php 第 14 行.
NOTIC: [8] Undefined index: t /var/www/wechat/Application/Module/Controller/EntryController.class.php 第 15 行.
NOTIC: [8] Undefined variable: class /var/www/wechat/Application/Module/Controller/EntryController.class.php 第 24 行.

[ 2017-10-08T03:53:30+08:00 ] 140.205.225.187 /
INFO: [ app_init ] --START--
INFO: Run Behavior\BuildLiteBehavior [ RunTime:0.000011s ]
INFO: [ app_init ] --END-- [ RunTime:0.000242s ]
INFO: [ app_begin ] --START--
INFO: Run Behavior\ReadHtmlCacheBehavior [ RunTime:0.000333s ]
SQL: SHOW COLUMNS FROM `wx_config` [ RunTime:0.0006s ]
SQL: SELECT * FROM `wx_config` WHERE `id` = 1 LIMIT 1   [ RunTime:0.0002s ]
INFO: Run Common\Behaviors\AppBeginBehavior [ RunTime:0.008480s ]
INFO: [ app_begin ] --END-- [ RunTime:0.008872s ]
NOTIC: [2] session_start(): open(/var/lib/php/session/sess_8lsprc2as9995l7ps2v51ua082, O_RDWR) failed: Permission denied (13) /var/www/wechat/ThinkPHP/Common/functions.php 第 1263 行.
NOTIC: [8] Undefined index: mo /var/www/wechat/Application/Module/Controller/EntryController.class.php 第 14 行.
NOTIC: [8] Undefined index: t /var/www/wechat/Application/Module/Controller/EntryController.class.php 第 15 行.
NOTIC: [8] Undefined variable: class /var/www/wechat/Application/Module/Controller/EntryController.class.php 第 24 行.

[ 2017-10-08T03:54:16+08:00 ] 140.205.225.187 /index.php
INFO: [ app_init ] --START--
INFO: Run Behavior\BuildLiteBehavior [ RunTime:0.000009s ]
INFO: [ app_init ] --END-- [ RunTime:0.000263s ]
INFO: [ app_begin ] --START--
INFO: Run Behavior\ReadHtmlCacheBehavior [ RunTime:0.000282s ]
SQL: SHOW COLUMNS FROM `wx_config` [ RunTime:0.0005s ]
SQL: SELECT * FROM `wx_config` WHERE `id` = 1 LIMIT 1   [ RunTime:0.0002s ]
INFO: Run Common\Behaviors\AppBeginBehavior [ RunTime:0.007703s ]
INFO: [ app_begin ] --END-- [ RunTime:0.008044s ]
NOTIC: [2] session_start(): open(/var/lib/php/session/sess_9pjh7ni3jjnq2bje6g2jbarni1, O_RDWR) failed: Permission denied (13) /var/www/wechat/ThinkPHP/Common/functions.php 第 1263 行.
NOTIC: [8] Undefined index: mo /var/www/wechat/Application/Module/Controller/EntryController.class.php 第 14 行.
NOTIC: [8] Undefined index: t /var/www/wechat/Application/Module/Controller/EntryController.class.php 第 15 行.
NOTIC: [8] Undefined variable: class /var/www/wechat/Application/Module/Controller/EntryController.class.php 第 24 行.

[ 2017-10-08T03:54:56+08:00 ] 140.205.225.187 /
INFO: [ app_init ] --START--
INFO: Run Behavior\BuildLiteBehavior [ RunTime:0.000016s ]
INFO: [ app_init ] --END-- [ RunTime:0.000333s ]
INFO: [ app_begin ] --START--
INFO: Run Behavior\ReadHtmlCacheBehavior [ RunTime:0.000297s ]
SQL: SHOW COLUMNS FROM `wx_config` [ RunTime:0.0005s ]
SQL: SELECT * FROM `wx_config` WHERE `id` = 1 LIMIT 1   [ RunTime:0.0002s ]
INFO: Run Common\Behaviors\AppBeginBehavior [ RunTime:0.008380s ]
INFO: [ app_begin ] --END-- [ RunTime:0.008737s ]
NOTIC: [2] session_start(): open(/var/lib/php/session/sess_bs377kg6o804otpt8kqsaaaco6, O_RDWR) failed: Permission denied (13) /var/www/wechat/ThinkPHP/Common/functions.php 第 1263 行.
NOTIC: [8] Undefined index: mo /var/www/wechat/Application/Module/Controller/EntryController.class.php 第 14 行.
NOTIC: [8] Undefined index: t /var/www/wechat/Application/Module/Controller/EntryController.class.php 第 15 行.
NOTIC: [8] Undefined variable: class /var/www/wechat/Application/Module/Controller/EntryController.class.php 第 24 行.

[ 2017-10-08T03:55:31+08:00 ] 140.205.225.187 /
INFO: [ app_init ] --START--
INFO: Run Behavior\BuildLiteBehavior [ RunTime:0.000011s ]
INFO: [ app_init ] --END-- [ RunTime:0.000273s ]
INFO: [ app_begin ] --START--
INFO: Run Behavior\ReadHtmlCacheBehavior [ RunTime:0.000286s ]
SQL: SHOW COLUMNS FROM `wx_config` [ RunTime:0.0006s ]
SQL: SELECT * FROM `wx_config` WHERE `id` = 1 LIMIT 1   [ RunTime:0.0002s ]
INFO: Run Common\Behaviors\AppBeginBehavior [ RunTime:0.007965s ]
INFO: [ app_begin ] --END-- [ RunTime:0.008310s ]
NOTIC: [2] session_start(): open(/var/lib/php/session/sess_5ucis55loeb5o8vov555ag8fg6, O_RDWR) failed: Permission denied (13) /var/www/wechat/ThinkPHP/Common/functions.php 第 1263 行.
NOTIC: [8] Undefined index: mo /var/www/wechat/Application/Module/Controller/EntryController.class.php 第 14 行.
NOTIC: [8] Undefined index: t /var/www/wechat/Application/Module/Controller/EntryController.class.php 第 15 行.
NOTIC: [8] Undefined variable: class /var/www/wechat/Application/Module/Controller/EntryController.class.php 第 24 行.

[ 2017-10-08T03:55:36+08:00 ] 140.205.225.187 /
INFO: [ app_init ] --START--
INFO: Run Behavior\BuildLiteBehavior [ RunTime:0.000012s ]
INFO: [ app_init ] --END-- [ RunTime:0.000251s ]
INFO: [ app_begin ] --START--
INFO: Run Behavior\ReadHtmlCacheBehavior [ RunTime:0.000477s ]
SQL: SHOW COLUMNS FROM `wx_config` [ RunTime:0.0006s ]
SQL: SELECT * FROM `wx_config` WHERE `id` = 1 LIMIT 1   [ RunTime:0.0002s ]
INFO: Run Common\Behaviors\AppBeginBehavior [ RunTime:0.008166s ]
INFO: [ app_begin ] --END-- [ RunTime:0.008722s ]
NOTIC: [2] session_start(): open(/var/lib/php/session/sess_c4tmbfni6dk90kkchcrt9m6e17, O_RDWR) failed: Permission denied (13) /var/www/wechat/ThinkPHP/Common/functions.php 第 1263 行.
NOTIC: [8] Undefined index: mo /var/www/wechat/Application/Module/Controller/EntryController.class.php 第 14 行.
NOTIC: [8] Undefined index: t /var/www/wechat/Application/Module/Controller/EntryController.class.php 第 15 行.
NOTIC: [8] Undefined variable: class /var/www/wechat/Application/Module/Controller/EntryController.class.php 第 24 行.

[ 2017-10-08T03:56:39+08:00 ] 140.205.225.187 /
INFO: [ app_init ] --START--
INFO: Run Behavior\BuildLiteBehavior [ RunTime:0.000012s ]
INFO: [ app_init ] --END-- [ RunTime:0.000271s ]
INFO: [ app_begin ] --START--
INFO: Run Behavior\ReadHtmlCacheBehavior [ RunTime:0.000336s ]
SQL: SHOW COLUMNS FROM `wx_config` [ RunTime:0.0005s ]
SQL: SELECT * FROM `wx_config` WHERE `id` = 1 LIMIT 1   [ RunTime:0.0002s ]
INFO: Run Common\Behaviors\AppBeginBehavior [ RunTime:0.007953s ]
INFO: [ app_begin ] --END-- [ RunTime:0.008351s ]
NOTIC: [2] session_start(): open(/var/lib/php/session/sess_urmj0k889tgfupqsvc4fjmfl42, O_RDWR) failed: Permission denied (13) /var/www/wechat/ThinkPHP/Common/functions.php 第 1263 行.
NOTIC: [8] Undefined index: mo /var/www/wechat/Application/Module/Controller/EntryController.class.php 第 14 行.
NOTIC: [8] Undefined index: t /var/www/wechat/Application/Module/Controller/EntryController.class.php 第 15 行.
NOTIC: [8] Undefined variable: class /var/www/wechat/Application/Module/Controller/EntryController.class.php 第 24 行.

[ 2017-10-08T03:56:53+08:00 ] 140.205.225.187 /
INFO: [ app_init ] --START--
INFO: Run Behavior\BuildLiteBehavior [ RunTime:0.000011s ]
INFO: [ app_init ] --END-- [ RunTime:0.000262s ]
INFO: [ app_begin ] --START--
INFO: Run Behavior\ReadHtmlCacheBehavior [ RunTime:0.000400s ]
SQL: SHOW COLUMNS FROM `wx_config` [ RunTime:0.0006s ]
SQL: SELECT * FROM `wx_config` WHERE `id` = 1 LIMIT 1   [ RunTime:0.0002s ]
INFO: Run Common\Behaviors\AppBeginBehavior [ RunTime:0.008812s ]
INFO: [ app_begin ] --END-- [ RunTime:0.009279s ]
NOTIC: [2] session_start(): open(/var/lib/php/session/sess_ubhal424tm0n9i3buj62h10oj2, O_RDWR) failed: Permission denied (13) /var/www/wechat/ThinkPHP/Common/functions.php 第 1263 行.
NOTIC: [8] Undefined index: mo /var/www/wechat/Application/Module/Controller/EntryController.class.php 第 14 行.
NOTIC: [8] Undefined index: t /var/www/wechat/Application/Module/Controller/EntryController.class.php 第 15 行.
NOTIC: [8] Undefined variable: class /var/www/wechat/Application/Module/Controller/EntryController.class.php 第 24 行.

[ 2017-10-08T03:56:56+08:00 ] 140.205.225.187 /
INFO: [ app_init ] --START--
INFO: Run Behavior\BuildLiteBehavior [ RunTime:0.000015s ]
INFO: [ app_init ] --END-- [ RunTime:0.000344s ]
INFO: [ app_begin ] --START--
INFO: Run Behavior\ReadHtmlCacheBehavior [ RunTime:0.000324s ]
SQL: SHOW COLUMNS FROM `wx_config` [ RunTime:0.0006s ]
SQL: SELECT * FROM `wx_config` WHERE `id` = 1 LIMIT 1   [ RunTime:0.0002s ]
NOTIC: [2] simplexml_load_string(): Entity: line 1: parser error : Start tag expected, '&lt;' not found /var/www/wechat/vendor/houdunwang/wechat/src/WeChat.php 第 50 行.
NOTIC: [2] simplexml_load_string(): 1 /var/www/wechat/vendor/houdunwang/wechat/src/WeChat.php 第 50 行.
NOTIC: [2] simplexml_load_string(): ^ /var/www/wechat/vendor/houdunwang/wechat/src/WeChat.php 第 50 行.
INFO: Run Common\Behaviors\AppBeginBehavior [ RunTime:0.008690s ]
INFO: [ app_begin ] --END-- [ RunTime:0.009075s ]
NOTIC: [2] session_start(): open(/var/lib/php/session/sess_g163fk8esocufj0k52onthk6o5, O_RDWR) failed: Permission denied (13) /var/www/wechat/ThinkPHP/Common/functions.php 第 1263 行.
NOTIC: [8] Undefined index: mo /var/www/wechat/Application/Module/Controller/EntryController.class.php 第 14 行.
NOTIC: [8] Undefined index: t /var/www/wechat/Application/Module/Controller/EntryController.class.php 第 15 行.
NOTIC: [8] Undefined variable: class /var/www/wechat/Application/Module/Controller/EntryController.class.php 第 24 行.

[ 2017-10-08T03:57:46+08:00 ] 140.205.225.187 /
INFO: [ app_init ] --START--
INFO: Run Behavior\BuildLiteBehavior [ RunTime:0.000017s ]
INFO: [ app_init ] --END-- [ RunTime:0.000468s ]
INFO: [ app_begin ] --START--
INFO: Run Behavior\ReadHtmlCacheBehavior [ RunTime:0.000547s ]
SQL: SHOW COLUMNS FROM `wx_config` [ RunTime:0.0006s ]
SQL: SELECT * FROM `wx_config` WHERE `id` = 1 LIMIT 1   [ RunTime:0.0003s ]
INFO: Run Common\Behaviors\AppBeginBehavior [ RunTime:0.356368s ]
INFO: [ app_begin ] --END-- [ RunTime:0.357027s ]
NOTIC: [2] session_start(): open(/var/lib/php/session/sess_26pucdsokdkdau3rr1p229esd1, O_RDWR) failed: Permission denied (13) /var/www/wechat/ThinkPHP/Common/functions.php 第 1263 行.
NOTIC: [8] Undefined index: mo /var/www/wechat/Application/Module/Controller/EntryController.class.php 第 14 行.
NOTIC: [8] Undefined index: t /var/www/wechat/Application/Module/Controller/EntryController.class.php 第 15 行.
NOTIC: [8] Undefined variable: class /var/www/wechat/Application/Module/Controller/EntryController.class.php 第 24 行.

[ 2017-10-08T03:58:30+08:00 ] 140.205.225.187 /
INFO: [ app_init ] --START--
INFO: Run Behavior\BuildLiteBehavior [ RunTime:0.000010s ]
INFO: [ app_init ] --END-- [ RunTime:0.000242s ]
INFO: [ app_begin ] --START--
INFO: Run Behavior\ReadHtmlCacheBehavior [ RunTime:0.000333s ]
SQL: SHOW COLUMNS FROM `wx_config` [ RunTime:0.0006s ]
SQL: SELECT * FROM `wx_config` WHERE `id` = 1 LIMIT 1   [ RunTime:0.0002s ]
INFO: Run Common\Behaviors\AppBeginBehavior [ RunTime:0.008250s ]
INFO: [ app_begin ] --END-- [ RunTime:0.008643s ]
NOTIC: [2] session_start(): open(/var/lib/php/session/sess_k7lhmeiep4h3pjs31ddcjlo4s7, O_RDWR) failed: Permission denied (13) /var/www/wechat/ThinkPHP/Common/functions.php 第 1263 行.
NOTIC: [8] Undefined index: mo /var/www/wechat/Application/Module/Controller/EntryController.class.php 第 14 行.
NOTIC: [8] Undefined index: t /var/www/wechat/Application/Module/Controller/EntryController.class.php 第 15 行.
NOTIC: [8] Undefined variable: class /var/www/wechat/Application/Module/Controller/EntryController.class.php 第 24 行.

[ 2017-10-08T03:58:49+08:00 ] 140.205.225.187 /
INFO: [ app_init ] --START--
INFO: Run Behavior\BuildLiteBehavior [ RunTime:0.000011s ]
INFO: [ app_init ] --END-- [ RunTime:0.000230s ]
INFO: [ app_begin ] --START--
INFO: Run Behavior\ReadHtmlCacheBehavior [ RunTime:0.000352s ]
SQL: SHOW COLUMNS FROM `wx_config` [ RunTime:0.0005s ]
SQL: SELECT * FROM `wx_config` WHERE `id` = 1 LIMIT 1   [ RunTime:0.0002s ]
INFO: Run Common\Behaviors\AppBeginBehavior [ RunTime:0.007961s ]
INFO: [ app_begin ] --END-- [ RunTime:0.008373s ]
NOTIC: [2] session_start(): open(/var/lib/php/session/sess_r5915lh35e4r57p2mnuju59as3, O_RDWR) failed: Permission denied (13) /var/www/wechat/ThinkPHP/Common/functions.php 第 1263 行.
NOTIC: [8] Undefined index: mo /var/www/wechat/Application/Module/Controller/EntryController.class.php 第 14 行.
NOTIC: [8] Undefined index: t /var/www/wechat/Application/Module/Controller/EntryController.class.php 第 15 行.
NOTIC: [8] Undefined variable: class /var/www/wechat/Application/Module/Controller/EntryController.class.php 第 24 行.

[ 2017-10-08T05:12:50+08:00 ] 114.215.71.23 /
INFO: [ app_init ] --START--
INFO: Run Behavior\BuildLiteBehavior [ RunTime:0.000010s ]
INFO: [ app_init ] --END-- [ RunTime:0.000270s ]
INFO: [ app_begin ] --START--
INFO: Run Behavior\ReadHtmlCacheBehavior [ RunTime:0.000314s ]
SQL: SHOW COLUMNS FROM `wx_config` [ RunTime:0.0005s ]
SQL: SELECT * FROM `wx_config` WHERE `id` = 1 LIMIT 1   [ RunTime:0.0002s ]
INFO: Run Common\Behaviors\AppBeginBehavior [ RunTime:0.008348s ]
INFO: [ app_begin ] --END-- [ RunTime:0.008732s ]
NOTIC: [2] session_start(): open(/var/lib/php/session/sess_mlrqm1e94pg5odjptf22gjkke3, O_RDWR) failed: Permission denied (13) /var/www/wechat/ThinkPHP/Common/functions.php 第 1263 行.
NOTIC: [8] Undefined index: mo /var/www/wechat/Application/Module/Controller/EntryController.class.php 第 14 行.
NOTIC: [8] Undefined index: t /var/www/wechat/Application/Module/Controller/EntryController.class.php 第 15 行.
NOTIC: [8] Undefined variable: class /var/www/wechat/Application/Module/Controller/EntryController.class.php 第 24 行.

[ 2017-10-08T06:13:22+08:00 ] 187.201.63.65 /
INFO: [ app_init ] --START--
INFO: Run Behavior\BuildLiteBehavior [ RunTime:0.000011s ]
INFO: [ app_init ] --END-- [ RunTime:0.000299s ]
INFO: [ app_begin ] --START--
INFO: Run Behavior\ReadHtmlCacheBehavior [ RunTime:0.000290s ]
SQL: SHOW COLUMNS FROM `wx_config` [ RunTime:0.0006s ]
SQL: SELECT * FROM `wx_config` WHERE `id` = 1 LIMIT 1   [ RunTime:0.0002s ]
INFO: Run Common\Behaviors\AppBeginBehavior [ RunTime:0.339152s ]
INFO: [ app_begin ] --END-- [ RunTime:0.339549s ]
NOTIC: [2] session_start(): open(/var/lib/php/session/sess_md21tni3leu20bterek8nuvkd4, O_RDWR) failed: Permission denied (13) /var/www/wechat/ThinkPHP/Common/functions.php 第 1263 行.
NOTIC: [8] Undefined index: mo /var/www/wechat/Application/Module/Controller/EntryController.class.php 第 14 行.
NOTIC: [8] Undefined index: t /var/www/wechat/Application/Module/Controller/EntryController.class.php 第 15 行.
NOTIC: [8] Undefined variable: class /var/www/wechat/Application/Module/Controller/EntryController.class.php 第 24 行.

[ 2017-10-08T07:36:47+08:00 ] 117.88.106.114 /
INFO: [ app_init ] --START--
INFO: Run Behavior\BuildLiteBehavior [ RunTime:0.000010s ]
INFO: [ app_init ] --END-- [ RunTime:0.000254s ]
INFO: [ app_begin ] --START--
INFO: Run Behavior\ReadHtmlCacheBehavior [ RunTime:0.000331s ]
SQL: SHOW COLUMNS FROM `wx_config` [ RunTime:0.0006s ]
SQL: SELECT * FROM `wx_config` WHERE `id` = 1 LIMIT 1   [ RunTime:0.0002s ]
INFO: Run Common\Behaviors\AppBeginBehavior [ RunTime:0.008417s ]
INFO: [ app_begin ] --END-- [ RunTime:0.008815s ]
NOTIC: [2] session_start(): open(/var/lib/php/session/sess_dvgv53imdgrk37p2ucpo2mi6o0, O_RDWR) failed: Permission denied (13) /var/www/wechat/ThinkPHP/Common/functions.php 第 1263 行.
NOTIC: [8] Undefined index: mo /var/www/wechat/Application/Module/Controller/EntryController.class.php 第 14 行.
NOTIC: [8] Undefined index: t /var/www/wechat/Application/Module/Controller/EntryController.class.php 第 15 行.
NOTIC: [8] Undefined variable: class /var/www/wechat/Application/Module/Controller/EntryController.class.php 第 24 行.

[ 2017-10-08T08:01:08+08:00 ] 106.11.225.73 /
INFO: [ app_init ] --START--
INFO: Run Behavior\BuildLiteBehavior [ RunTime:0.000015s ]
INFO: [ app_init ] --END-- [ RunTime:0.000406s ]
INFO: [ app_begin ] --START--
INFO: Run Behavior\ReadHtmlCacheBehavior [ RunTime:0.000416s ]
SQL: SHOW COLUMNS FROM `wx_config` [ RunTime:0.0005s ]
SQL: SELECT * FROM `wx_config` WHERE `id` = 1 LIMIT 1   [ RunTime:0.0002s ]
INFO: Run Common\Behaviors\AppBeginBehavior [ RunTime:0.009166s ]
INFO: [ app_begin ] --END-- [ RunTime:0.009662s ]
NOTIC: [2] session_start(): open(/var/lib/php/session/sess_6ak4ruh56a9bdgcjfsp4r633j4, O_RDWR) failed: Permission denied (13) /var/www/wechat/ThinkPHP/Common/functions.php 第 1263 行.
NOTIC: [8] Undefined index: mo /var/www/wechat/Application/Module/Controller/EntryController.class.php 第 14 行.
NOTIC: [8] Undefined index: t /var/www/wechat/Application/Module/Controller/EntryController.class.php 第 15 行.
NOTIC: [8] Undefined variable: class /var/www/wechat/Application/Module/Controller/EntryController.class.php 第 24 行.

[ 2017-10-08T16:08:31+08:00 ] 155.94.88.58 /
INFO: [ app_init ] --START--
INFO: Run Behavior\BuildLiteBehavior [ RunTime:0.000011s ]
INFO: [ app_init ] --END-- [ RunTime:0.000262s ]
INFO: [ app_begin ] --START--
INFO: Run Behavior\ReadHtmlCacheBehavior [ RunTime:0.000353s ]
SQL: SHOW COLUMNS FROM `wx_config` [ RunTime:0.0006s ]
SQL: SELECT * FROM `wx_config` WHERE `id` = 1 LIMIT 1   [ RunTime:0.0002s ]
INFO: Run Common\Behaviors\AppBeginBehavior [ RunTime:0.362255s ]
INFO: [ app_begin ] --END-- [ RunTime:0.362718s ]
NOTIC: [2] session_start(): open(/var/lib/php/session/sess_rnlc8u4gjhho40es8om1qsc2e7, O_RDWR) failed: Permission denied (13) /var/www/wechat/ThinkPHP/Common/functions.php 第 1263 行.
NOTIC: [8] Undefined index: mo /var/www/wechat/Application/Module/Controller/EntryController.class.php 第 14 行.
NOTIC: [8] Undefined index: t /var/www/wechat/Application/Module/Controller/EntryController.class.php 第 15 行.
NOTIC: [8] Undefined variable: class /var/www/wechat/Application/Module/Controller/EntryController.class.php 第 24 行.

[ 2017-10-08T16:35:35+08:00 ] 140.205.201.32 /
INFO: [ app_init ] --START--
INFO: Run Behavior\BuildLiteBehavior [ RunTime:0.000018s ]
INFO: [ app_init ] --END-- [ RunTime:0.000408s ]
INFO: [ app_begin ] --START--
INFO: Run Behavior\ReadHtmlCacheBehavior [ RunTime:0.000407s ]
SQL: SHOW COLUMNS FROM `wx_config` [ RunTime:0.0005s ]
SQL: SELECT * FROM `wx_config` WHERE `id` = 1 LIMIT 1   [ RunTime:0.0002s ]
INFO: Run Common\Behaviors\AppBeginBehavior [ RunTime:0.008534s ]
INFO: [ app_begin ] --END-- [ RunTime:0.009010s ]
NOTIC: [2] session_start(): open(/var/lib/php/session/sess_vbvoqc2vls0o5p94gbqojd7cc3, O_RDWR) failed: Permission denied (13) /var/www/wechat/ThinkPHP/Common/functions.php 第 1263 行.
NOTIC: [8] Undefined index: mo /var/www/wechat/Application/Module/Controller/EntryController.class.php 第 14 行.
NOTIC: [8] Undefined index: t /var/www/wechat/Application/Module/Controller/EntryController.class.php 第 15 行.
NOTIC: [8] Undefined variable: class /var/www/wechat/Application/Module/Controller/EntryController.class.php 第 24 行.

[ 2017-10-08T16:47:58+08:00 ] 140.205.201.32 /
INFO: [ app_init ] --START--
INFO: Run Behavior\BuildLiteBehavior [ RunTime:0.000014s ]
INFO: [ app_init ] --END-- [ RunTime:0.000275s ]
INFO: [ app_begin ] --START--
INFO: Run Behavior\ReadHtmlCacheBehavior [ RunTime:0.000317s ]
SQL: SHOW COLUMNS FROM `wx_config` [ RunTime:0.0005s ]
SQL: SELECT * FROM `wx_config` WHERE `id` = 1 LIMIT 1   [ RunTime:0.0002s ]
INFO: Run Common\Behaviors\AppBeginBehavior [ RunTime:0.007787s ]
INFO: [ app_begin ] --END-- [ RunTime:0.008166s ]
NOTIC: [2] session_start(): open(/var/lib/php/session/sess_d2glnnqi12s7ptdupdihke2r61, O_RDWR) failed: Permission denied (13) /var/www/wechat/ThinkPHP/Common/functions.php 第 1263 行.
NOTIC: [8] Undefined index: mo /var/www/wechat/Application/Module/Controller/EntryController.class.php 第 14 行.
NOTIC: [8] Undefined index: t /var/www/wechat/Application/Module/Controller/EntryController.class.php 第 15 行.
NOTIC: [8] Undefined variable: class /var/www/wechat/Application/Module/Controller/EntryController.class.php 第 24 行.

[ 2017-10-08T16:57:33+08:00 ] 140.205.201.32 /index.php
INFO: [ app_init ] --START--
INFO: Run Behavior\BuildLiteBehavior [ RunTime:0.000011s ]
INFO: [ app_init ] --END-- [ RunTime:0.000248s ]
INFO: [ app_begin ] --START--
INFO: Run Behavior\ReadHtmlCacheBehavior [ RunTime:0.000287s ]
SQL: SHOW COLUMNS FROM `wx_config` [ RunTime:0.0006s ]
SQL: SELECT * FROM `wx_config` WHERE `id` = 1 LIMIT 1   [ RunTime:0.0002s ]
INFO: Run Common\Behaviors\AppBeginBehavior [ RunTime:0.008303s ]
INFO: [ app_begin ] --END-- [ RunTime:0.008650s ]
NOTIC: [2] session_start(): open(/var/lib/php/session/sess_ienagntcl5f7ok9so9dkmn2is6, O_RDWR) failed: Permission denied (13) /var/www/wechat/ThinkPHP/Common/functions.php 第 1263 行.
NOTIC: [8] Undefined index: mo /var/www/wechat/Application/Module/Controller/EntryController.class.php 第 14 行.
NOTIC: [8] Undefined index: t /var/www/wechat/Application/Module/Controller/EntryController.class.php 第 15 行.
NOTIC: [8] Undefined variable: class /var/www/wechat/Application/Module/Controller/EntryController.class.php 第 24 行.

[ 2017-10-08T17:09:18+08:00 ] 140.205.201.32 /
INFO: [ app_init ] --START--
INFO: Run Behavior\BuildLiteBehavior [ RunTime:0.000013s ]
INFO: [ app_init ] --END-- [ RunTime:0.000252s ]
INFO: [ app_begin ] --START--
INFO: Run Behavior\ReadHtmlCacheBehavior [ RunTime:0.000295s ]
SQL: SHOW COLUMNS FROM `wx_config` [ RunTime:0.0006s ]
SQL: SELECT * FROM `wx_config` WHERE `id` = 1 LIMIT 1   [ RunTime:0.0002s ]
INFO: Run Common\Behaviors\AppBeginBehavior [ RunTime:0.009578s ]
INFO: [ app_begin ] --END-- [ RunTime:0.009943s ]
NOTIC: [2] session_start(): open(/var/lib/php/session/sess_ggv9kk0ic16t5vkcl7qc5gri35, O_RDWR) failed: Permission denied (13) /var/www/wechat/ThinkPHP/Common/functions.php 第 1263 行.
NOTIC: [8] Undefined index: mo /var/www/wechat/Application/Module/Controller/EntryController.class.php 第 14 行.
NOTIC: [8] Undefined index: t /var/www/wechat/Application/Module/Controller/EntryController.class.php 第 15 行.
NOTIC: [8] Undefined variable: class /var/www/wechat/Application/Module/Controller/EntryController.class.php 第 24 行.

[ 2017-10-08T17:10:40+08:00 ] 47.93.90.175 /
INFO: [ app_init ] --START--
INFO: Run Behavior\BuildLiteBehavior [ RunTime:0.000016s ]
INFO: [ app_init ] --END-- [ RunTime:0.000396s ]
INFO: [ app_begin ] --START--
INFO: Run Behavior\ReadHtmlCacheBehavior [ RunTime:0.000463s ]
SQL: SHOW COLUMNS FROM `wx_config` [ RunTime:0.0005s ]
SQL: SELECT * FROM `wx_config` WHERE `id` = 1 LIMIT 1   [ RunTime:0.0002s ]
INFO: Run Common\Behaviors\AppBeginBehavior [ RunTime:0.008090s ]
INFO: [ app_begin ] --END-- [ RunTime:0.008631s ]
NOTIC: [2] session_start(): open(/var/lib/php/session/sess_jfl45qa40007voeaq28mjbl2u2, O_RDWR) failed: Permission denied (13) /var/www/wechat/ThinkPHP/Common/functions.php 第 1263 行.
NOTIC: [8] Undefined index: mo /var/www/wechat/Application/Module/Controller/EntryController.class.php 第 14 行.
NOTIC: [8] Undefined index: t /var/www/wechat/Application/Module/Controller/EntryController.class.php 第 15 行.
NOTIC: [8] Undefined variable: class /var/www/wechat/Application/Module/Controller/EntryController.class.php 第 24 行.

[ 2017-10-08T17:15:14+08:00 ] 140.205.201.32 /
INFO: [ app_init ] --START--
INFO: Run Behavior\BuildLiteBehavior [ RunTime:0.000013s ]
INFO: [ app_init ] --END-- [ RunTime:0.000260s ]
INFO: [ app_begin ] --START--
INFO: Run Behavior\ReadHtmlCacheBehavior [ RunTime:0.000356s ]
SQL: SHOW COLUMNS FROM `wx_config` [ RunTime:0.0005s ]
SQL: SELECT * FROM `wx_config` WHERE `id` = 1 LIMIT 1   [ RunTime:0.0002s ]
INFO: Run Common\Behaviors\AppBeginBehavior [ RunTime:0.008459s ]
INFO: [ app_begin ] --END-- [ RunTime:0.008878s ]
NOTIC: [2] session_start(): open(/var/lib/php/session/sess_pkk72amt5rfh2akib151vuv761, O_RDWR) failed: Permission denied (13) /var/www/wechat/ThinkPHP/Common/functions.php 第 1263 行.
NOTIC: [8] Undefined index: mo /var/www/wechat/Application/Module/Controller/EntryController.class.php 第 14 行.
NOTIC: [8] Undefined index: t /var/www/wechat/Application/Module/Controller/EntryController.class.php 第 15 行.
NOTIC: [8] Undefined variable: class /var/www/wechat/Application/Module/Controller/EntryController.class.php 第 24 行.

[ 2017-10-08T17:15:33+08:00 ] 140.205.201.32 /
INFO: [ app_init ] --START--
INFO: Run Behavior\BuildLiteBehavior [ RunTime:0.000011s ]
INFO: [ app_init ] --END-- [ RunTime:0.000248s ]
INFO: [ app_begin ] --START--
INFO: Run Behavior\ReadHtmlCacheBehavior [ RunTime:0.000285s ]
SQL: SHOW COLUMNS FROM `wx_config` [ RunTime:0.0006s ]
SQL: SELECT * FROM `wx_config` WHERE `id` = 1 LIMIT 1   [ RunTime:0.0002s ]
INFO: Run Common\Behaviors\AppBeginBehavior [ RunTime:0.007890s ]
INFO: [ app_begin ] --END-- [ RunTime:0.008248s ]
NOTIC: [2] session_start(): open(/var/lib/php/session/sess_98c7fmgo2fk8cvoelosr999jq4, O_RDWR) failed: Permission denied (13) /var/www/wechat/ThinkPHP/Common/functions.php 第 1263 行.
NOTIC: [8] Undefined index: mo /var/www/wechat/Application/Module/Controller/EntryController.class.php 第 14 行.
NOTIC: [8] Undefined index: t /var/www/wechat/Application/Module/Controller/EntryController.class.php 第 15 行.
NOTIC: [8] Undefined variable: class /var/www/wechat/Application/Module/Controller/EntryController.class.php 第 24 行.

[ 2017-10-08T17:31:20+08:00 ] 60.190.216.87 /
INFO: [ app_init ] --START--
INFO: Run Behavior\BuildLiteBehavior [ RunTime:0.000011s ]
INFO: [ app_init ] --END-- [ RunTime:0.000274s ]
INFO: [ app_begin ] --START--
INFO: Run Behavior\ReadHtmlCacheBehavior [ RunTime:0.000342s ]
SQL: SHOW COLUMNS FROM `wx_config` [ RunTime:0.0005s ]
SQL: SELECT * FROM `wx_config` WHERE `id` = 1 LIMIT 1   [ RunTime:0.0003s ]
INFO: Run Common\Behaviors\AppBeginBehavior [ RunTime:0.008402s ]
INFO: [ app_begin ] --END-- [ RunTime:0.008810s ]
NOTIC: [2] session_start(): open(/var/lib/php/session/sess_k45og3gap1mpm4098c3of93811, O_RDWR) failed: Permission denied (13) /var/www/wechat/ThinkPHP/Common/functions.php 第 1263 行.
NOTIC: [8] Undefined index: mo /var/www/wechat/Application/Module/Controller/EntryController.class.php 第 14 行.
NOTIC: [8] Undefined index: t /var/www/wechat/Application/Module/Controller/EntryController.class.php 第 15 行.
NOTIC: [8] Undefined variable: class /var/www/wechat/Application/Module/Controller/EntryController.class.php 第 24 行.

[ 2017-10-08T17:32:49+08:00 ] 140.205.201.32 /
INFO: [ app_init ] --START--
INFO: Run Behavior\BuildLiteBehavior [ RunTime:0.000012s ]
INFO: [ app_init ] --END-- [ RunTime:0.000273s ]
INFO: [ app_begin ] --START--
INFO: Run Behavior\ReadHtmlCacheBehavior [ RunTime:0.000357s ]
SQL: SHOW COLUMNS FROM `wx_config` [ RunTime:0.0006s ]
SQL: SELECT * FROM `wx_config` WHERE `id` = 1 LIMIT 1   [ RunTime:0.0002s ]
INFO: Run Common\Behaviors\AppBeginBehavior [ RunTime:0.008876s ]
INFO: [ app_begin ] --END-- [ RunTime:0.009300s ]
NOTIC: [2] session_start(): open(/var/lib/php/session/sess_6k1072g3nfpsrk20573ljmu3v5, O_RDWR) failed: Permission denied (13) /var/www/wechat/ThinkPHP/Common/functions.php 第 1263 行.
NOTIC: [8] Undefined index: mo /var/www/wechat/Application/Module/Controller/EntryController.class.php 第 14 行.
NOTIC: [8] Undefined index: t /var/www/wechat/Application/Module/Controller/EntryController.class.php 第 15 行.
NOTIC: [8] Undefined variable: class /var/www/wechat/Application/Module/Controller/EntryController.class.php 第 24 行.

[ 2017-10-08T17:34:10+08:00 ] 140.205.201.32 /
INFO: [ app_init ] --START--
INFO: Run Behavior\BuildLiteBehavior [ RunTime:0.000010s ]
INFO: [ app_init ] --END-- [ RunTime:0.000230s ]
INFO: [ app_begin ] --START--
INFO: Run Behavior\ReadHtmlCacheBehavior [ RunTime:0.000302s ]
SQL: SHOW COLUMNS FROM `wx_config` [ RunTime:0.0005s ]
SQL: SELECT * FROM `wx_config` WHERE `id` = 1 LIMIT 1   [ RunTime:0.0002s ]
NOTIC: [2] simplexml_load_string(): Entity: line 1: parser error : Start tag expected, '&lt;' not found /var/www/wechat/vendor/houdunwang/wechat/src/WeChat.php 第 50 行.
NOTIC: [2] simplexml_load_string(): 1 /var/www/wechat/vendor/houdunwang/wechat/src/WeChat.php 第 50 行.
NOTIC: [2] simplexml_load_string(): ^ /var/www/wechat/vendor/houdunwang/wechat/src/WeChat.php 第 50 行.
INFO: Run Common\Behaviors\AppBeginBehavior [ RunTime:0.007994s ]
INFO: [ app_begin ] --END-- [ RunTime:0.008451s ]
NOTIC: [2] session_start(): open(/var/lib/php/session/sess_cq7t8me23cv9513naksgqoft74, O_RDWR) failed: Permission denied (13) /var/www/wechat/ThinkPHP/Common/functions.php 第 1263 行.
NOTIC: [8] Undefined index: mo /var/www/wechat/Application/Module/Controller/EntryController.class.php 第 14 行.
NOTIC: [8] Undefined index: t /var/www/wechat/Application/Module/Controller/EntryController.class.php 第 15 行.
NOTIC: [8] Undefined variable: class /var/www/wechat/Application/Module/Controller/EntryController.class.php 第 24 行.

[ 2017-10-08T17:34:38+08:00 ] 140.205.201.32 /
INFO: [ app_init ] --START--
INFO: Run Behavior\BuildLiteBehavior [ RunTime:0.000012s ]
INFO: [ app_init ] --END-- [ RunTime:0.000300s ]
INFO: [ app_begin ] --START--
INFO: Run Behavior\ReadHtmlCacheBehavior [ RunTime:0.000284s ]
SQL: SHOW COLUMNS FROM `wx_config` [ RunTime:0.0006s ]
SQL: SELECT * FROM `wx_config` WHERE `id` = 1 LIMIT 1   [ RunTime:0.0002s ]
INFO: Run Common\Behaviors\AppBeginBehavior [ RunTime:0.008360s ]
INFO: [ app_begin ] --END-- [ RunTime:0.008711s ]
NOTIC: [2] session_start(): open(/var/lib/php/session/sess_vno4msn29tebkc2lprcdgn7pv4, O_RDWR) failed: Permission denied (13) /var/www/wechat/ThinkPHP/Common/functions.php 第 1263 行.
NOTIC: [8] Undefined index: mo /var/www/wechat/Application/Module/Controller/EntryController.class.php 第 14 行.
NOTIC: [8] Undefined index: t /var/www/wechat/Application/Module/Controller/EntryController.class.php 第 15 行.
NOTIC: [8] Undefined variable: class /var/www/wechat/Application/Module/Controller/EntryController.class.php 第 24 行.

[ 2017-10-08T17:34:54+08:00 ] 140.205.201.32 /
INFO: [ app_init ] --START--
INFO: Run Behavior\BuildLiteBehavior [ RunTime:0.000015s ]
INFO: [ app_init ] --END-- [ RunTime:0.000305s ]
INFO: [ app_begin ] --START--
INFO: Run Behavior\ReadHtmlCacheBehavior [ RunTime:0.000301s ]
SQL: SHOW COLUMNS FROM `wx_config` [ RunTime:0.0006s ]
SQL: SELECT * FROM `wx_config` WHERE `id` = 1 LIMIT 1   [ RunTime:0.0002s ]
INFO: Run Common\Behaviors\AppBeginBehavior [ RunTime:0.008731s ]
INFO: [ app_begin ] --END-- [ RunTime:0.009093s ]
NOTIC: [2] session_start(): open(/var/lib/php/session/sess_mcceg846rpnm0flmlfanbaim05, O_RDWR) failed: Permission denied (13) /var/www/wechat/ThinkPHP/Common/functions.php 第 1263 行.
NOTIC: [8] Undefined index: mo /var/www/wechat/Application/Module/Controller/EntryController.class.php 第 14 行.
NOTIC: [8] Undefined index: t /var/www/wechat/Application/Module/Controller/EntryController.class.php 第 15 行.
NOTIC: [8] Undefined variable: class /var/www/wechat/Application/Module/Controller/EntryController.class.php 第 24 行.

[ 2017-10-08T17:34:59+08:00 ] 140.205.201.32 /
INFO: [ app_init ] --START--
INFO: Run Behavior\BuildLiteBehavior [ RunTime:0.000011s ]
INFO: [ app_init ] --END-- [ RunTime:0.000241s ]
INFO: [ app_begin ] --START--
INFO: Run Behavior\ReadHtmlCacheBehavior [ RunTime:0.000287s ]
SQL: SHOW COLUMNS FROM `wx_config` [ RunTime:0.0006s ]
SQL: SELECT * FROM `wx_config` WHERE `id` = 1 LIMIT 1   [ RunTime:0.0002s ]
INFO: Run Common\Behaviors\AppBeginBehavior [ RunTime:0.008673s ]
INFO: [ app_begin ] --END-- [ RunTime:0.009021s ]
NOTIC: [2] session_start(): open(/var/lib/php/session/sess_g7t0ito0tqq2adth6u94s5o0a1, O_RDWR) failed: Permission denied (13) /var/www/wechat/ThinkPHP/Common/functions.php 第 1263 行.
NOTIC: [8] Undefined index: mo /var/www/wechat/Application/Module/Controller/EntryController.class.php 第 14 行.
NOTIC: [8] Undefined index: t /var/www/wechat/Application/Module/Controller/EntryController.class.php 第 15 行.
NOTIC: [8] Undefined variable: class /var/www/wechat/Application/Module/Controller/EntryController.class.php 第 24 行.

[ 2017-10-08T17:36:20+08:00 ] 61.135.165.40 /
INFO: [ app_init ] --START--
INFO: Run Behavior\BuildLiteBehavior [ RunTime:0.000012s ]
INFO: [ app_init ] --END-- [ RunTime:0.000267s ]
INFO: [ app_begin ] --START--
INFO: Run Behavior\ReadHtmlCacheBehavior [ RunTime:0.000351s ]
SQL: SHOW COLUMNS FROM `wx_config` [ RunTime:0.0006s ]
SQL: SELECT * FROM `wx_config` WHERE `id` = 1 LIMIT 1   [ RunTime:0.0002s ]
INFO: Run Common\Behaviors\AppBeginBehavior [ RunTime:0.008885s ]
INFO: [ app_begin ] --END-- [ RunTime:0.009303s ]
NOTIC: [2] session_start(): open(/var/lib/php/session/sess_sg4pkg3fofh3ilksvu756st4k0, O_RDWR) failed: Permission denied (13) /var/www/wechat/ThinkPHP/Common/functions.php 第 1263 行.
NOTIC: [8] Undefined index: mo /var/www/wechat/Application/Module/Controller/EntryController.class.php 第 14 行.
NOTIC: [8] Undefined index: t /var/www/wechat/Application/Module/Controller/EntryController.class.php 第 15 行.
NOTIC: [8] Undefined variable: class /var/www/wechat/Application/Module/Controller/EntryController.class.php 第 24 行.

[ 2017-10-08T17:46:38+08:00 ] 106.11.227.228 /
INFO: [ app_init ] --START--
INFO: Run Behavior\BuildLiteBehavior [ RunTime:0.000011s ]
INFO: [ app_init ] --END-- [ RunTime:0.000235s ]
INFO: [ app_begin ] --START--
INFO: Run Behavior\ReadHtmlCacheBehavior [ RunTime:0.000290s ]
SQL: SHOW COLUMNS FROM `wx_config` [ RunTime:0.0006s ]
SQL: SELECT * FROM `wx_config` WHERE `id` = 1 LIMIT 1   [ RunTime:0.0002s ]
INFO: Run Common\Behaviors\AppBeginBehavior [ RunTime:0.009293s ]
INFO: [ app_begin ] --END-- [ RunTime:0.009644s ]
NOTIC: [2] session_start(): open(/var/lib/php/session/sess_kbb3p343a2tg0nqb2sv21po8b1, O_RDWR) failed: Permission denied (13) /var/www/wechat/ThinkPHP/Common/functions.php 第 1263 行.
NOTIC: [8] Undefined index: mo /var/www/wechat/Application/Module/Controller/EntryController.class.php 第 14 行.
NOTIC: [8] Undefined index: t /var/www/wechat/Application/Module/Controller/EntryController.class.php 第 15 行.
NOTIC: [8] Undefined variable: class /var/www/wechat/Application/Module/Controller/EntryController.class.php 第 24 行.

[ 2017-10-08T20:01:53+08:00 ] 60.190.216.87 /
INFO: [ app_init ] --START--
INFO: Run Behavior\BuildLiteBehavior [ RunTime:0.000011s ]
INFO: [ app_init ] --END-- [ RunTime:0.000236s ]
INFO: [ app_begin ] --START--
INFO: Run Behavior\ReadHtmlCacheBehavior [ RunTime:0.000315s ]
SQL: SHOW COLUMNS FROM `wx_config` [ RunTime:0.0005s ]
SQL: SELECT * FROM `wx_config` WHERE `id` = 1 LIMIT 1   [ RunTime:0.0002s ]
INFO: Run Common\Behaviors\AppBeginBehavior [ RunTime:0.350235s ]
INFO: [ app_begin ] --END-- [ RunTime:0.350645s ]
NOTIC: [2] session_start(): open(/var/lib/php/session/sess_efn6fgd6jib9rc3jn9oknquu11, O_RDWR) failed: Permission denied (13) /var/www/wechat/ThinkPHP/Common/functions.php 第 1263 行.
NOTIC: [8] Undefined index: mo /var/www/wechat/Application/Module/Controller/EntryController.class.php 第 14 行.
NOTIC: [8] Undefined index: t /var/www/wechat/Application/Module/Controller/EntryController.class.php 第 15 行.
NOTIC: [8] Undefined variable: class /var/www/wechat/Application/Module/Controller/EntryController.class.php 第 24 行.

[ 2017-10-08T20:35:36+08:00 ] 140.205.225.196 /
INFO: [ app_init ] --START--
INFO: Run Behavior\BuildLiteBehavior [ RunTime:0.000011s ]
INFO: [ app_init ] --END-- [ RunTime:0.000271s ]
INFO: [ app_begin ] --START--
INFO: Run Behavior\ReadHtmlCacheBehavior [ RunTime:0.000292s ]
SQL: SHOW COLUMNS FROM `wx_config` [ RunTime:0.0005s ]
SQL: SELECT * FROM `wx_config` WHERE `id` = 1 LIMIT 1   [ RunTime:0.0002s ]
INFO: Run Common\Behaviors\AppBeginBehavior [ RunTime:0.008785s ]
INFO: [ app_begin ] --END-- [ RunTime:0.009145s ]
NOTIC: [2] session_start(): open(/var/lib/php/session/sess_bi5eadgdokbhgoip2f9t6qj2l1, O_RDWR) failed: Permission denied (13) /var/www/wechat/ThinkPHP/Common/functions.php 第 1263 行.
NOTIC: [8] Undefined index: mo /var/www/wechat/Application/Module/Controller/EntryController.class.php 第 14 行.
NOTIC: [8] Undefined index: t /var/www/wechat/Application/Module/Controller/EntryController.class.php 第 15 行.
NOTIC: [8] Undefined variable: class /var/www/wechat/Application/Module/Controller/EntryController.class.php 第 24 行.

[ 2017-10-08T20:46:04+08:00 ] 140.205.225.196 /
INFO: [ app_init ] --START--
INFO: Run Behavior\BuildLiteBehavior [ RunTime:0.000017s ]
INFO: [ app_init ] --END-- [ RunTime:0.000398s ]
INFO: [ app_begin ] --START--
INFO: Run Behavior\ReadHtmlCacheBehavior [ RunTime:0.000380s ]
SQL: SHOW COLUMNS FROM `wx_config` [ RunTime:0.0006s ]
SQL: SELECT * FROM `wx_config` WHERE `id` = 1 LIMIT 1   [ RunTime:0.0002s ]
INFO: Run Common\Behaviors\AppBeginBehavior [ RunTime:0.008455s ]
INFO: [ app_begin ] --END-- [ RunTime:0.008907s ]
NOTIC: [2] session_start(): open(/var/lib/php/session/sess_v6h5qgrsii80abia0fkn6luo12, O_RDWR) failed: Permission denied (13) /var/www/wechat/ThinkPHP/Common/functions.php 第 1263 行.
NOTIC: [8] Undefined index: mo /var/www/wechat/Application/Module/Controller/EntryController.class.php 第 14 行.
NOTIC: [8] Undefined index: t /var/www/wechat/Application/Module/Controller/EntryController.class.php 第 15 行.
NOTIC: [8] Undefined variable: class /var/www/wechat/Application/Module/Controller/EntryController.class.php 第 24 行.

[ 2017-10-08T20:56:37+08:00 ] 140.205.225.196 /index.php
INFO: [ app_init ] --START--
INFO: Run Behavior\BuildLiteBehavior [ RunTime:0.000012s ]
INFO: [ app_init ] --END-- [ RunTime:0.000297s ]
INFO: [ app_begin ] --START--
INFO: Run Behavior\ReadHtmlCacheBehavior [ RunTime:0.000315s ]
SQL: SHOW COLUMNS FROM `wx_config` [ RunTime:0.0005s ]
SQL: SELECT * FROM `wx_config` WHERE `id` = 1 LIMIT 1   [ RunTime:0.0002s ]
INFO: Run Common\Behaviors\AppBeginBehavior [ RunTime:0.008763s ]
INFO: [ app_begin ] --END-- [ RunTime:0.009227s ]
NOTIC: [2] session_start(): open(/var/lib/php/session/sess_ke5lc3v2qikan6kmngo79t65f1, O_RDWR) failed: Permission denied (13) /var/www/wechat/ThinkPHP/Common/functions.php 第 1263 行.
NOTIC: [8] Undefined index: mo /var/www/wechat/Application/Module/Controller/EntryController.class.php 第 14 行.
NOTIC: [8] Undefined index: t /var/www/wechat/Application/Module/Controller/EntryController.class.php 第 15 行.
NOTIC: [8] Undefined variable: class /var/www/wechat/Application/Module/Controller/EntryController.class.php 第 24 行.

[ 2017-10-08T21:23:14+08:00 ] 140.205.225.196 /
INFO: [ app_init ] --START--
INFO: Run Behavior\BuildLiteBehavior [ RunTime:0.000015s ]
INFO: [ app_init ] --END-- [ RunTime:0.000306s ]
INFO: [ app_begin ] --START--
INFO: Run Behavior\ReadHtmlCacheBehavior [ RunTime:0.000332s ]
SQL: SHOW COLUMNS FROM `wx_config` [ RunTime:0.0007s ]
SQL: SELECT * FROM `wx_config` WHERE `id` = 1 LIMIT 1   [ RunTime:0.0002s ]
INFO: Run Common\Behaviors\AppBeginBehavior [ RunTime:0.009168s ]
INFO: [ app_begin ] --END-- [ RunTime:0.009568s ]
NOTIC: [2] session_start(): open(/var/lib/php/session/sess_9lu2o0in2bdrsg9qvuvd0tijp6, O_RDWR) failed: Permission denied (13) /var/www/wechat/ThinkPHP/Common/functions.php 第 1263 行.
NOTIC: [8] Undefined index: mo /var/www/wechat/Application/Module/Controller/EntryController.class.php 第 14 行.
NOTIC: [8] Undefined index: t /var/www/wechat/Application/Module/Controller/EntryController.class.php 第 15 行.
NOTIC: [8] Undefined variable: class /var/www/wechat/Application/Module/Controller/EntryController.class.php 第 24 行.

[ 2017-10-08T21:37:27+08:00 ] 140.205.225.196 /
INFO: [ app_init ] --START--
INFO: Run Behavior\BuildLiteBehavior [ RunTime:0.000011s ]
INFO: [ app_init ] --END-- [ RunTime:0.000253s ]
INFO: [ app_begin ] --START--
INFO: Run Behavior\ReadHtmlCacheBehavior [ RunTime:0.000316s ]
SQL: SHOW COLUMNS FROM `wx_config` [ RunTime:0.0006s ]
SQL: SELECT * FROM `wx_config` WHERE `id` = 1 LIMIT 1   [ RunTime:0.0002s ]
INFO: Run Common\Behaviors\AppBeginBehavior [ RunTime:0.008134s ]
INFO: [ app_begin ] --END-- [ RunTime:0.008509s ]
NOTIC: [2] session_start(): open(/var/lib/php/session/sess_v30le0momrc57hh70b4p1ej8o4, O_RDWR) failed: Permission denied (13) /var/www/wechat/ThinkPHP/Common/functions.php 第 1263 行.
NOTIC: [8] Undefined index: mo /var/www/wechat/Application/Module/Controller/EntryController.class.php 第 14 行.
NOTIC: [8] Undefined index: t /var/www/wechat/Application/Module/Controller/EntryController.class.php 第 15 行.
NOTIC: [8] Undefined variable: class /var/www/wechat/Application/Module/Controller/EntryController.class.php 第 24 行.

[ 2017-10-08T21:41:01+08:00 ] 140.205.225.196 /
INFO: [ app_init ] --START--
INFO: Run Behavior\BuildLiteBehavior [ RunTime:0.000014s ]
INFO: [ app_init ] --END-- [ RunTime:0.000274s ]
INFO: [ app_begin ] --START--
INFO: Run Behavior\ReadHtmlCacheBehavior [ RunTime:0.000320s ]
SQL: SHOW COLUMNS FROM `wx_config` [ RunTime:0.0005s ]
SQL: SELECT * FROM `wx_config` WHERE `id` = 1 LIMIT 1   [ RunTime:0.0002s ]
INFO: Run Common\Behaviors\AppBeginBehavior [ RunTime:0.008389s ]
INFO: [ app_begin ] --END-- [ RunTime:0.008783s ]
NOTIC: [2] session_start(): open(/var/lib/php/session/sess_88f4ejv6v6q82sfhddntm4fbu2, O_RDWR) failed: Permission denied (13) /var/www/wechat/ThinkPHP/Common/functions.php 第 1263 行.
NOTIC: [8] Undefined index: mo /var/www/wechat/Application/Module/Controller/EntryController.class.php 第 14 行.
NOTIC: [8] Undefined index: t /var/www/wechat/Application/Module/Controller/EntryController.class.php 第 15 行.
NOTIC: [8] Undefined variable: class /var/www/wechat/Application/Module/Controller/EntryController.class.php 第 24 行.

[ 2017-10-08T22:24:08+08:00 ] 140.205.225.196 /
INFO: [ app_init ] --START--
INFO: Run Behavior\BuildLiteBehavior [ RunTime:0.000012s ]
INFO: [ app_init ] --END-- [ RunTime:0.000301s ]
INFO: [ app_begin ] --START--
INFO: Run Behavior\ReadHtmlCacheBehavior [ RunTime:0.000399s ]
SQL: SHOW COLUMNS FROM `wx_config` [ RunTime:0.0006s ]
SQL: SELECT * FROM `wx_config` WHERE `id` = 1 LIMIT 1   [ RunTime:0.0002s ]
INFO: Run Common\Behaviors\AppBeginBehavior [ RunTime:0.355878s ]
INFO: [ app_begin ] --END-- [ RunTime:0.356412s ]
NOTIC: [2] session_start(): open(/var/lib/php/session/sess_4p9fc9s7v2p8bjrtddt6qe9105, O_RDWR) failed: Permission denied (13) /var/www/wechat/ThinkPHP/Common/functions.php 第 1263 行.
NOTIC: [8] Undefined index: mo /var/www/wechat/Application/Module/Controller/EntryController.class.php 第 14 行.
NOTIC: [8] Undefined index: t /var/www/wechat/Application/Module/Controller/EntryController.class.php 第 15 行.
NOTIC: [8] Undefined variable: class /var/www/wechat/Application/Module/Controller/EntryController.class.php 第 24 行.

[ 2017-10-08T22:32:51+08:00 ] 140.205.225.196 /
INFO: [ app_init ] --START--
INFO: Run Behavior\BuildLiteBehavior [ RunTime:0.000011s ]
INFO: [ app_init ] --END-- [ RunTime:0.000274s ]
INFO: [ app_begin ] --START--
INFO: Run Behavior\ReadHtmlCacheBehavior [ RunTime:0.000370s ]
SQL: SHOW COLUMNS FROM `wx_config` [ RunTime:0.0006s ]
SQL: SELECT * FROM `wx_config` WHERE `id` = 1 LIMIT 1   [ RunTime:0.0002s ]
INFO: Run Common\Behaviors\AppBeginBehavior [ RunTime:0.008981s ]
INFO: [ app_begin ] --END-- [ RunTime:0.009420s ]
NOTIC: [2] session_start(): open(/var/lib/php/session/sess_uvje0c0pudbajbk5dl51m7gbb6, O_RDWR) failed: Permission denied (13) /var/www/wechat/ThinkPHP/Common/functions.php 第 1263 行.
NOTIC: [8] Undefined index: mo /var/www/wechat/Application/Module/Controller/EntryController.class.php 第 14 行.
NOTIC: [8] Undefined index: t /var/www/wechat/Application/Module/Controller/EntryController.class.php 第 15 行.
NOTIC: [8] Undefined variable: class /var/www/wechat/Application/Module/Controller/EntryController.class.php 第 24 行.

[ 2017-10-08T22:34:21+08:00 ] 140.205.225.196 /
INFO: [ app_init ] --START--
INFO: Run Behavior\BuildLiteBehavior [ RunTime:0.000017s ]
INFO: [ app_init ] --END-- [ RunTime:0.000458s ]
INFO: [ app_begin ] --START--
INFO: Run Behavior\ReadHtmlCacheBehavior [ RunTime:0.000299s ]
SQL: SHOW COLUMNS FROM `wx_config` [ RunTime:0.0005s ]
SQL: SELECT * FROM `wx_config` WHERE `id` = 1 LIMIT 1   [ RunTime:0.0002s ]
NOTIC: [2] simplexml_load_string(): Entity: line 1: parser error : Start tag expected, '&lt;' not found /var/www/wechat/vendor/houdunwang/wechat/src/WeChat.php 第 50 行.
NOTIC: [2] simplexml_load_string(): 1 /var/www/wechat/vendor/houdunwang/wechat/src/WeChat.php 第 50 行.
NOTIC: [2] simplexml_load_string(): ^ /var/www/wechat/vendor/houdunwang/wechat/src/WeChat.php 第 50 行.
INFO: Run Common\Behaviors\AppBeginBehavior [ RunTime:0.008186s ]
INFO: [ app_begin ] --END-- [ RunTime:0.008543s ]
NOTIC: [2] session_start(): open(/var/lib/php/session/sess_shci6f3246o9sdt2nhq9kdjlg2, O_RDWR) failed: Permission denied (13) /var/www/wechat/ThinkPHP/Common/functions.php 第 1263 行.
NOTIC: [8] Undefined index: mo /var/www/wechat/Application/Module/Controller/EntryController.class.php 第 14 行.
NOTIC: [8] Undefined index: t /var/www/wechat/Application/Module/Controller/EntryController.class.php 第 15 行.
NOTIC: [8] Undefined variable: class /var/www/wechat/Application/Module/Controller/EntryController.class.php 第 24 行.

[ 2017-10-08T22:41:00+08:00 ] 104.192.74.14 /
INFO: [ app_init ] --START--
INFO: Run Behavior\BuildLiteBehavior [ RunTime:0.000010s ]
INFO: [ app_init ] --END-- [ RunTime:0.000234s ]
INFO: [ app_begin ] --START--
INFO: Run Behavior\ReadHtmlCacheBehavior [ RunTime:0.000332s ]
SQL: SHOW COLUMNS FROM `wx_config` [ RunTime:0.0005s ]
SQL: SELECT * FROM `wx_config` WHERE `id` = 1 LIMIT 1   [ RunTime:0.0002s ]
INFO: Run Common\Behaviors\AppBeginBehavior [ RunTime:0.007949s ]
INFO: [ app_begin ] --END-- [ RunTime:0.008339s ]
NOTIC: [2] session_start(): open(/var/lib/php/session/sess_0ubs4o59d8sv498rlclvieuc14, O_RDWR) failed: Permission denied (13) /var/www/wechat/ThinkPHP/Common/functions.php 第 1263 行.
NOTIC: [8] Undefined index: mo /var/www/wechat/Application/Module/Controller/EntryController.class.php 第 14 行.
NOTIC: [8] Undefined index: t /var/www/wechat/Application/Module/Controller/EntryController.class.php 第 15 行.
NOTIC: [8] Undefined variable: class /var/www/wechat/Application/Module/Controller/EntryController.class.php 第 24 行.

[ 2017-10-08T22:41:01+08:00 ] 104.192.74.14 /
INFO: [ app_init ] --START--
INFO: Run Behavior\BuildLiteBehavior [ RunTime:0.000014s ]
INFO: [ app_init ] --END-- [ RunTime:0.000286s ]
INFO: [ app_begin ] --START--
INFO: Run Behavior\ReadHtmlCacheBehavior [ RunTime:0.000306s ]
SQL: SHOW COLUMNS FROM `wx_config` [ RunTime:0.0007s ]
SQL: SELECT * FROM `wx_config` WHERE `id` = 1 LIMIT 1   [ RunTime:0.0003s ]
INFO: Run Common\Behaviors\AppBeginBehavior [ RunTime:0.009454s ]
INFO: [ app_begin ] --END-- [ RunTime:0.009835s ]
NOTIC: [2] session_start(): open(/var/lib/php/session/sess_k9183fj19q4s2486na2c3j9ep2, O_RDWR) failed: Permission denied (13) /var/www/wechat/ThinkPHP/Common/functions.php 第 1263 行.
NOTIC: [8] Undefined index: mo /var/www/wechat/Application/Module/Controller/EntryController.class.php 第 14 行.
NOTIC: [8] Undefined index: t /var/www/wechat/Application/Module/Controller/EntryController.class.php 第 15 行.
NOTIC: [8] Undefined variable: class /var/www/wechat/Application/Module/Controller/EntryController.class.php 第 24 行.

[ 2017-10-08T22:55:09+08:00 ] 140.205.225.196 /
INFO: [ app_init ] --START--
INFO: Run Behavior\BuildLiteBehavior [ RunTime:0.000010s ]
INFO: [ app_init ] --END-- [ RunTime:0.000253s ]
INFO: [ app_begin ] --START--
INFO: Run Behavior\ReadHtmlCacheBehavior [ RunTime:0.000474s ]
SQL: SHOW COLUMNS FROM `wx_config` [ RunTime:0.0008s ]
SQL: SELECT * FROM `wx_config` WHERE `id` = 1 LIMIT 1   [ RunTime:0.0003s ]
INFO: Run Common\Behaviors\AppBeginBehavior [ RunTime:0.012476s ]
INFO: [ app_begin ] --END-- [ RunTime:0.013035s ]
NOTIC: [2] session_start(): open(/var/lib/php/session/sess_qe858d081hugrrv0bura0g44o6, O_RDWR) failed: Permission denied (13) /var/www/wechat/ThinkPHP/Common/functions.php 第 1263 行.
NOTIC: [8] Undefined index: mo /var/www/wechat/Application/Module/Controller/EntryController.class.php 第 14 行.
NOTIC: [8] Undefined index: t /var/www/wechat/Application/Module/Controller/EntryController.class.php 第 15 行.
NOTIC: [8] Undefined variable: class /var/www/wechat/Application/Module/Controller/EntryController.class.php 第 24 行.

[ 2017-10-08T22:56:36+08:00 ] 140.205.225.196 /
INFO: [ app_init ] --START--
INFO: Run Behavior\BuildLiteBehavior [ RunTime:0.000013s ]
INFO: [ app_init ] --END-- [ RunTime:0.000289s ]
INFO: [ app_begin ] --START--
INFO: Run Behavior\ReadHtmlCacheBehavior [ RunTime:0.000318s ]
SQL: SHOW COLUMNS FROM `wx_config` [ RunTime:0.0005s ]
SQL: SELECT * FROM `wx_config` WHERE `id` = 1 LIMIT 1   [ RunTime:0.0002s ]
INFO: Run Common\Behaviors\AppBeginBehavior [ RunTime:0.007984s ]
INFO: [ app_begin ] --END-- [ RunTime:0.008363s ]
NOTIC: [2] session_start(): open(/var/lib/php/session/sess_a34i2u2u5q7vuop6an9gp83oh3, O_RDWR) failed: Permission denied (13) /var/www/wechat/ThinkPHP/Common/functions.php 第 1263 行.
NOTIC: [8] Undefined index: mo /var/www/wechat/Application/Module/Controller/EntryController.class.php 第 14 行.
NOTIC: [8] Undefined index: t /var/www/wechat/Application/Module/Controller/EntryController.class.php 第 15 行.
NOTIC: [8] Undefined variable: class /var/www/wechat/Application/Module/Controller/EntryController.class.php 第 24 行.

[ 2017-10-08T22:56:42+08:00 ] 140.205.225.196 /
INFO: [ app_init ] --START--
INFO: Run Behavior\BuildLiteBehavior [ RunTime:0.000011s ]
INFO: [ app_init ] --END-- [ RunTime:0.000281s ]
INFO: [ app_begin ] --START--
INFO: Run Behavior\ReadHtmlCacheBehavior [ RunTime:0.000286s ]
SQL: SHOW COLUMNS FROM `wx_config` [ RunTime:0.0005s ]
SQL: SELECT * FROM `wx_config` WHERE `id` = 1 LIMIT 1   [ RunTime:0.0002s ]
INFO: Run Common\Behaviors\AppBeginBehavior [ RunTime:0.007805s ]
INFO: [ app_begin ] --END-- [ RunTime:0.008151s ]
NOTIC: [2] session_start(): open(/var/lib/php/session/sess_dlm1r1ks62r5fb4oehkhleiet7, O_RDWR) failed: Permission denied (13) /var/www/wechat/ThinkPHP/Common/functions.php 第 1263 行.
NOTIC: [8] Undefined index: mo /var/www/wechat/Application/Module/Controller/EntryController.class.php 第 14 行.
NOTIC: [8] Undefined index: t /var/www/wechat/Application/Module/Controller/EntryController.class.php 第 15 行.
NOTIC: [8] Undefined variable: class /var/www/wechat/Application/Module/Controller/EntryController.class.php 第 24 行.

[ 2017-10-08T23:46:38+08:00 ] 185.40.4.29 /
INFO: [ app_init ] --START--
INFO: Run Behavior\BuildLiteBehavior [ RunTime:0.000011s ]
INFO: [ app_init ] --END-- [ RunTime:0.000239s ]
INFO: [ app_begin ] --START--
INFO: Run Behavior\ReadHtmlCacheBehavior [ RunTime:0.000296s ]
SQL: SHOW COLUMNS FROM `wx_config` [ RunTime:0.0006s ]
SQL: SELECT * FROM `wx_config` WHERE `id` = 1 LIMIT 1   [ RunTime:0.0002s ]
INFO: Run Common\Behaviors\AppBeginBehavior [ RunTime:0.008276s ]
INFO: [ app_begin ] --END-- [ RunTime:0.008634s ]
NOTIC: [2] session_start(): open(/var/lib/php/session/sess_obtu54eaat58vkjvi7sv876216, O_RDWR) failed: Permission denied (13) /var/www/wechat/ThinkPHP/Common/functions.php 第 1263 行.
NOTIC: [8] Undefined index: mo /var/www/wechat/Application/Module/Controller/EntryController.class.php 第 14 行.
NOTIC: [8] Undefined index: t /var/www/wechat/Application/Module/Controller/EntryController.class.php 第 15 行.
NOTIC: [8] Undefined variable: class /var/www/wechat/Application/Module/Controller/EntryController.class.php 第 24 行.

