[ 2017-05-18T09:51:42+08:00 ] 140.205.201.30 /xdvauhygtlrm
INFO: [ app_init ] --START--
INFO: Run Behavior\BuildLiteBehavior [ RunTime:0.000011s ]
INFO: [ app_init ] --END-- [ RunTime:0.000231s ]
ERR: 无法加载模块:Xdvauhygtlrm

[ 2017-05-18T09:51:42+08:00 ] 140.205.201.30 /xdvauhygtlrm
INFO: [ app_init ] --START--
INFO: Run Behavior\BuildLiteBehavior [ RunTime:0.000010s ]
INFO: [ app_init ] --END-- [ RunTime:0.000240s ]
ERR: 无法加载模块:Xdvauhygtlrm

[ 2017-05-18T09:51:42+08:00 ] 140.205.201.30 /xdvauhygtlrm
INFO: [ app_init ] --START--
INFO: Run Behavior\BuildLiteBehavior [ RunTime:0.000014s ]
INFO: [ app_init ] --END-- [ RunTime:0.000252s ]
ERR: 无法加载模块:Xdvauhygtlrm

[ 2017-05-18T09:59:41+08:00 ] 140.205.201.30 /hwi/
INFO: [ app_init ] --START--
INFO: Run Behavior\BuildLiteBehavior [ RunTime:0.000010s ]
INFO: [ app_init ] --END-- [ RunTime:0.000238s ]
ERR: 无法加载模块:Hwi

[ 2017-05-18T10:17:05+08:00 ] 140.205.201.30 /clusters.jsf
INFO: [ app_init ] --START--
INFO: Run Behavior\BuildLiteBehavior [ RunTime:0.000010s ]
INFO: [ app_init ] --END-- [ RunTime:0.000260s ]
ERR: 无法加载模块:Clusters

[ 2017-05-18T10:30:36+08:00 ] 140.205.201.30 /about/
INFO: [ app_init ] --START--
INFO: Run Behavior\BuildLiteBehavior [ RunTime:0.000011s ]
INFO: [ app_init ] --END-- [ RunTime:0.000262s ]
ERR: 无法加载模块:About

[ 2017-05-18T10:43:12+08:00 ] 140.205.201.30 /jobs/
INFO: [ app_init ] --START--
INFO: Run Behavior\BuildLiteBehavior [ RunTime:0.000011s ]
INFO: [ app_init ] --END-- [ RunTime:0.000227s ]
ERR: 无法加载模块:Jobs

[ 2017-05-18T10:57:07+08:00 ] 140.205.201.30 /bdwgkealmfvx
INFO: [ app_init ] --START--
INFO: Run Behavior\BuildLiteBehavior [ RunTime:0.000013s ]
INFO: [ app_init ] --END-- [ RunTime:0.000367s ]
ERR: 无法加载模块:Bdwgkealmfvx

[ 2017-05-18T10:57:07+08:00 ] 140.205.201.30 /bdwgkealmfvx
INFO: [ app_init ] --START--
INFO: Run Behavior\BuildLiteBehavior [ RunTime:0.000011s ]
INFO: [ app_init ] --END-- [ RunTime:0.000331s ]
ERR: 无法加载模块:Bdwgkealmfvx

[ 2017-05-18T10:57:07+08:00 ] 140.205.201.30 /bdwgkealmfvx
INFO: [ app_init ] --START--
INFO: Run Behavior\BuildLiteBehavior [ RunTime:0.000023s ]
INFO: [ app_init ] --END-- [ RunTime:0.000247s ]
ERR: 无法加载模块:Bdwgkealmfvx

[ 2017-05-18T10:57:07+08:00 ] 140.205.201.30 /rs-status
INFO: [ app_init ] --START--
INFO: Run Behavior\BuildLiteBehavior [ RunTime:0.000010s ]
INFO: [ app_init ] --END-- [ RunTime:0.000239s ]
ERR: 无法加载模块:Rs-status

[ 2017-05-18T11:07:32+08:00 ] 140.205.201.30 /dfshealth.html
INFO: [ app_init ] --START--
INFO: Run Behavior\BuildLiteBehavior [ RunTime:0.000014s ]
INFO: [ app_init ] --END-- [ RunTime:0.000394s ]
ERR: 无法加载模块:Dfshealth

[ 2017-05-18T11:18:57+08:00 ] 140.205.201.30 /master-status
INFO: [ app_init ] --START--
INFO: Run Behavior\BuildLiteBehavior [ RunTime:0.000010s ]
INFO: [ app_init ] --END-- [ RunTime:0.000260s ]
ERR: 无法加载模块:Master-status

[ 2017-05-18T11:29:54+08:00 ] 140.205.201.30 /warning
INFO: [ app_init ] --START--
INFO: Run Behavior\BuildLiteBehavior [ RunTime:0.000011s ]
INFO: [ app_init ] --END-- [ RunTime:0.000242s ]
ERR: 无法加载模块:Warning

[ 2017-05-18T11:41:57+08:00 ] 120.26.55.211 /administrator/manifests/files/joomla.xml
INFO: [ app_init ] --START--
INFO: Run Behavior\BuildLiteBehavior [ RunTime:0.000017s ]
INFO: [ app_init ] --END-- [ RunTime:0.000392s ]
ERR: 无法加载模块:Administrator

[ 2017-05-18T11:44:57+08:00 ] 140.205.201.30 /pleasereadthis
INFO: [ app_init ] --START--
INFO: Run Behavior\BuildLiteBehavior [ RunTime:0.000010s ]
INFO: [ app_init ] --END-- [ RunTime:0.000292s ]
ERR: 无法加载模块:Pleasereadthis

[ 2017-05-18T11:58:00+08:00 ] 140.205.201.30 /please_read/_search
INFO: [ app_init ] --START--
INFO: Run Behavior\BuildLiteBehavior [ RunTime:0.000010s ]
INFO: [ app_init ] --END-- [ RunTime:0.000257s ]
ERR: 无法加载模块:Please_read

[ 2017-05-18T12:45:20+08:00 ] 140.205.201.30 /jenkins/
INFO: [ app_init ] --START--
INFO: Run Behavior\BuildLiteBehavior [ RunTime:0.000011s ]
INFO: [ app_init ] --END-- [ RunTime:0.000239s ]
ERR: 无法加载模块:Jenkins

[ 2017-05-18T13:01:09+08:00 ] 140.205.201.30 /zabbix/
INFO: [ app_init ] --START--
INFO: Run Behavior\BuildLiteBehavior [ RunTime:0.000010s ]
INFO: [ app_init ] --END-- [ RunTime:0.000281s ]
ERR: 无法加载模块:Zabbix

[ 2017-05-18T13:11:33+08:00 ] 140.205.201.30 /solr/
INFO: [ app_init ] --START--
INFO: Run Behavior\BuildLiteBehavior [ RunTime:0.000010s ]
INFO: [ app_init ] --END-- [ RunTime:0.000256s ]
ERR: 无法加载模块:Solr

[ 2017-05-18T13:16:32+08:00 ] 140.205.201.30 /info
INFO: [ app_init ] --START--
INFO: Run Behavior\BuildLiteBehavior [ RunTime:0.000010s ]
INFO: [ app_init ] --END-- [ RunTime:0.000237s ]
ERR: 无法加载模块:Info

[ 2017-05-18T13:18:23+08:00 ] 140.205.201.30 /dfshealth.jsp
INFO: [ app_init ] --START--
INFO: Run Behavior\BuildLiteBehavior [ RunTime:0.000010s ]
INFO: [ app_init ] --END-- [ RunTime:0.000227s ]
ERR: 无法加载模块:Dfshealth

[ 2017-05-18T13:20:14+08:00 ] 140.205.201.30 /hadoop/dfshealth.jsp
INFO: [ app_init ] --START--
INFO: Run Behavior\BuildLiteBehavior [ RunTime:0.000014s ]
INFO: [ app_init ] --END-- [ RunTime:0.000377s ]
ERR: 无法加载模块:Hadoop

[ 2017-05-18T13:46:09+08:00 ] 140.205.201.30 /j_acegi_security_check
INFO: [ app_init ] --START--
INFO: Run Behavior\BuildLiteBehavior [ RunTime:0.000010s ]
INFO: [ app_init ] --END-- [ RunTime:0.000257s ]
ERR: 无法加载模块:J_acegi_security_check

[ 2017-05-18T14:13:36+08:00 ] 140.205.225.197 /zjlqinfgyutv
INFO: [ app_init ] --START--
INFO: Run Behavior\BuildLiteBehavior [ RunTime:0.000010s ]
INFO: [ app_init ] --END-- [ RunTime:0.000227s ]
ERR: 无法加载模块:Zjlqinfgyutv

[ 2017-05-18T14:13:36+08:00 ] 140.205.225.197 /zjlqinfgyutv
INFO: [ app_init ] --START--
INFO: Run Behavior\BuildLiteBehavior [ RunTime:0.000010s ]
INFO: [ app_init ] --END-- [ RunTime:0.000242s ]
ERR: 无法加载模块:Zjlqinfgyutv

[ 2017-05-18T14:13:36+08:00 ] 140.205.225.197 /zjlqinfgyutv
INFO: [ app_init ] --START--
INFO: Run Behavior\BuildLiteBehavior [ RunTime:0.000010s ]
INFO: [ app_init ] --END-- [ RunTime:0.000220s ]
ERR: 无法加载模块:Zjlqinfgyutv

[ 2017-05-18T14:19:07+08:00 ] 140.205.225.197 /hwi/
INFO: [ app_init ] --START--
INFO: Run Behavior\BuildLiteBehavior [ RunTime:0.000011s ]
INFO: [ app_init ] --END-- [ RunTime:0.000241s ]
ERR: 无法加载模块:Hwi

[ 2017-05-18T14:30:15+08:00 ] 140.205.225.197 /clusters.jsf
INFO: [ app_init ] --START--
INFO: Run Behavior\BuildLiteBehavior [ RunTime:0.000014s ]
INFO: [ app_init ] --END-- [ RunTime:0.000377s ]
ERR: 无法加载模块:Clusters

[ 2017-05-18T14:43:49+08:00 ] 140.205.225.197 /about/
INFO: [ app_init ] --START--
INFO: Run Behavior\BuildLiteBehavior [ RunTime:0.000010s ]
INFO: [ app_init ] --END-- [ RunTime:0.000258s ]
ERR: 无法加载模块:About

[ 2017-05-18T14:46:04+08:00 ] 140.205.225.197 /jobs/
INFO: [ app_init ] --START--
INFO: Run Behavior\BuildLiteBehavior [ RunTime:0.000010s ]
INFO: [ app_init ] --END-- [ RunTime:0.000260s ]
ERR: 无法加载模块:Jobs

[ 2017-05-18T14:46:52+08:00 ] 140.205.225.197 /rs-status
INFO: [ app_init ] --START--
INFO: Run Behavior\BuildLiteBehavior [ RunTime:0.000011s ]
INFO: [ app_init ] --END-- [ RunTime:0.000268s ]
ERR: 无法加载模块:Rs-status

[ 2017-05-18T14:47:00+08:00 ] 140.205.225.197 /dfshealth.html
INFO: [ app_init ] --START--
INFO: Run Behavior\BuildLiteBehavior [ RunTime:0.000010s ]
INFO: [ app_init ] --END-- [ RunTime:0.000271s ]
ERR: 无法加载模块:Dfshealth

[ 2017-05-18T14:47:09+08:00 ] 140.205.225.197 /master-status
INFO: [ app_init ] --START--
INFO: Run Behavior\BuildLiteBehavior [ RunTime:0.000011s ]
INFO: [ app_init ] --END-- [ RunTime:0.000251s ]
ERR: 无法加载模块:Master-status

[ 2017-05-18T14:47:14+08:00 ] 140.205.225.197 /warning
INFO: [ app_init ] --START--
INFO: Run Behavior\BuildLiteBehavior [ RunTime:0.000015s ]
INFO: [ app_init ] --END-- [ RunTime:0.000329s ]
ERR: 无法加载模块:Warning

[ 2017-05-18T14:47:19+08:00 ] 140.205.225.197 /pleasereadthis
INFO: [ app_init ] --START--
INFO: Run Behavior\BuildLiteBehavior [ RunTime:0.000011s ]
INFO: [ app_init ] --END-- [ RunTime:0.000284s ]
ERR: 无法加载模块:Pleasereadthis

[ 2017-05-18T14:47:24+08:00 ] 140.205.225.197 /please_read/_search
INFO: [ app_init ] --START--
INFO: Run Behavior\BuildLiteBehavior [ RunTime:0.000012s ]
INFO: [ app_init ] --END-- [ RunTime:0.000242s ]
ERR: 无法加载模块:Please_read

[ 2017-05-18T14:51:12+08:00 ] 140.205.225.197 /jenkins/
INFO: [ app_init ] --START--
INFO: Run Behavior\BuildLiteBehavior [ RunTime:0.000011s ]
INFO: [ app_init ] --END-- [ RunTime:0.000226s ]
ERR: 无法加载模块:Jenkins

[ 2017-05-18T14:52:05+08:00 ] 140.205.225.197 /zabbix/
INFO: [ app_init ] --START--
INFO: Run Behavior\BuildLiteBehavior [ RunTime:0.000011s ]
INFO: [ app_init ] --END-- [ RunTime:0.000237s ]
ERR: 无法加载模块:Zabbix

[ 2017-05-18T14:53:40+08:00 ] 140.205.225.197 /solr/
INFO: [ app_init ] --START--
INFO: Run Behavior\BuildLiteBehavior [ RunTime:0.000010s ]
INFO: [ app_init ] --END-- [ RunTime:0.000230s ]
ERR: 无法加载模块:Solr

[ 2017-05-18T14:58:12+08:00 ] 140.205.225.197 /info
INFO: [ app_init ] --START--
INFO: Run Behavior\BuildLiteBehavior [ RunTime:0.000010s ]
INFO: [ app_init ] --END-- [ RunTime:0.000262s ]
ERR: 无法加载模块:Info

[ 2017-05-18T15:05:28+08:00 ] 140.205.225.197 /dfshealth.jsp
INFO: [ app_init ] --START--
INFO: Run Behavior\BuildLiteBehavior [ RunTime:0.000011s ]
INFO: [ app_init ] --END-- [ RunTime:0.000229s ]
ERR: 无法加载模块:Dfshealth

[ 2017-05-18T15:06:04+08:00 ] 140.205.225.197 /hadoop/dfshealth.jsp
INFO: [ app_init ] --START--
INFO: Run Behavior\BuildLiteBehavior [ RunTime:0.000010s ]
INFO: [ app_init ] --END-- [ RunTime:0.000274s ]
ERR: 无法加载模块:Hadoop

[ 2017-05-18T15:14:52+08:00 ] 140.205.225.197 /j_acegi_security_check
INFO: [ app_init ] --START--
INFO: Run Behavior\BuildLiteBehavior [ RunTime:0.000010s ]
INFO: [ app_init ] --END-- [ RunTime:0.000234s ]
ERR: 无法加载模块:J_acegi_security_check

[ 2017-05-18T23:38:12+08:00 ] 47.92.76.250 /manager/html
INFO: [ app_init ] --START--
INFO: Run Behavior\BuildLiteBehavior [ RunTime:0.000010s ]
INFO: [ app_init ] --END-- [ RunTime:0.000233s ]
ERR: 无法加载模块:Manager

