[ 2017-06-30T07:37:16+08:00 ] 80.82.78.38 /cache/global/img/gs.gif
INFO: [ app_init ] --START--
INFO: Run Behavior\BuildLiteBehavior [ RunTime:0.000011s ]
INFO: [ app_init ] --END-- [ RunTime:0.000258s ]
ERR: 无法加载模块:Cache

[ 2017-06-30T09:46:59+08:00 ] 140.205.225.183 /wp-json/wp/v2/posts
INFO: [ app_init ] --START--
INFO: Run Behavior\BuildLiteBehavior [ RunTime:0.000010s ]
INFO: [ app_init ] --END-- [ RunTime:0.000241s ]
ERR: 无法加载模块:Wp-json

[ 2017-06-30T09:47:05+08:00 ] 140.205.225.183 /sobalvjexpiz
INFO: [ app_init ] --START--
INFO: Run Behavior\BuildLiteBehavior [ RunTime:0.000012s ]
INFO: [ app_init ] --END-- [ RunTime:0.000299s ]
ERR: 无法加载模块:Sobalvjexpiz

[ 2017-06-30T09:47:05+08:00 ] 140.205.225.183 /sobalvjexpiz
INFO: [ app_init ] --START--
INFO: Run Behavior\BuildLiteBehavior [ RunTime:0.000011s ]
INFO: [ app_init ] --END-- [ RunTime:0.000282s ]
ERR: 无法加载模块:Sobalvjexpiz

[ 2017-06-30T09:47:05+08:00 ] 140.205.225.183 /sobalvjexpiz
INFO: [ app_init ] --START--
INFO: Run Behavior\BuildLiteBehavior [ RunTime:0.000011s ]
INFO: [ app_init ] --END-- [ RunTime:0.000266s ]
ERR: 无法加载模块:Sobalvjexpiz

[ 2017-06-30T09:47:10+08:00 ] 140.205.225.183 /jobs/
INFO: [ app_init ] --START--
INFO: Run Behavior\BuildLiteBehavior [ RunTime:0.000011s ]
INFO: [ app_init ] --END-- [ RunTime:0.000257s ]
ERR: 无法加载模块:Jobs

[ 2017-06-30T09:47:30+08:00 ] 140.205.225.183 /hwi/
INFO: [ app_init ] --START--
INFO: Run Behavior\BuildLiteBehavior [ RunTime:0.000011s ]
INFO: [ app_init ] --END-- [ RunTime:0.000247s ]
ERR: 无法加载模块:Hwi

[ 2017-06-30T09:47:46+08:00 ] 140.205.225.183 /clusters.jsf
INFO: [ app_init ] --START--
INFO: Run Behavior\BuildLiteBehavior [ RunTime:0.000012s ]
INFO: [ app_init ] --END-- [ RunTime:0.000278s ]
ERR: 无法加载模块:Clusters

[ 2017-06-30T09:47:48+08:00 ] 140.205.225.183 /rs-status
INFO: [ app_init ] --START--
INFO: Run Behavior\BuildLiteBehavior [ RunTime:0.000011s ]
INFO: [ app_init ] --END-- [ RunTime:0.000254s ]
ERR: 无法加载模块:Rs-status

[ 2017-06-30T09:47:50+08:00 ] 140.205.225.183 /master-status
INFO: [ app_init ] --START--
INFO: Run Behavior\BuildLiteBehavior [ RunTime:0.000011s ]
INFO: [ app_init ] --END-- [ RunTime:0.000245s ]
ERR: 无法加载模块:Master-status

[ 2017-06-30T09:47:57+08:00 ] 140.205.225.183 /dfshealth.html
INFO: [ app_init ] --START--
INFO: Run Behavior\BuildLiteBehavior [ RunTime:0.000012s ]
INFO: [ app_init ] --END-- [ RunTime:0.000268s ]
ERR: 无法加载模块:Dfshealth

[ 2017-06-30T09:47:58+08:00 ] 140.205.225.183 /about/
INFO: [ app_init ] --START--
INFO: Run Behavior\BuildLiteBehavior [ RunTime:0.000011s ]
INFO: [ app_init ] --END-- [ RunTime:0.000269s ]
ERR: 无法加载模块:About

[ 2017-06-30T09:48:00+08:00 ] 140.205.225.183 /warning
INFO: [ app_init ] --START--
INFO: Run Behavior\BuildLiteBehavior [ RunTime:0.000010s ]
INFO: [ app_init ] --END-- [ RunTime:0.000279s ]
ERR: 无法加载模块:Warning

[ 2017-06-30T09:48:01+08:00 ] 140.205.225.183 /pleasereadthis
INFO: [ app_init ] --START--
INFO: Run Behavior\BuildLiteBehavior [ RunTime:0.000011s ]
INFO: [ app_init ] --END-- [ RunTime:0.000246s ]
ERR: 无法加载模块:Pleasereadthis

[ 2017-06-30T09:48:02+08:00 ] 140.205.225.183 /please_read/_search
INFO: [ app_init ] --START--
INFO: Run Behavior\BuildLiteBehavior [ RunTime:0.000011s ]
INFO: [ app_init ] --END-- [ RunTime:0.000277s ]
ERR: 无法加载模块:Please_read

[ 2017-06-30T09:48:05+08:00 ] 140.205.225.183 /jenkins/
INFO: [ app_init ] --START--
INFO: Run Behavior\BuildLiteBehavior [ RunTime:0.000016s ]
INFO: [ app_init ] --END-- [ RunTime:0.000390s ]
ERR: 无法加载模块:Jenkins

[ 2017-06-30T09:48:06+08:00 ] 140.205.225.183 /zabbix/
INFO: [ app_init ] --START--
INFO: Run Behavior\BuildLiteBehavior [ RunTime:0.000011s ]
INFO: [ app_init ] --END-- [ RunTime:0.000298s ]
ERR: 无法加载模块:Zabbix

[ 2017-06-30T09:48:07+08:00 ] 140.205.225.183 /solr/
INFO: [ app_init ] --START--
INFO: Run Behavior\BuildLiteBehavior [ RunTime:0.000012s ]
INFO: [ app_init ] --END-- [ RunTime:0.000288s ]
ERR: 无法加载模块:Solr

[ 2017-06-30T09:48:09+08:00 ] 140.205.225.183 /info
INFO: [ app_init ] --START--
INFO: Run Behavior\BuildLiteBehavior [ RunTime:0.000011s ]
INFO: [ app_init ] --END-- [ RunTime:0.000251s ]
ERR: 无法加载模块:Info

[ 2017-06-30T09:48:11+08:00 ] 140.205.225.183 /dfshealth.jsp
INFO: [ app_init ] --START--
INFO: Run Behavior\BuildLiteBehavior [ RunTime:0.000010s ]
INFO: [ app_init ] --END-- [ RunTime:0.000243s ]
ERR: 无法加载模块:Dfshealth

[ 2017-06-30T09:48:12+08:00 ] 140.205.225.183 /hadoop/dfshealth.jsp
INFO: [ app_init ] --START--
INFO: Run Behavior\BuildLiteBehavior [ RunTime:0.000010s ]
INFO: [ app_init ] --END-- [ RunTime:0.000239s ]
ERR: 无法加载模块:Hadoop

[ 2017-06-30T11:50:52+08:00 ] 122.114.235.4 //index.action
INFO: [ app_init ] --START--
INFO: Run Behavior\BuildLiteBehavior [ RunTime:0.000010s ]
INFO: [ app_init ] --END-- [ RunTime:0.000249s ]
ERR: 无法加载模块:Index

[ 2017-06-30T13:15:41+08:00 ] 140.205.225.189 /wp-json/wp/v2/posts
INFO: [ app_init ] --START--
INFO: Run Behavior\BuildLiteBehavior [ RunTime:0.000011s ]
INFO: [ app_init ] --END-- [ RunTime:0.000287s ]
ERR: 无法加载模块:Wp-json

[ 2017-06-30T13:15:45+08:00 ] 140.205.225.189 /kfrmaptuvjqd
INFO: [ app_init ] --START--
INFO: Run Behavior\BuildLiteBehavior [ RunTime:0.000012s ]
INFO: [ app_init ] --END-- [ RunTime:0.000286s ]
ERR: 无法加载模块:Kfrmaptuvjqd

[ 2017-06-30T13:15:45+08:00 ] 140.205.225.189 /kfrmaptuvjqd
INFO: [ app_init ] --START--
INFO: Run Behavior\BuildLiteBehavior [ RunTime:0.000012s ]
INFO: [ app_init ] --END-- [ RunTime:0.000313s ]
ERR: 无法加载模块:Kfrmaptuvjqd

[ 2017-06-30T13:15:45+08:00 ] 140.205.225.189 /kfrmaptuvjqd
INFO: [ app_init ] --START--
INFO: Run Behavior\BuildLiteBehavior [ RunTime:0.000012s ]
INFO: [ app_init ] --END-- [ RunTime:0.000248s ]
ERR: 无法加载模块:Kfrmaptuvjqd

[ 2017-06-30T13:15:45+08:00 ] 140.205.225.189 /jobs/
INFO: [ app_init ] --START--
INFO: Run Behavior\BuildLiteBehavior [ RunTime:0.000011s ]
INFO: [ app_init ] --END-- [ RunTime:0.000251s ]
ERR: 无法加载模块:Jobs

[ 2017-06-30T13:16:47+08:00 ] 140.205.225.189 /hwi/
INFO: [ app_init ] --START--
INFO: Run Behavior\BuildLiteBehavior [ RunTime:0.000011s ]
INFO: [ app_init ] --END-- [ RunTime:0.000242s ]
ERR: 无法加载模块:Hwi

[ 2017-06-30T13:18:20+08:00 ] 140.205.225.189 /clusters.jsf
INFO: [ app_init ] --START--
INFO: Run Behavior\BuildLiteBehavior [ RunTime:0.000011s ]
INFO: [ app_init ] --END-- [ RunTime:0.000246s ]
ERR: 无法加载模块:Clusters

[ 2017-06-30T13:19:47+08:00 ] 140.205.225.189 /rs-status
INFO: [ app_init ] --START--
INFO: Run Behavior\BuildLiteBehavior [ RunTime:0.000011s ]
INFO: [ app_init ] --END-- [ RunTime:0.000289s ]
ERR: 无法加载模块:Rs-status

[ 2017-06-30T13:20:30+08:00 ] 140.205.225.189 /master-status
INFO: [ app_init ] --START--
INFO: Run Behavior\BuildLiteBehavior [ RunTime:0.000010s ]
INFO: [ app_init ] --END-- [ RunTime:0.000242s ]
ERR: 无法加载模块:Master-status

[ 2017-06-30T13:22:05+08:00 ] 140.205.225.189 /dfshealth.html
INFO: [ app_init ] --START--
INFO: Run Behavior\BuildLiteBehavior [ RunTime:0.000013s ]
INFO: [ app_init ] --END-- [ RunTime:0.000285s ]
ERR: 无法加载模块:Dfshealth

[ 2017-06-30T13:22:39+08:00 ] 140.205.225.189 /about/
INFO: [ app_init ] --START--
INFO: Run Behavior\BuildLiteBehavior [ RunTime:0.000010s ]
INFO: [ app_init ] --END-- [ RunTime:0.000247s ]
ERR: 无法加载模块:About

[ 2017-06-30T13:23:01+08:00 ] 140.205.225.189 /warning
INFO: [ app_init ] --START--
INFO: Run Behavior\BuildLiteBehavior [ RunTime:0.000011s ]
INFO: [ app_init ] --END-- [ RunTime:0.000259s ]
ERR: 无法加载模块:Warning

[ 2017-06-30T13:23:18+08:00 ] 140.205.225.189 /pleasereadthis
INFO: [ app_init ] --START--
INFO: Run Behavior\BuildLiteBehavior [ RunTime:0.000011s ]
INFO: [ app_init ] --END-- [ RunTime:0.000287s ]
ERR: 无法加载模块:Pleasereadthis

[ 2017-06-30T13:23:22+08:00 ] 140.205.225.189 /please_read/_search
INFO: [ app_init ] --START--
INFO: Run Behavior\BuildLiteBehavior [ RunTime:0.000015s ]
INFO: [ app_init ] --END-- [ RunTime:0.000407s ]
ERR: 无法加载模块:Please_read

[ 2017-06-30T13:25:49+08:00 ] 140.205.225.189 /jenkins/
INFO: [ app_init ] --START--
INFO: Run Behavior\BuildLiteBehavior [ RunTime:0.000010s ]
INFO: [ app_init ] --END-- [ RunTime:0.000253s ]
ERR: 无法加载模块:Jenkins

[ 2017-06-30T13:28:15+08:00 ] 140.205.225.189 /zabbix/
INFO: [ app_init ] --START--
INFO: Run Behavior\BuildLiteBehavior [ RunTime:0.000011s ]
INFO: [ app_init ] --END-- [ RunTime:0.000290s ]
ERR: 无法加载模块:Zabbix

[ 2017-06-30T13:29:21+08:00 ] 140.205.225.189 /solr/
INFO: [ app_init ] --START--
INFO: Run Behavior\BuildLiteBehavior [ RunTime:0.000011s ]
INFO: [ app_init ] --END-- [ RunTime:0.000251s ]
ERR: 无法加载模块:Solr

[ 2017-06-30T13:30:18+08:00 ] 140.205.225.189 /info
INFO: [ app_init ] --START--
INFO: Run Behavior\BuildLiteBehavior [ RunTime:0.000012s ]
INFO: [ app_init ] --END-- [ RunTime:0.000291s ]
ERR: 无法加载模块:Info

[ 2017-06-30T13:32:08+08:00 ] 140.205.225.189 /dfshealth.jsp
INFO: [ app_init ] --START--
INFO: Run Behavior\BuildLiteBehavior [ RunTime:0.000014s ]
INFO: [ app_init ] --END-- [ RunTime:0.000280s ]
ERR: 无法加载模块:Dfshealth

[ 2017-06-30T13:32:48+08:00 ] 140.205.225.189 /hadoop/dfshealth.jsp
INFO: [ app_init ] --START--
INFO: Run Behavior\BuildLiteBehavior [ RunTime:0.000011s ]
INFO: [ app_init ] --END-- [ RunTime:0.000300s ]
ERR: 无法加载模块:Hadoop

[ 2017-06-30T15:02:24+08:00 ] 222.186.44.62 /script
INFO: [ app_init ] --START--
INFO: Run Behavior\BuildLiteBehavior [ RunTime:0.000013s ]
INFO: [ app_init ] --END-- [ RunTime:0.000290s ]
ERR: 无法加载模块:Script

[ 2017-06-30T18:27:17+08:00 ] 121.196.226.67 /status.taobao
INFO: [ app_init ] --START--
INFO: Run Behavior\BuildLiteBehavior [ RunTime:0.000010s ]
INFO: [ app_init ] --END-- [ RunTime:0.000241s ]
ERR: 无法加载模块:Status

[ 2017-06-30T23:18:42+08:00 ] 45.32.46.96 /mhello
INFO: [ app_init ] --START--
INFO: Run Behavior\BuildLiteBehavior [ RunTime:0.000009s ]
INFO: [ app_init ] --END-- [ RunTime:0.000233s ]
ERR: 无法加载模块:Mhello

