[ 2017-09-22T14:57:02+08:00 ] 140.207.54.80 /index.php/WeChat/Api/handler?signature=b160cc8cd098023834c84c3a7850ab4607bf62e7&timestamp=1506063423&nonce=177923785&openid=oG40tuD3S3jwPEDbpsLs0LmnRjH4
INFO: [ app_init ] --START--
INFO: Run Behavior\BuildLiteBehavior [ RunTime:0.000010s ]
INFO: [ app_init ] --END-- [ RunTime:0.000278s ]
INFO: [ app_begin ] --START--
INFO: Run Behavior\ReadHtmlCacheBehavior [ RunTime:0.000316s ]
SQL: SHOW COLUMNS FROM `wx_config` [ RunTime:0.0006s ]
SQL: SELECT * FROM `wx_config` WHERE `id` = 1 LIMIT 1   [ RunTime:0.0002s ]
INFO: Run Common\Behaviors\AppBeginBehavior [ RunTime:0.010402s ]
INFO: [ app_begin ] --END-- [ RunTime:0.010795s ]
NOTIC: [2] session_start(): open(/var/lib/php/session/sess_41bi8aqsn153l0qup3affpu5r0, O_RDWR) failed: Permission denied (13) /var/www/wechat/ThinkPHP/Common/functions.php 第 1263 行.

[ 2017-09-22T14:57:28+08:00 ] 140.207.54.80 /index.php/WeChat/Api/handler?signature=3b3c0f5dcbefae2892fe276837c4c592d431c97d&timestamp=1506063449&nonce=632818226&openid=oG40tuD3S3jwPEDbpsLs0LmnRjH4
INFO: [ app_init ] --START--
INFO: Run Behavior\BuildLiteBehavior [ RunTime:0.000009s ]
INFO: [ app_init ] --END-- [ RunTime:0.000236s ]
INFO: [ app_begin ] --START--
INFO: Run Behavior\ReadHtmlCacheBehavior [ RunTime:0.000300s ]
SQL: SHOW COLUMNS FROM `wx_config` [ RunTime:0.0006s ]
SQL: SELECT * FROM `wx_config` WHERE `id` = 1 LIMIT 1   [ RunTime:0.0002s ]
INFO: Run Common\Behaviors\AppBeginBehavior [ RunTime:0.009556s ]
INFO: [ app_begin ] --END-- [ RunTime:0.009924s ]
NOTIC: [2] session_start(): open(/var/lib/php/session/sess_b1j6pb4crgmc581hbro71nehk1, O_RDWR) failed: Permission denied (13) /var/www/wechat/ThinkPHP/Common/functions.php 第 1263 行.

[ 2017-09-22T14:57:31+08:00 ] 140.207.54.80 /index.php/WeChat/Api/handler?signature=5dcc5aadc685feace467a449e07417fcee349daf&timestamp=1506063452&nonce=795051923&openid=oG40tuD3S3jwPEDbpsLs0LmnRjH4
INFO: [ app_init ] --START--
INFO: Run Behavior\BuildLiteBehavior [ RunTime:0.000011s ]
INFO: [ app_init ] --END-- [ RunTime:0.000279s ]
INFO: [ app_begin ] --START--
INFO: Run Behavior\ReadHtmlCacheBehavior [ RunTime:0.000333s ]
SQL: SHOW COLUMNS FROM `wx_config` [ RunTime:0.0006s ]
SQL: SELECT * FROM `wx_config` WHERE `id` = 1 LIMIT 1   [ RunTime:0.0002s ]
INFO: Run Common\Behaviors\AppBeginBehavior [ RunTime:0.009636s ]
INFO: [ app_begin ] --END-- [ RunTime:0.010036s ]
NOTIC: [2] session_start(): open(/var/lib/php/session/sess_steos0082h06molfcbo7dkkk92, O_RDWR) failed: Permission denied (13) /var/www/wechat/ThinkPHP/Common/functions.php 第 1263 行.

[ 2017-09-22T14:57:37+08:00 ] 140.207.54.79 /index.php/WeChat/Api/handler?signature=309dd5b537d12efa0cb9e42694ec7680f1ed14fe&timestamp=1506063458&nonce=2013398036&openid=oG40tuD3S3jwPEDbpsLs0LmnRjH4
INFO: [ app_init ] --START--
INFO: Run Behavior\BuildLiteBehavior [ RunTime:0.000010s ]
INFO: [ app_init ] --END-- [ RunTime:0.000230s ]
INFO: [ app_begin ] --START--
INFO: Run Behavior\ReadHtmlCacheBehavior [ RunTime:0.000296s ]
SQL: SHOW COLUMNS FROM `wx_config` [ RunTime:0.0006s ]
SQL: SELECT * FROM `wx_config` WHERE `id` = 1 LIMIT 1   [ RunTime:0.0002s ]
INFO: Run Common\Behaviors\AppBeginBehavior [ RunTime:0.008199s ]
INFO: [ app_begin ] --END-- [ RunTime:0.008559s ]
NOTIC: [2] session_start(): open(/var/lib/php/session/sess_77r6ipvus0mrtaajgpe1ts9mo3, O_RDWR) failed: Permission denied (13) /var/www/wechat/ThinkPHP/Common/functions.php 第 1263 行.

[ 2017-09-22T15:02:56+08:00 ] 140.207.54.79 /index.php/WeChat/Api/handler?signature=436e5695a38a0f80d76404f38d8410cc4e285076&timestamp=1506063776&nonce=328164249&openid=oG40tuD3S3jwPEDbpsLs0LmnRjH4
INFO: [ app_init ] --START--
INFO: Run Behavior\BuildLiteBehavior [ RunTime:0.000010s ]
INFO: [ app_init ] --END-- [ RunTime:0.000233s ]
INFO: [ app_begin ] --START--
INFO: Run Behavior\ReadHtmlCacheBehavior [ RunTime:0.000315s ]
SQL: SHOW COLUMNS FROM `wx_config` [ RunTime:0.0006s ]
SQL: SELECT * FROM `wx_config` WHERE `id` = 1 LIMIT 1   [ RunTime:0.0002s ]
INFO: Run Common\Behaviors\AppBeginBehavior [ RunTime:0.009436s ]
INFO: [ app_begin ] --END-- [ RunTime:0.009815s ]
NOTIC: [2] session_start(): open(/var/lib/php/session/sess_2henqrtonl9urocd5cuaaism66, O_RDWR) failed: Permission denied (13) /var/www/wechat/ThinkPHP/Common/functions.php 第 1263 行.

[ 2017-09-22T15:03:00+08:00 ] 140.207.54.80 /index.php/WeChat/Api/handler?signature=2384b2410377931c3b21b58aecfe153552964d13&timestamp=1506063780&nonce=1733397137&openid=oG40tuD3S3jwPEDbpsLs0LmnRjH4
INFO: [ app_init ] --START--
INFO: Run Behavior\BuildLiteBehavior [ RunTime:0.000011s ]
INFO: [ app_init ] --END-- [ RunTime:0.000260s ]
INFO: [ app_begin ] --START--
INFO: Run Behavior\ReadHtmlCacheBehavior [ RunTime:0.000294s ]
SQL: SHOW COLUMNS FROM `wx_config` [ RunTime:0.0005s ]
SQL: SELECT * FROM `wx_config` WHERE `id` = 1 LIMIT 1   [ RunTime:0.0002s ]
INFO: Run Common\Behaviors\AppBeginBehavior [ RunTime:0.007655s ]
INFO: [ app_begin ] --END-- [ RunTime:0.008009s ]
NOTIC: [2] session_start(): open(/var/lib/php/session/sess_s7nsahvd55tcv7rtk5eqhj9ps4, O_RDWR) failed: Permission denied (13) /var/www/wechat/ThinkPHP/Common/functions.php 第 1263 行.

[ 2017-09-22T15:40:03+08:00 ] 118.193.139.110 /index.php/WeChat/Api/handler
INFO: [ app_init ] --START--
INFO: Run Behavior\BuildLiteBehavior [ RunTime:0.000011s ]
INFO: [ app_init ] --END-- [ RunTime:0.000381s ]
INFO: [ app_begin ] --START--
INFO: Run Behavior\ReadHtmlCacheBehavior [ RunTime:0.000326s ]
SQL: SHOW COLUMNS FROM `wx_config` [ RunTime:0.0006s ]
SQL: SELECT * FROM `wx_config` WHERE `id` = 1 LIMIT 1   [ RunTime:0.0002s ]
INFO: Run Common\Behaviors\AppBeginBehavior [ RunTime:0.008406s ]
INFO: [ app_begin ] --END-- [ RunTime:0.008794s ]
NOTIC: [2] session_start(): open(/var/lib/php/session/sess_06puidgtd95sh3vql0187rfo02, O_RDWR) failed: Permission denied (13) /var/www/wechat/ThinkPHP/Common/functions.php 第 1263 行.
NOTIC: [8] Trying to get property of non-object /var/www/wechat/vendor/houdunwang/wechat/src/build/Message.php 第 144 行.

[ 2017-09-22T15:40:21+08:00 ] 118.193.139.110 /index.php/WeChat/Api/handler
INFO: [ app_init ] --START--
INFO: Run Behavior\BuildLiteBehavior [ RunTime:0.000010s ]
INFO: [ app_init ] --END-- [ RunTime:0.000223s ]
INFO: [ app_begin ] --START--
INFO: Run Behavior\ReadHtmlCacheBehavior [ RunTime:0.000357s ]
SQL: SHOW COLUMNS FROM `wx_config` [ RunTime:0.0006s ]
SQL: SELECT * FROM `wx_config` WHERE `id` = 1 LIMIT 1   [ RunTime:0.0002s ]
INFO: Run Common\Behaviors\AppBeginBehavior [ RunTime:0.008090s ]
INFO: [ app_begin ] --END-- [ RunTime:0.008513s ]
NOTIC: [2] session_start(): open(/var/lib/php/session/sess_06puidgtd95sh3vql0187rfo02, O_RDWR) failed: Permission denied (13) /var/www/wechat/ThinkPHP/Common/functions.php 第 1263 行.
NOTIC: [8] Trying to get property of non-object /var/www/wechat/vendor/houdunwang/wechat/src/build/Message.php 第 144 行.

[ 2017-09-22T15:40:22+08:00 ] 118.193.139.110 /index.php/WeChat/Api/handler
INFO: [ app_init ] --START--
INFO: Run Behavior\BuildLiteBehavior [ RunTime:0.000009s ]
INFO: [ app_init ] --END-- [ RunTime:0.000222s ]
INFO: [ app_begin ] --START--
INFO: Run Behavior\ReadHtmlCacheBehavior [ RunTime:0.000319s ]
SQL: SHOW COLUMNS FROM `wx_config` [ RunTime:0.0006s ]
SQL: SELECT * FROM `wx_config` WHERE `id` = 1 LIMIT 1   [ RunTime:0.0002s ]
INFO: Run Common\Behaviors\AppBeginBehavior [ RunTime:0.008170s ]
INFO: [ app_begin ] --END-- [ RunTime:0.008549s ]
NOTIC: [2] session_start(): open(/var/lib/php/session/sess_06puidgtd95sh3vql0187rfo02, O_RDWR) failed: Permission denied (13) /var/www/wechat/ThinkPHP/Common/functions.php 第 1263 行.
NOTIC: [8] Trying to get property of non-object /var/www/wechat/vendor/houdunwang/wechat/src/build/Message.php 第 144 行.
INFO: [ app_end ] --START--
INFO: Run Behavior\ShowPageTraceBehavior [ RunTime:0.000365s ]
INFO: [ app_end ] --END-- [ RunTime:0.000402s ]

[ 2017-09-22T15:40:23+08:00 ] 118.193.139.110 /index.php/WeChat/Api/handler
INFO: [ app_init ] --START--
INFO: Run Behavior\BuildLiteBehavior [ RunTime:0.000010s ]
INFO: [ app_init ] --END-- [ RunTime:0.000228s ]
INFO: [ app_begin ] --START--
INFO: Run Behavior\ReadHtmlCacheBehavior [ RunTime:0.000316s ]
SQL: SHOW COLUMNS FROM `wx_config` [ RunTime:0.0005s ]
SQL: SELECT * FROM `wx_config` WHERE `id` = 1 LIMIT 1   [ RunTime:0.0002s ]
INFO: Run Common\Behaviors\AppBeginBehavior [ RunTime:0.008214s ]
INFO: [ app_begin ] --END-- [ RunTime:0.008593s ]
NOTIC: [2] session_start(): open(/var/lib/php/session/sess_06puidgtd95sh3vql0187rfo02, O_RDWR) failed: Permission denied (13) /var/www/wechat/ThinkPHP/Common/functions.php 第 1263 行.
NOTIC: [8] Trying to get property of non-object /var/www/wechat/vendor/houdunwang/wechat/src/build/Message.php 第 144 行.
INFO: [ app_end ] --START--
INFO: Run Behavior\ShowPageTraceBehavior [ RunTime:0.000310s ]
INFO: [ app_end ] --END-- [ RunTime:0.000347s ]

[ 2017-09-22T15:40:24+08:00 ] 118.193.139.110 /index.php/WeChat/Api/handler
INFO: [ app_init ] --START--
INFO: Run Behavior\BuildLiteBehavior [ RunTime:0.000010s ]
INFO: [ app_init ] --END-- [ RunTime:0.000248s ]
INFO: [ app_begin ] --START--
INFO: Run Behavior\ReadHtmlCacheBehavior [ RunTime:0.000344s ]
SQL: SHOW COLUMNS FROM `wx_config` [ RunTime:0.0006s ]
SQL: SELECT * FROM `wx_config` WHERE `id` = 1 LIMIT 1   [ RunTime:0.0002s ]
INFO: Run Common\Behaviors\AppBeginBehavior [ RunTime:0.008414s ]
INFO: [ app_begin ] --END-- [ RunTime:0.008819s ]
NOTIC: [2] session_start(): open(/var/lib/php/session/sess_06puidgtd95sh3vql0187rfo02, O_RDWR) failed: Permission denied (13) /var/www/wechat/ThinkPHP/Common/functions.php 第 1263 行.
NOTIC: [8] Trying to get property of non-object /var/www/wechat/vendor/houdunwang/wechat/src/build/Message.php 第 144 行.
INFO: [ app_end ] --START--
INFO: Run Behavior\ShowPageTraceBehavior [ RunTime:0.000336s ]
INFO: [ app_end ] --END-- [ RunTime:0.000370s ]

[ 2017-09-22T15:40:24+08:00 ] 118.193.139.110 /index.php/WeChat/Api/handler
INFO: [ app_init ] --START--
INFO: Run Behavior\BuildLiteBehavior [ RunTime:0.000010s ]
INFO: [ app_init ] --END-- [ RunTime:0.000288s ]
INFO: [ app_begin ] --START--
INFO: Run Behavior\ReadHtmlCacheBehavior [ RunTime:0.000300s ]
SQL: SHOW COLUMNS FROM `wx_config` [ RunTime:0.0005s ]
SQL: SELECT * FROM `wx_config` WHERE `id` = 1 LIMIT 1   [ RunTime:0.0002s ]
INFO: Run Common\Behaviors\AppBeginBehavior [ RunTime:0.008045s ]
INFO: [ app_begin ] --END-- [ RunTime:0.008427s ]
NOTIC: [2] session_start(): open(/var/lib/php/session/sess_06puidgtd95sh3vql0187rfo02, O_RDWR) failed: Permission denied (13) /var/www/wechat/ThinkPHP/Common/functions.php 第 1263 行.
NOTIC: [8] Trying to get property of non-object /var/www/wechat/vendor/houdunwang/wechat/src/build/Message.php 第 144 行.
INFO: [ app_end ] --START--
INFO: Run Behavior\ShowPageTraceBehavior [ RunTime:0.000328s ]
INFO: [ app_end ] --END-- [ RunTime:0.000393s ]

[ 2017-09-22T15:40:24+08:00 ] 118.193.139.110 /index.php/WeChat/Api/handler
INFO: [ app_init ] --START--
INFO: Run Behavior\BuildLiteBehavior [ RunTime:0.000010s ]
INFO: [ app_init ] --END-- [ RunTime:0.000270s ]
INFO: [ app_begin ] --START--
INFO: Run Behavior\ReadHtmlCacheBehavior [ RunTime:0.000295s ]
SQL: SHOW COLUMNS FROM `wx_config` [ RunTime:0.0005s ]
SQL: SELECT * FROM `wx_config` WHERE `id` = 1 LIMIT 1   [ RunTime:0.0002s ]
INFO: Run Common\Behaviors\AppBeginBehavior [ RunTime:0.007506s ]
INFO: [ app_begin ] --END-- [ RunTime:0.007861s ]
NOTIC: [2] session_start(): open(/var/lib/php/session/sess_06puidgtd95sh3vql0187rfo02, O_RDWR) failed: Permission denied (13) /var/www/wechat/ThinkPHP/Common/functions.php 第 1263 行.
NOTIC: [8] Trying to get property of non-object /var/www/wechat/vendor/houdunwang/wechat/src/build/Message.php 第 144 行.
INFO: [ app_end ] --START--
INFO: Run Behavior\ShowPageTraceBehavior [ RunTime:0.000304s ]
INFO: [ app_end ] --END-- [ RunTime:0.000338s ]

[ 2017-09-22T15:40:24+08:00 ] 118.193.139.110 /index.php/WeChat/Api/handler
INFO: [ app_init ] --START--
INFO: Run Behavior\BuildLiteBehavior [ RunTime:0.000010s ]
INFO: [ app_init ] --END-- [ RunTime:0.000230s ]
INFO: [ app_begin ] --START--
INFO: Run Behavior\ReadHtmlCacheBehavior [ RunTime:0.000281s ]
SQL: SHOW COLUMNS FROM `wx_config` [ RunTime:0.0005s ]
SQL: SELECT * FROM `wx_config` WHERE `id` = 1 LIMIT 1   [ RunTime:0.0002s ]
INFO: Run Common\Behaviors\AppBeginBehavior [ RunTime:0.007533s ]
INFO: [ app_begin ] --END-- [ RunTime:0.007873s ]
NOTIC: [2] session_start(): open(/var/lib/php/session/sess_06puidgtd95sh3vql0187rfo02, O_RDWR) failed: Permission denied (13) /var/www/wechat/ThinkPHP/Common/functions.php 第 1263 行.
NOTIC: [8] Trying to get property of non-object /var/www/wechat/vendor/houdunwang/wechat/src/build/Message.php 第 144 行.
INFO: [ app_end ] --START--
INFO: Run Behavior\ShowPageTraceBehavior [ RunTime:0.000297s ]
INFO: [ app_end ] --END-- [ RunTime:0.000330s ]

[ 2017-09-22T15:41:03+08:00 ] 140.207.54.80 /index.php/WeChat/Api/handler?signature=8a14dd30a940078c5151aa344dfa18e32906c9dd&timestamp=1506066063&nonce=696262073&openid=oG40tuD3S3jwPEDbpsLs0LmnRjH4
INFO: [ app_init ] --START--
INFO: Run Behavior\BuildLiteBehavior [ RunTime:0.000010s ]
INFO: [ app_init ] --END-- [ RunTime:0.000228s ]
INFO: [ app_begin ] --START--
INFO: Run Behavior\ReadHtmlCacheBehavior [ RunTime:0.000350s ]
SQL: SHOW COLUMNS FROM `wx_config` [ RunTime:0.0005s ]
SQL: SELECT * FROM `wx_config` WHERE `id` = 1 LIMIT 1   [ RunTime:0.0002s ]
INFO: Run Common\Behaviors\AppBeginBehavior [ RunTime:0.008245s ]
INFO: [ app_begin ] --END-- [ RunTime:0.008660s ]
NOTIC: [2] session_start(): open(/var/lib/php/session/sess_2u23ipucuhlkp9q8hj28v7uid5, O_RDWR) failed: Permission denied (13) /var/www/wechat/ThinkPHP/Common/functions.php 第 1263 行.
INFO: [ app_end ] --START--
INFO: Run Behavior\ShowPageTraceBehavior [ RunTime:0.000354s ]
INFO: [ app_end ] --END-- [ RunTime:0.000402s ]

[ 2017-09-22T15:41:04+08:00 ] 140.207.54.80 /index.php/WeChat/Api/handler?signature=8abea5da0e31b7b9a281b8d2e0f92a6c34b0eeb7&timestamp=1506066064&nonce=642720415&openid=oG40tuD3S3jwPEDbpsLs0LmnRjH4
INFO: [ app_init ] --START--
INFO: Run Behavior\BuildLiteBehavior [ RunTime:0.000016s ]
INFO: [ app_init ] --END-- [ RunTime:0.000328s ]
INFO: [ app_begin ] --START--
INFO: Run Behavior\ReadHtmlCacheBehavior [ RunTime:0.000322s ]
SQL: SHOW COLUMNS FROM `wx_config` [ RunTime:0.0005s ]
SQL: SELECT * FROM `wx_config` WHERE `id` = 1 LIMIT 1   [ RunTime:0.0002s ]
INFO: Run Common\Behaviors\AppBeginBehavior [ RunTime:0.009000s ]
INFO: [ app_begin ] --END-- [ RunTime:0.009389s ]
NOTIC: [2] session_start(): open(/var/lib/php/session/sess_5d6foipn1q0lgq79di8ks9sl77, O_RDWR) failed: Permission denied (13) /var/www/wechat/ThinkPHP/Common/functions.php 第 1263 行.
INFO: [ app_end ] --START--
INFO: Run Behavior\ShowPageTraceBehavior [ RunTime:0.000352s ]
INFO: [ app_end ] --END-- [ RunTime:0.000407s ]

[ 2017-09-22T17:32:11+08:00 ] 140.207.54.79 /index.php/WeChat/Api/handler?signature=ba11d584d9afc0390ca7d9bfa0ad4e9917c46a17&timestamp=1506072731&nonce=301250597&openid=oG40tuD3S3jwPEDbpsLs0LmnRjH4
INFO: [ app_init ] --START--
INFO: Run Behavior\BuildLiteBehavior [ RunTime:0.000010s ]
INFO: [ app_init ] --END-- [ RunTime:0.000301s ]
INFO: [ app_begin ] --START--
INFO: Run Behavior\ReadHtmlCacheBehavior [ RunTime:0.000332s ]
SQL: SHOW COLUMNS FROM `wx_config` [ RunTime:0.0005s ]
SQL: SELECT * FROM `wx_config` WHERE `id` = 1 LIMIT 1   [ RunTime:0.0002s ]
INFO: Run Common\Behaviors\AppBeginBehavior [ RunTime:0.008277s ]
INFO: [ app_begin ] --END-- [ RunTime:0.008672s ]
NOTIC: [2] session_start(): open(/var/lib/php/session/sess_jiv6ti23i3ka6fqeh8bihti5c6, O_RDWR) failed: Permission denied (13) /var/www/wechat/ThinkPHP/Common/functions.php 第 1263 行.
INFO: [ app_end ] --START--
INFO: Run Behavior\ShowPageTraceBehavior [ RunTime:0.000353s ]
INFO: [ app_end ] --END-- [ RunTime:0.000413s ]

[ 2017-09-22T17:32:16+08:00 ] 140.207.54.79 /index.php/WeChat/Api/handler?signature=862f34925cd50bff025a3d8639f7706681a7307b&timestamp=1506072735&nonce=1152386971&openid=oG40tuD3S3jwPEDbpsLs0LmnRjH4
INFO: [ app_init ] --START--
INFO: Run Behavior\BuildLiteBehavior [ RunTime:0.000010s ]
INFO: [ app_init ] --END-- [ RunTime:0.000234s ]
INFO: [ app_begin ] --START--
INFO: Run Behavior\ReadHtmlCacheBehavior [ RunTime:0.000355s ]
SQL: SHOW COLUMNS FROM `wx_config` [ RunTime:0.0006s ]
SQL: SELECT * FROM `wx_config` WHERE `id` = 1 LIMIT 1   [ RunTime:0.0002s ]
INFO: Run Common\Behaviors\AppBeginBehavior [ RunTime:0.007991s ]
INFO: [ app_begin ] --END-- [ RunTime:0.008411s ]
NOTIC: [2] session_start(): open(/var/lib/php/session/sess_vkcbhdd8oooqfmpmp2oj11qbs2, O_RDWR) failed: Permission denied (13) /var/www/wechat/ThinkPHP/Common/functions.php 第 1263 行.
INFO: [ app_end ] --START--
INFO: Run Behavior\ShowPageTraceBehavior [ RunTime:0.000353s ]
INFO: [ app_end ] --END-- [ RunTime:0.000400s ]

