[ 2017-03-01T23:06:08+08:00 ] 140.207.54.73 /index.php/WeChat/Api/handler?signature=9f0019696460cf301296e46eda64620b06c58051&timestamp=1488380768&nonce=1324100147&openid=oG40tuD3S3jwPEDbpsLs0LmnRjH4
INFO: [ app_init ] --START--
INFO: Run Behavior\BuildLiteBehavior [ RunTime:0.000011s ]
INFO: [ app_init ] --END-- [ RunTime:0.000271s ]
INFO: [ app_begin ] --START--
INFO: Run Behavior\ReadHtmlCacheBehavior [ RunTime:0.000291s ]
SQL: SHOW COLUMNS FROM `wx_config` [ RunTime:0.0006s ]
SQL: SELECT * FROM `wx_config` WHERE `id` = 1 LIMIT 1   [ RunTime:0.0002s ]
INFO: Run Common\Behaviors\AppBeginBehavior [ RunTime:0.335760s ]
INFO: [ app_begin ] --END-- [ RunTime:0.336168s ]
NOTIC: [2] session_start(): open(/var/lib/php/session/sess_5vrvqes8bdvl0qrfrmqr0u93e0, O_RDWR) failed: Permission denied (13) /var/www/wechat/ThinkPHP/Common/functions.php 第 1263 行.
SQL: SHOW COLUMNS FROM `wx_base_system` [ RunTime:0.0006s ]
SQL: SELECT * FROM `wx_base_system` WHERE `id` = 1 LIMIT 1   [ RunTime:0.0002s ]
INFO: [ app_end ] --START--
INFO: Run Behavior\ShowPageTraceBehavior [ RunTime:0.000428s ]
INFO: [ app_end ] --END-- [ RunTime:0.000465s ]

[ 2017-03-01T23:06:13+08:00 ] 140.207.54.73 /index.php/WeChat/Api/handler?signature=1502d6a58abdee8d269cea787df1283c3aecfed5&timestamp=1488380772&nonce=1012105038&openid=oG40tuD3S3jwPEDbpsLs0LmnRjH4
INFO: [ app_init ] --START--
INFO: Run Behavior\BuildLiteBehavior [ RunTime:0.000010s ]
INFO: [ app_init ] --END-- [ RunTime:0.000225s ]
INFO: [ app_begin ] --START--
INFO: Run Behavior\ReadHtmlCacheBehavior [ RunTime:0.000313s ]
SQL: SHOW COLUMNS FROM `wx_config` [ RunTime:0.0006s ]
SQL: SELECT * FROM `wx_config` WHERE `id` = 1 LIMIT 1   [ RunTime:0.0002s ]
INFO: Run Common\Behaviors\AppBeginBehavior [ RunTime:0.008183s ]
INFO: [ app_begin ] --END-- [ RunTime:0.008558s ]
NOTIC: [2] session_start(): open(/var/lib/php/session/sess_rgq81mu3moj9ctgorblp1n4er3, O_RDWR) failed: Permission denied (13) /var/www/wechat/ThinkPHP/Common/functions.php 第 1263 行.
SQL: SHOW COLUMNS FROM `wx_base_system` [ RunTime:0.0004s ]
SQL: SELECT * FROM `wx_base_system` WHERE `id` = 1 LIMIT 1   [ RunTime:0.0001s ]
INFO: [ app_end ] --START--
INFO: Run Behavior\ShowPageTraceBehavior [ RunTime:0.000358s ]
INFO: [ app_end ] --END-- [ RunTime:0.000401s ]

[ 2017-03-01T23:06:23+08:00 ] 101.226.79.182 /index.php/WeChat/Api/handler
INFO: [ app_init ] --START--
INFO: Run Behavior\BuildLiteBehavior [ RunTime:0.000015s ]
INFO: [ app_init ] --END-- [ RunTime:0.000392s ]
INFO: [ app_begin ] --START--
INFO: Run Behavior\ReadHtmlCacheBehavior [ RunTime:0.000476s ]
SQL: SHOW COLUMNS FROM `wx_config` [ RunTime:0.0005s ]
SQL: SELECT * FROM `wx_config` WHERE `id` = 1 LIMIT 1   [ RunTime:0.0002s ]
INFO: Run Common\Behaviors\AppBeginBehavior [ RunTime:0.009982s ]
INFO: [ app_begin ] --END-- [ RunTime:0.010583s ]
NOTIC: [2] session_start(): open(/var/lib/php/session/sess_0gvk6nfod3q1i22v8m8rcgio82, O_RDWR) failed: Permission denied (13) /var/www/wechat/ThinkPHP/Common/functions.php 第 1263 行.
NOTIC: [8] Trying to get property of non-object /var/www/wechat/vendor/houdunwang/wechat/src/build/Message.php 第 144 行.
SQL: SHOW COLUMNS FROM `wx_base_system` [ RunTime:0.0003s ]
SQL: SELECT * FROM `wx_base_system` WHERE `id` = 1 LIMIT 1   [ RunTime:0.0002s ]
NOTIC: [8] Trying to get property of non-object /var/www/wechat/vendor/houdunwang/wechat/src/build/Message.php 第 119 行.
NOTIC: [8] Trying to get property of non-object /var/www/wechat/vendor/houdunwang/wechat/src/build/Message.php 第 144 行.
INFO: [ app_end ] --START--
INFO: Run Behavior\ShowPageTraceBehavior [ RunTime:0.000323s ]
INFO: [ app_end ] --END-- [ RunTime:0.000356s ]

[ 2017-03-01T23:06:27+08:00 ] 140.207.54.74 /index.php/WeChat/Api/handler?signature=a007edc67a3b0ed9add6ddc222f04b36732ffcc2&timestamp=1488380787&nonce=730282325&openid=oG40tuD3S3jwPEDbpsLs0LmnRjH4
INFO: [ app_init ] --START--
INFO: Run Behavior\BuildLiteBehavior [ RunTime:0.000010s ]
INFO: [ app_init ] --END-- [ RunTime:0.000259s ]
INFO: [ app_begin ] --START--
INFO: Run Behavior\ReadHtmlCacheBehavior [ RunTime:0.000348s ]
SQL: SHOW COLUMNS FROM `wx_config` [ RunTime:0.0005s ]
SQL: SELECT * FROM `wx_config` WHERE `id` = 1 LIMIT 1   [ RunTime:0.0002s ]
INFO: Run Common\Behaviors\AppBeginBehavior [ RunTime:0.008139s ]
INFO: [ app_begin ] --END-- [ RunTime:0.008548s ]
NOTIC: [2] session_start(): open(/var/lib/php/session/sess_30t6uubc2288v7veeesj1lmnb0, O_RDWR) failed: Permission denied (13) /var/www/wechat/ThinkPHP/Common/functions.php 第 1263 行.
SQL: SHOW COLUMNS FROM `wx_base_system` [ RunTime:0.0004s ]
SQL: SELECT * FROM `wx_base_system` WHERE `id` = 1 LIMIT 1   [ RunTime:0.0002s ]
INFO: [ app_end ] --START--
INFO: Run Behavior\ShowPageTraceBehavior [ RunTime:0.000330s ]
INFO: [ app_end ] --END-- [ RunTime:0.000366s ]

