[ 2017-10-11T18:20:15+08:00 ] 140.207.54.80 /index.php/WeChat/Api/handler?signature=2008a69d8ee8712ed91363d661628da69c9b992c&timestamp=1507717214&nonce=1009851315&openid=oG40tuD3S3jwPEDbpsLs0LmnRjH4
INFO: [ app_init ] --START--
INFO: Run Behavior\BuildLiteBehavior [ RunTime:0.000010s ]
INFO: [ app_init ] --END-- [ RunTime:0.000265s ]
INFO: [ app_begin ] --START--
INFO: Run Behavior\ReadHtmlCacheBehavior [ RunTime:0.000301s ]
SQL: SHOW COLUMNS FROM `wx_config` [ RunTime:0.0005s ]
SQL: SELECT * FROM `wx_config` WHERE `id` = 1 LIMIT 1   [ RunTime:0.0002s ]
INFO: Run Common\Behaviors\AppBeginBehavior [ RunTime:0.008903s ]
INFO: [ app_begin ] --END-- [ RunTime:0.009284s ]
NOTIC: [2] session_start(): open(/var/lib/php/session/sess_n5ed2ufre8jbk0md59bfve6b21, O_RDWR) failed: Permission denied (13) /var/www/wechat/ThinkPHP/Common/functions.php 第 1263 行.
SQL: SHOW COLUMNS FROM `wx_base_system` [ RunTime:0.0005s ]
SQL: SELECT * FROM `wx_base_system` WHERE `id` = 1 LIMIT 1   [ RunTime:0.0002s ]
INFO: [ app_end ] --START--
INFO: Run Behavior\ShowPageTraceBehavior [ RunTime:0.000371s ]
INFO: [ app_end ] --END-- [ RunTime:0.000414s ]

[ 2017-10-11T18:20:20+08:00 ] 140.207.54.79 /index.php/WeChat/Api/handler?signature=7ac675e93bcac9b417f43d4659cf3eacae390efd&timestamp=1507717219&nonce=530386978&openid=oG40tuD3S3jwPEDbpsLs0LmnRjH4
INFO: [ app_init ] --START--
INFO: Run Behavior\BuildLiteBehavior [ RunTime:0.000010s ]
INFO: [ app_init ] --END-- [ RunTime:0.000246s ]
INFO: [ app_begin ] --START--
INFO: Run Behavior\ReadHtmlCacheBehavior [ RunTime:0.000290s ]
SQL: SHOW COLUMNS FROM `wx_config` [ RunTime:0.0006s ]
SQL: SELECT * FROM `wx_config` WHERE `id` = 1 LIMIT 1   [ RunTime:0.0002s ]
INFO: Run Common\Behaviors\AppBeginBehavior [ RunTime:0.009280s ]
INFO: [ app_begin ] --END-- [ RunTime:0.009638s ]
NOTIC: [2] session_start(): open(/var/lib/php/session/sess_4bnirt6d0jr6dke5lppi5pakk5, O_RDWR) failed: Permission denied (13) /var/www/wechat/ThinkPHP/Common/functions.php 第 1263 行.
SQL: SHOW COLUMNS FROM `wx_base_system` [ RunTime:0.0004s ]
SQL: SELECT * FROM `wx_base_system` WHERE `id` = 1 LIMIT 1   [ RunTime:0.0002s ]
INFO: [ app_end ] --START--
INFO: Run Behavior\ShowPageTraceBehavior [ RunTime:0.000340s ]
INFO: [ app_end ] --END-- [ RunTime:0.000375s ]

[ 2017-10-11T18:20:23+08:00 ] 140.207.54.80 /index.php/WeChat/Api/handler?signature=64f5bf566d7d7ded6c67dfab9754a403b6c01670&timestamp=1507717223&nonce=368689748&openid=oG40tuD3S3jwPEDbpsLs0LmnRjH4
INFO: [ app_init ] --START--
INFO: Run Behavior\BuildLiteBehavior [ RunTime:0.000012s ]
INFO: [ app_init ] --END-- [ RunTime:0.000241s ]
INFO: [ app_begin ] --START--
INFO: Run Behavior\ReadHtmlCacheBehavior [ RunTime:0.000311s ]
SQL: SHOW COLUMNS FROM `wx_config` [ RunTime:0.0005s ]
SQL: SELECT * FROM `wx_config` WHERE `id` = 1 LIMIT 1   [ RunTime:0.0003s ]
INFO: Run Common\Behaviors\AppBeginBehavior [ RunTime:0.009079s ]
INFO: [ app_begin ] --END-- [ RunTime:0.009454s ]
NOTIC: [2] session_start(): open(/var/lib/php/session/sess_d552gh12ddflcvkpv74dgt2u64, O_RDWR) failed: Permission denied (13) /var/www/wechat/ThinkPHP/Common/functions.php 第 1263 行.
SQL: SHOW COLUMNS FROM `wx_base_system` [ RunTime:0.0003s ]
SQL: SELECT * FROM `wx_base_system` WHERE `id` = 1 LIMIT 1   [ RunTime:0.0002s ]
INFO: [ app_end ] --START--
INFO: Run Behavior\ShowPageTraceBehavior [ RunTime:0.000353s ]
INFO: [ app_end ] --END-- [ RunTime:0.000387s ]

[ 2017-10-11T18:20:36+08:00 ] 140.207.54.80 /index.php/WeChat/Api/handler?signature=ec2e9a842d88152ce4b868b1a6d4a0eef57ae0d4&timestamp=1507717236&nonce=2108241494&openid=oG40tuD3S3jwPEDbpsLs0LmnRjH4
INFO: [ app_init ] --START--
INFO: Run Behavior\BuildLiteBehavior [ RunTime:0.000012s ]
INFO: [ app_init ] --END-- [ RunTime:0.000246s ]
INFO: [ app_begin ] --START--
INFO: Run Behavior\ReadHtmlCacheBehavior [ RunTime:0.000317s ]
SQL: SHOW COLUMNS FROM `wx_config` [ RunTime:0.0006s ]
SQL: SELECT * FROM `wx_config` WHERE `id` = 1 LIMIT 1   [ RunTime:0.0002s ]
INFO: Run Common\Behaviors\AppBeginBehavior [ RunTime:0.008341s ]
INFO: [ app_begin ] --END-- [ RunTime:0.008723s ]
NOTIC: [2] session_start(): open(/var/lib/php/session/sess_m3fp864jelubbd4buvna644om6, O_RDWR) failed: Permission denied (13) /var/www/wechat/ThinkPHP/Common/functions.php 第 1263 行.
SQL: SHOW COLUMNS FROM `wx_base_system` [ RunTime:0.0004s ]
SQL: SELECT * FROM `wx_base_system` WHERE `id` = 1 LIMIT 1   [ RunTime:0.0002s ]
INFO: [ app_end ] --START--
INFO: Run Behavior\ShowPageTraceBehavior [ RunTime:0.000373s ]
INFO: [ app_end ] --END-- [ RunTime:0.000411s ]

[ 2017-10-11T18:20:54+08:00 ] 140.207.54.80 /index.php/WeChat/Api/handler?signature=2de17c9f4ea21e6649a3bdb1c0bbad74721a422e&timestamp=1507717254&nonce=2086331206&openid=oG40tuD3S3jwPEDbpsLs0LmnRjH4
INFO: [ app_init ] --START--
INFO: Run Behavior\BuildLiteBehavior [ RunTime:0.000010s ]
INFO: [ app_init ] --END-- [ RunTime:0.000234s ]
INFO: [ app_begin ] --START--
INFO: Run Behavior\ReadHtmlCacheBehavior [ RunTime:0.000312s ]
SQL: SHOW COLUMNS FROM `wx_config` [ RunTime:0.0006s ]
SQL: SELECT * FROM `wx_config` WHERE `id` = 1 LIMIT 1   [ RunTime:0.0002s ]
INFO: Run Common\Behaviors\AppBeginBehavior [ RunTime:0.008303s ]
INFO: [ app_begin ] --END-- [ RunTime:0.008675s ]
NOTIC: [2] session_start(): open(/var/lib/php/session/sess_hsvmqd0kqtk1ltpndeem8di0n6, O_RDWR) failed: Permission denied (13) /var/www/wechat/ThinkPHP/Common/functions.php 第 1263 行.
SQL: SHOW COLUMNS FROM `wx_base_system` [ RunTime:0.0005s ]
SQL: SELECT * FROM `wx_base_system` WHERE `id` = 1 LIMIT 1   [ RunTime:0.0002s ]
INFO: [ app_end ] --START--
INFO: Run Behavior\ShowPageTraceBehavior [ RunTime:0.000540s ]
INFO: [ app_end ] --END-- [ RunTime:0.000594s ]

[ 2017-10-11T18:21:40+08:00 ] 140.207.54.79 /index.php/WeChat/Api/handler?signature=0b2a50b1a9e87a18dd45b4be44f3e56e28de5857&timestamp=1507717300&nonce=1007959950&openid=oG40tuD3S3jwPEDbpsLs0LmnRjH4
INFO: [ app_init ] --START--
INFO: Run Behavior\BuildLiteBehavior [ RunTime:0.000010s ]
INFO: [ app_init ] --END-- [ RunTime:0.000262s ]
INFO: [ app_begin ] --START--
INFO: Run Behavior\ReadHtmlCacheBehavior [ RunTime:0.000300s ]
SQL: SHOW COLUMNS FROM `wx_config` [ RunTime:0.0005s ]
SQL: SELECT * FROM `wx_config` WHERE `id` = 1 LIMIT 1   [ RunTime:0.0002s ]
INFO: Run Common\Behaviors\AppBeginBehavior [ RunTime:0.008107s ]
INFO: [ app_begin ] --END-- [ RunTime:0.008468s ]
NOTIC: [2] session_start(): open(/var/lib/php/session/sess_r2l51esevhskgllu5uo17f1lv3, O_RDWR) failed: Permission denied (13) /var/www/wechat/ThinkPHP/Common/functions.php 第 1263 行.
SQL: SHOW COLUMNS FROM `wx_base_system` [ RunTime:0.0004s ]
SQL: SELECT * FROM `wx_base_system` WHERE `id` = 1 LIMIT 1   [ RunTime:0.0002s ]
INFO: [ app_end ] --START--
INFO: Run Behavior\ShowPageTraceBehavior [ RunTime:0.000345s ]
INFO: [ app_end ] --END-- [ RunTime:0.000379s ]

[ 2017-10-11T18:22:02+08:00 ] 140.207.54.80 /index.php/WeChat/Api/handler?signature=a5bbb51b5e792e5ff210f4586673b61a522bfc01&timestamp=1507717322&nonce=775868919&openid=oG40tuD3S3jwPEDbpsLs0LmnRjH4
INFO: [ app_init ] --START--
INFO: Run Behavior\BuildLiteBehavior [ RunTime:0.000011s ]
INFO: [ app_init ] --END-- [ RunTime:0.000276s ]
INFO: [ app_begin ] --START--
INFO: Run Behavior\ReadHtmlCacheBehavior [ RunTime:0.000364s ]
SQL: SHOW COLUMNS FROM `wx_config` [ RunTime:0.0005s ]
SQL: SELECT * FROM `wx_config` WHERE `id` = 1 LIMIT 1   [ RunTime:0.0002s ]
INFO: Run Common\Behaviors\AppBeginBehavior [ RunTime:0.008403s ]
INFO: [ app_begin ] --END-- [ RunTime:0.008840s ]
NOTIC: [2] session_start(): open(/var/lib/php/session/sess_54svccbnatdofumf86ppigdgq3, O_RDWR) failed: Permission denied (13) /var/www/wechat/ThinkPHP/Common/functions.php 第 1263 行.
SQL: SHOW COLUMNS FROM `wx_base_system` [ RunTime:0.0004s ]
SQL: SELECT * FROM `wx_base_system` WHERE `id` = 1 LIMIT 1   [ RunTime:0.0002s ]
INFO: [ app_end ] --START--
INFO: Run Behavior\ShowPageTraceBehavior [ RunTime:0.000384s ]
INFO: [ app_end ] --END-- [ RunTime:0.000424s ]

[ 2017-10-11T18:22:53+08:00 ] 140.207.54.80 /index.php/WeChat/Api/handler?signature=6c0821b5523d5570fb90859a8658ee211b011f38&timestamp=1507717373&nonce=1609116362&openid=oG40tuD3S3jwPEDbpsLs0LmnRjH4
INFO: [ app_init ] --START--
INFO: Run Behavior\BuildLiteBehavior [ RunTime:0.000010s ]
INFO: [ app_init ] --END-- [ RunTime:0.000271s ]
INFO: [ app_begin ] --START--
INFO: Run Behavior\ReadHtmlCacheBehavior [ RunTime:0.000308s ]
SQL: SHOW COLUMNS FROM `wx_config` [ RunTime:0.0005s ]
SQL: SELECT * FROM `wx_config` WHERE `id` = 1 LIMIT 1   [ RunTime:0.0002s ]
INFO: Run Common\Behaviors\AppBeginBehavior [ RunTime:0.008397s ]
INFO: [ app_begin ] --END-- [ RunTime:0.008766s ]
NOTIC: [2] session_start(): open(/var/lib/php/session/sess_d157u9p74rakoogbvl8jogeq34, O_RDWR) failed: Permission denied (13) /var/www/wechat/ThinkPHP/Common/functions.php 第 1263 行.
SQL: SHOW COLUMNS FROM `wx_base_system` [ RunTime:0.0004s ]
SQL: SELECT * FROM `wx_base_system` WHERE `id` = 1 LIMIT 1   [ RunTime:0.0002s ]
INFO: [ app_end ] --START--
INFO: Run Behavior\ShowPageTraceBehavior [ RunTime:0.000330s ]
INFO: [ app_end ] --END-- [ RunTime:0.000370s ]

