[ 2017-01-08T08:50:54+08:00 ] 123.56.65.139 /admin
INFO: [ app_init ] --START--
INFO: Run Behavior\BuildLiteBehavior [ RunTime:0.000011s ]
INFO: [ app_init ] --END-- [ RunTime:0.000264s ]
INFO: [ app_begin ] --START--
INFO: Run Behavior\ReadHtmlCacheBehavior [ RunTime:0.000321s ]
SQL: SHOW COLUMNS FROM `wx_config` [ RunTime:0.0005s ]
SQL: SELECT * FROM `wx_config` WHERE `id` = 1 LIMIT 1   [ RunTime:0.0002s ]
INFO: Run Common\Behaviors\AppBeginBehavior [ RunTime:0.007974s ]
INFO: [ app_begin ] --END-- [ RunTime:0.008355s ]
NOTIC: [2] session_start(): open(/var/lib/php/session/sess_j8vbfgodvckk8tcp3np0a4uod0, O_RDWR) failed: Permission denied (13) /var/www/wechat/ThinkPHP/Common/functions.php 第 1263 行.
ERR: 无法加载控制器:Entry

[ 2017-01-08T21:12:06+08:00 ] 95.32.161.1 /admin
INFO: [ app_init ] --START--
INFO: Run Behavior\BuildLiteBehavior [ RunTime:0.000010s ]
INFO: [ app_init ] --END-- [ RunTime:0.000261s ]
INFO: [ app_begin ] --START--
INFO: Run Behavior\ReadHtmlCacheBehavior [ RunTime:0.000342s ]
SQL: SHOW COLUMNS FROM `wx_config` [ RunTime:0.0005s ]
SQL: SELECT * FROM `wx_config` WHERE `id` = 1 LIMIT 1   [ RunTime:0.0002s ]
INFO: Run Common\Behaviors\AppBeginBehavior [ RunTime:0.362299s ]
INFO: [ app_begin ] --END-- [ RunTime:0.362743s ]
NOTIC: [2] session_start(): open(/var/lib/php/session/sess_jrbld352j4mij1is336lf04hn6, O_RDWR) failed: Permission denied (13) /var/www/wechat/ThinkPHP/Common/functions.php 第 1263 行.
ERR: 无法加载控制器:Entry

[ 2017-01-08T21:22:53+08:00 ] 194.44.32.53 /admin
INFO: [ app_init ] --START--
INFO: Run Behavior\BuildLiteBehavior [ RunTime:0.000010s ]
INFO: [ app_init ] --END-- [ RunTime:0.000252s ]
INFO: [ app_begin ] --START--
INFO: Run Behavior\ReadHtmlCacheBehavior [ RunTime:0.000282s ]
SQL: SHOW COLUMNS FROM `wx_config` [ RunTime:0.0006s ]
SQL: SELECT * FROM `wx_config` WHERE `id` = 1 LIMIT 1   [ RunTime:0.0002s ]
INFO: Run Common\Behaviors\AppBeginBehavior [ RunTime:0.008112s ]
INFO: [ app_begin ] --END-- [ RunTime:0.008454s ]
NOTIC: [2] session_start(): open(/var/lib/php/session/sess_3gv969p79g2kgvcne19kqgfd91, O_RDWR) failed: Permission denied (13) /var/www/wechat/ThinkPHP/Common/functions.php 第 1263 行.
ERR: 无法加载控制器:Entry

[ 2017-01-08T21:37:48+08:00 ] 213.87.160.151 /admin
INFO: [ app_init ] --START--
INFO: Run Behavior\BuildLiteBehavior [ RunTime:0.000011s ]
INFO: [ app_init ] --END-- [ RunTime:0.000278s ]
INFO: [ app_begin ] --START--
INFO: Run Behavior\ReadHtmlCacheBehavior [ RunTime:0.000306s ]
SQL: SHOW COLUMNS FROM `wx_config` [ RunTime:0.0006s ]
SQL: SELECT * FROM `wx_config` WHERE `id` = 1 LIMIT 1   [ RunTime:0.0002s ]
INFO: Run Common\Behaviors\AppBeginBehavior [ RunTime:0.007951s ]
INFO: [ app_begin ] --END-- [ RunTime:0.008370s ]
NOTIC: [2] session_start(): open(/var/lib/php/session/sess_plumkaavq1qdup698kgaq6lkk7, O_RDWR) failed: Permission denied (13) /var/www/wechat/ThinkPHP/Common/functions.php 第 1263 行.
ERR: 无法加载控制器:Entry

[ 2017-01-08T21:58:55+08:00 ] 176.65.112.186 /admin
INFO: [ app_init ] --START--
INFO: Run Behavior\BuildLiteBehavior [ RunTime:0.000010s ]
INFO: [ app_init ] --END-- [ RunTime:0.000226s ]
INFO: [ app_begin ] --START--
INFO: Run Behavior\ReadHtmlCacheBehavior [ RunTime:0.000310s ]
SQL: SHOW COLUMNS FROM `wx_config` [ RunTime:0.0005s ]
SQL: SELECT * FROM `wx_config` WHERE `id` = 1 LIMIT 1   [ RunTime:0.0002s ]
INFO: Run Common\Behaviors\AppBeginBehavior [ RunTime:0.007833s ]
INFO: [ app_begin ] --END-- [ RunTime:0.008201s ]
NOTIC: [2] session_start(): open(/var/lib/php/session/sess_78uahjgipopae3hj12hg3u8ub7, O_RDWR) failed: Permission denied (13) /var/www/wechat/ThinkPHP/Common/functions.php 第 1263 行.
ERR: 无法加载控制器:Entry

[ 2017-01-08T22:20:16+08:00 ] 153.193.253.121 /admin
INFO: [ app_init ] --START--
INFO: Run Behavior\BuildLiteBehavior [ RunTime:0.000010s ]
INFO: [ app_init ] --END-- [ RunTime:0.000231s ]
INFO: [ app_begin ] --START--
INFO: Run Behavior\ReadHtmlCacheBehavior [ RunTime:0.000282s ]
SQL: SHOW COLUMNS FROM `wx_config` [ RunTime:0.0005s ]
SQL: SELECT * FROM `wx_config` WHERE `id` = 1 LIMIT 1   [ RunTime:0.0002s ]
INFO: Run Common\Behaviors\AppBeginBehavior [ RunTime:0.007620s ]
INFO: [ app_begin ] --END-- [ RunTime:0.007963s ]
NOTIC: [2] session_start(): open(/var/lib/php/session/sess_s187anrj5h2vti3e3hso4cifr4, O_RDWR) failed: Permission denied (13) /var/www/wechat/ThinkPHP/Common/functions.php 第 1263 行.
ERR: 无法加载控制器:Entry

