[ 2017-05-07T12:13:27+08:00 ] 140.205.225.186 /admin/
INFO: [ app_init ] --START--
INFO: Run Behavior\BuildLiteBehavior [ RunTime:0.000017s ]
INFO: [ app_init ] --END-- [ RunTime:0.000239s ]
INFO: [ app_begin ] --START--
INFO: Run Behavior\ReadHtmlCacheBehavior [ RunTime:0.000327s ]
SQL: SHOW COLUMNS FROM `wx_config` [ RunTime:0.0006s ]
SQL: SELECT * FROM `wx_config` WHERE `id` = 1 LIMIT 1   [ RunTime:0.0002s ]
INFO: Run Common\Behaviors\AppBeginBehavior [ RunTime:0.324995s ]
INFO: [ app_begin ] --END-- [ RunTime:0.325413s ]
NOTIC: [2] session_start(): open(/var/lib/php/session/sess_e5a21k66gt73pc5ja0c2u18mo1, O_RDWR) failed: Permission denied (13) /var/www/wechat/ThinkPHP/Common/functions.php 第 1263 行.
ERR: 无法加载控制器:Entry

[ 2017-05-07T16:09:35+08:00 ] 140.205.201.32 /admin/
INFO: [ app_init ] --START--
INFO: Run Behavior\BuildLiteBehavior [ RunTime:0.000010s ]
INFO: [ app_init ] --END-- [ RunTime:0.000232s ]
INFO: [ app_begin ] --START--
INFO: Run Behavior\ReadHtmlCacheBehavior [ RunTime:0.000300s ]
SQL: SHOW COLUMNS FROM `wx_config` [ RunTime:0.0005s ]
SQL: SELECT * FROM `wx_config` WHERE `id` = 1 LIMIT 1   [ RunTime:0.0002s ]
INFO: Run Common\Behaviors\AppBeginBehavior [ RunTime:0.007641s ]
INFO: [ app_begin ] --END-- [ RunTime:0.008003s ]
NOTIC: [2] session_start(): open(/var/lib/php/session/sess_3qs5aup8oqqrblv27an3kmruq2, O_RDWR) failed: Permission denied (13) /var/www/wechat/ThinkPHP/Common/functions.php 第 1263 行.
ERR: 无法加载控制器:Entry

