[ 2017-04-20T12:06:37+08:00 ] 140.205.225.185 /admin/
INFO: [ app_init ] --START--
INFO: Run Behavior\BuildLiteBehavior [ RunTime:0.000010s ]
INFO: [ app_init ] --END-- [ RunTime:0.000227s ]
INFO: [ app_begin ] --START--
INFO: Run Behavior\ReadHtmlCacheBehavior [ RunTime:0.000315s ]
SQL: SHOW COLUMNS FROM `wx_config` [ RunTime:0.0005s ]
SQL: SELECT * FROM `wx_config` WHERE `id` = 1 LIMIT 1   [ RunTime:0.0002s ]
INFO: Run Common\Behaviors\AppBeginBehavior [ RunTime:0.374526s ]
INFO: [ app_begin ] --END-- [ RunTime:0.374939s ]
NOTIC: [2] session_start(): open(/var/lib/php/session/sess_cske6ui1ec0s9qhjo8efsjfor7, O_RDWR) failed: Permission denied (13) /var/www/wechat/ThinkPHP/Common/functions.php 第 1263 行.
ERR: 无法加载控制器:Entry

[ 2017-04-20T14:57:00+08:00 ] 140.205.201.39 /admin/
INFO: [ app_init ] --START--
INFO: Run Behavior\BuildLiteBehavior [ RunTime:0.000011s ]
INFO: [ app_init ] --END-- [ RunTime:0.000253s ]
INFO: [ app_begin ] --START--
INFO: Run Behavior\ReadHtmlCacheBehavior [ RunTime:0.000298s ]
SQL: SHOW COLUMNS FROM `wx_config` [ RunTime:0.0005s ]
SQL: SELECT * FROM `wx_config` WHERE `id` = 1 LIMIT 1   [ RunTime:0.0002s ]
INFO: Run Common\Behaviors\AppBeginBehavior [ RunTime:0.007792s ]
INFO: [ app_begin ] --END-- [ RunTime:0.008147s ]
NOTIC: [2] session_start(): open(/var/lib/php/session/sess_2dol113dm3mc1dufspr1mrd3p4, O_RDWR) failed: Permission denied (13) /var/www/wechat/ThinkPHP/Common/functions.php 第 1263 行.
ERR: 无法加载控制器:Entry

